[2019-6-12 10:00:07] [MASTER STARTUP] pid: 1068 -> NodeServer version: 3.4.0
[2019-6-12 10:00:11] [WORKER STARTUP] pid: 9224 -> port: 5000
[2019-6-12 10:10:42] [MASTER STARTUP] pid: 12804 -> NodeServer version: 3.4.2
[2019-6-12 10:10:45] [WORKER STARTUP] pid: 8276 -> port: 5000
[2019-6-12 10:11:07] [REQUEST] pid: 8276 -> C:\
[2019-6-12 10:11:07] [ERROR] pid: 8276 -> EBUSY: resource busy or locked, stat 'C:\hiberfil.sys'
[2019-6-12 10:11:07] [ERROR] pid: 8276 -> EBUSY: resource busy or locked, stat 'C:\pagefile.sys'
[2019-6-12 10:11:07] [ERROR] pid: 8276 -> EPERM: operation not permitted, stat 'C:\Recovery'
[2019-6-12 10:11:07] [ERROR] pid: 8276 -> EBUSY: resource busy or locked, stat 'C:\swapfile.sys'
[2019-6-12 10:11:07] [ERROR] pid: 8276 -> EPERM: operation not permitted, stat 'C:\System Volume Information'
[2019-6-12 10:11:07] [RES_DIR] pid: 8276 -> C:\
[2019-6-12 10:11:08] [REQUEST] pid: 8276 -> C:\favicon.ico
[2019-6-12 10:11:08] [RES_CACHE] pid: 8276 -> C:\LUO\develop\node-server\public\favicon.ico
[2019-6-12 10:11:20] [MASTER STARTUP] pid: 1460 -> NodeServer version: 3.4.2
[2019-6-12 10:11:23] [WORKER STARTUP] pid: 7340 -> port: 5000
[2019-6-12 10:11:28] [REQUEST] pid: 7340 -> C:\
[2019-6-12 10:11:28] [ERROR] pid: 7340 -> EBUSY: resource busy or locked, stat 'C:\hiberfil.sys'
[2019-6-12 10:11:28] [ERROR] pid: 7340 -> EBUSY: resource busy or locked, stat 'C:\pagefile.sys'
[2019-6-12 10:11:28] [ERROR] pid: 7340 -> EPERM: operation not permitted, stat 'C:\Recovery'
[2019-6-12 10:11:28] [ERROR] pid: 7340 -> EBUSY: resource busy or locked, stat 'C:\swapfile.sys'
[2019-6-12 10:11:28] [ERROR] pid: 7340 -> EPERM: operation not permitted, stat 'C:\System Volume Information'
[2019-6-12 10:11:28] [RES_DIR] pid: 7340 -> C:\
[2019-6-12 10:11:28] [REQUEST] pid: 7340 -> C:\favicon.ico
[2019-6-12 10:11:28] [RES_FILE] pid: 7340 -> C:\LUO\develop\node-server\public\favicon.ico
