[2019-6-19 17:09:14] [4360] [WORKER STARTUP] -> port: 5000
[2019-6-19 17:09:21] [4360] [REQUEST] -> C:\
[2019-6-19 17:09:21] [4360] [RES_DIR] -> C:\
[2019-6-19 17:09:22] [4360] [REQUEST] -> C:\LUO\
[2019-6-19 17:09:22] [4360] [RES_DIR] -> C:\LUO\
[2019-6-19 17:09:23] [4360] [REQUEST] -> C:\LUO\develop\
[2019-6-19 17:09:23] [4360] [RES_DIR] -> C:\LUO\develop\
[2019-6-19 17:09:24] [4360] [REQUEST] -> C:\LUO\develop\node-server\
[2019-6-19 17:09:24] [4360] [RES_DIR] -> C:\LUO\develop\node-server\
[2019-6-19 17:09:26] [4360] [REQUEST] -> C:\LUO\develop\node-server\public\
[2019-6-19 17:09:26] [4360] [RES_DIR] -> C:\LUO\develop\node-server\public\
[2019-6-19 17:09:27] [4360] [REQUEST] -> C:\LUO\develop\node-server\public\test.html
[2019-6-19 17:09:27] [4360] [RES_ZIP] -> C:\LUO\develop\node-server\public\test.html
[2019-6-19 17:10:59] [4360] [REQUEST] -> C:\LUO\develop\node-server\public\test.html
[2019-6-19 17:10:59] [4360] [RES_CACHE] -> C:\LUO\develop\node-server\public\test.html
[2019-6-19 17:10:59] [4360] [REQUEST] -> C:\favicon.ico
[2019-6-19 17:10:59] [4360] [RES_FILE] -> c:\LUO\develop\node-server\public\favicon.ico
[2019-6-19 17:11:22] [4360] [REQUEST] -> C:\LUO\develop\node-server\public\test.html
[2019-6-19 17:11:22] [4360] [RES_ZIP] -> C:\LUO\develop\node-server\public\test.html
[2019-6-19 17:14:16] [4360] [REQUEST] -> C:\LUO\develop\node-server\public\test.html
[2019-6-19 17:14:16] [4360] [RES_ZIP] -> C:\LUO\develop\node-server\public\test.html
[2019-6-19 17:14:16] [4360] [REQUEST] -> C:\favicon.ico
[2019-6-19 17:14:16] [4360] [RES_FILE] -> c:\LUO\develop\node-server\public\favicon.ico
[2019-6-19 17:14:17] [4360] [REQUEST] -> C:\LUO\develop\node-server\public\test.html
[2019-6-19 17:14:17] [4360] [RES_ZIP] -> C:\LUO\develop\node-server\public\test.html
[2019-6-19 17:14:17] [4360] [REQUEST] -> C:\favicon.ico
[2019-6-19 17:14:17] [4360] [RES_FILE] -> c:\LUO\develop\node-server\public\favicon.ico
[2019-6-19 17:14:29] [4360] [REQUEST] -> C:\api\upfiles
[2019-6-19 17:15:11] [4832] [WORKER STARTUP] -> port: 5000
[2019-6-19 17:15:16] [4832] [REQUEST] -> C:\LUO\develop\node-server\public\test.html
[2019-6-19 17:15:16] [4832] [RES_ZIP] -> C:\LUO\develop\node-server\public\test.html
[2019-6-19 17:15:16] [4832] [REQUEST] -> C:\favicon.ico
[2019-6-19 17:15:16] [4832] [RES_FILE] -> c:\LUO\develop\node-server\public\favicon.ico
[2019-6-19 17:15:20] [4832] [REQUEST] -> C:\api\upfiles
[2019-6-19 17:16:13] [12320] [WORKER STARTUP] -> port: 5000
[2019-6-19 17:16:17] [12320] [REQUEST] -> C:\api\upfiles
[2019-6-19 17:16:17] [12320] [REQUEST] -> C:\favicon.ico
[2019-6-19 17:16:17] [12320] [RES_FILE] -> c:\LUO\develop\node-server\public\favicon.ico
[2019-6-19 17:16:26] [12320] [REQUEST] -> C:\LUO\develop\node-server\public\test.html
[2019-6-19 17:16:26] [12320] [RES_ZIP] -> C:\LUO\develop\node-server\public\test.html
[2019-6-19 17:16:26] [12320] [REQUEST] -> C:\favicon.ico
[2019-6-19 17:16:26] [12320] [RES_FILE] -> c:\LUO\develop\node-server\public\favicon.ico
[2019-6-19 17:16:32] [12320] [REQUEST] -> C:\api\upfiles
[2019-6-19 17:19:41] [12320] [REQUEST] -> C:\LUO\develop\node-server\public\test.html
[2019-6-19 17:19:41] [12320] [RES_ZIP] -> C:\LUO\develop\node-server\public\test.html
[2019-6-19 17:19:41] [12320] [REQUEST] -> C:\favicon.ico
[2019-6-19 17:19:41] [12320] [RES_FILE] -> c:\LUO\develop\node-server\public\favicon.ico
[2019-6-19 17:19:46] [12320] [REQUEST] -> C:\api\upfiles
[2019-6-19 17:20:56] [12320] [REQUEST] -> C:\LUO\develop\node-server\public\test.html
[2019-6-19 17:20:56] [12320] [RES_ZIP] -> C:\LUO\develop\node-server\public\test.html
[2019-6-19 17:20:56] [12320] [REQUEST] -> C:\favicon.ico
[2019-6-19 17:20:56] [12320] [RES_FILE] -> c:\LUO\develop\node-server\public\favicon.ico
[2019-6-19 17:21:01] [12320] [REQUEST] -> C:\api\upfiles
[2019-6-19 17:21:25] [12320] [REQUEST] -> C:\LUO\develop\node-server\public\test.html
[2019-6-19 17:21:25] [12320] [RES_ZIP] -> C:\LUO\develop\node-server\public\test.html
[2019-6-19 17:21:25] [12320] [REQUEST] -> C:\favicon.ico
[2019-6-19 17:21:25] [12320] [RES_FILE] -> c:\LUO\develop\node-server\public\favicon.ico
[2019-6-19 17:21:59] [12740] [WORKER STARTUP] -> port: 5000
[2019-6-19 17:22:02] [12740] [REQUEST] -> C:\LUO\develop\node-server\public\test.html
[2019-6-19 17:22:02] [12740] [RES_CACHE] -> C:\LUO\develop\node-server\public\test.html
[2019-6-19 17:22:02] [12740] [REQUEST] -> C:\favicon.ico
[2019-6-19 17:22:02] [12740] [RES_FILE] -> c:\LUO\develop\node-server\public\favicon.ico
[2019-6-19 17:22:07] [12740] [REQUEST] -> C:\api\upfiles
[2019-6-19 17:23:10] [12740] [REQUEST] -> C:\LUO\develop\node-server\public\test.html
[2019-6-19 17:23:10] [12740] [RES_ZIP] -> C:\LUO\develop\node-server\public\test.html
[2019-6-19 17:23:10] [12740] [REQUEST] -> C:\favicon.ico
[2019-6-19 17:23:10] [12740] [RES_FILE] -> c:\LUO\develop\node-server\public\favicon.ico
[2019-6-19 17:23:17] [12740] [REQUEST] -> C:\api\upfiles
[2019-6-19 17:30:56] [8172] [WORKER STARTUP] -> port: 5000
[2019-6-19 17:30:59] [8172] [REQUEST] -> C:\LUO\develop\node-server\public\test.html
[2019-6-19 17:30:59] [8172] [RES_ZIP] -> C:\LUO\develop\node-server\public\test.html
[2019-6-19 17:30:59] [8172] [REQUEST] -> C:\favicon.ico
[2019-6-19 17:30:59] [8172] [RES_FILE] -> c:\LUO\develop\node-server\public\favicon.ico
[2019-6-19 17:31:04] [8172] [REQUEST] -> C:\api\upfiles
[2019-6-19 17:35:59] [7688] [WORKER STARTUP] -> port: 5000
[2019-6-19 17:36:03] [7688] [REQUEST] -> C:\LUO\develop\node-server\public\test.html
[2019-6-19 17:36:03] [7688] [RES_CACHE] -> C:\LUO\develop\node-server\public\test.html
[2019-6-19 17:36:03] [7688] [REQUEST] -> C:\favicon.ico
[2019-6-19 17:36:03] [7688] [RES_FILE] -> c:\LUO\develop\node-server\public\favicon.ico
[2019-6-19 17:36:25] [7688] [REQUEST] -> C:\api\upfiles
[2019-6-19 17:37:09] [7912] [WORKER STARTUP] -> port: 5000
[2019-6-19 17:37:18] [7912] [REQUEST] -> C:\api\upfiles
[2019-6-19 17:37:49] [14160] [WORKER STARTUP] -> port: 5000
[2019-6-19 17:37:52] [14160] [REQUEST] -> C:\api\upfiles
[2019-6-19 17:39:30] [5628] [WORKER STARTUP] -> port: 5000
[2019-6-19 17:39:33] [5628] [REQUEST] -> C:\api\upfiles
[2019-6-19 17:39:38] [5628] [REQUEST] -> C:\api\upfiles
[2019-6-19 17:40:03] [5628] [REQUEST] -> C:\LUO\develop\node-server\public\test.html
[2019-6-19 17:40:03] [5628] [RES_CACHE] -> C:\LUO\develop\node-server\public\test.html
[2019-6-19 17:40:03] [5628] [REQUEST] -> C:\favicon.ico
[2019-6-19 17:40:03] [5628] [RES_FILE] -> c:\LUO\develop\node-server\public\favicon.ico
[2019-6-19 17:40:08] [5628] [REQUEST] -> C:\api\upfiles
[2019-6-19 17:44:06] [12892] [WORKER STARTUP] -> port: 5000
[2019-6-19 17:44:09] [12892] [REQUEST] -> C:\api\upfiles
[2019-6-19 17:45:47] [2472] [WORKER STARTUP] -> port: 5000
[2019-6-19 17:45:50] [2472] [REQUEST] -> C:\api\upfiles
[2019-6-19 17:52:22] [13696] [WORKER STARTUP] -> port: 5000
[2019-6-19 17:52:25] [13696] [REQUEST] -> C:\api\upfiles
[2019-6-19 17:55:12] [6424] [WORKER STARTUP] -> port: 5000
[2019-6-19 17:55:16] [6424] [REQUEST] -> C:\LUO\develop\node-server\public\test.html
[2019-6-19 17:55:16] [6424] [RES_CACHE] -> C:\LUO\develop\node-server\public\test.html
[2019-6-19 17:55:16] [6424] [REQUEST] -> C:\favicon.ico
[2019-6-19 17:55:16] [6424] [RES_FILE] -> c:\LUO\develop\node-server\public\favicon.ico
[2019-6-19 17:55:20] [6424] [REQUEST] -> C:\api\upfiles
