[2019-8-16 20:53:40] [11592] [WORKER_STARTUP] -> port: 5000
[2019-8-16 20:54:12] [5024] [WORKER_STARTUP] -> port: 5000
[2019-8-16 20:54:14] [5024] [RES_FILE] -> d:\develop\nicest\public\favicon.ico
[2019-8-16 21:06:11] [13536] [WORKER_STARTUP] -> port: 5000
[2019-8-16 21:09:08] [14496] [WORKER_STARTUP] -> port: 5000
[2019-8-16 21:09:10] [14496] [RES_FILE] -> d:\develop\nicest\public\favicon.ico
[2019-8-16 21:09:37] [9268] [WORKER_STARTUP] -> port: 5000
[2019-8-16 21:09:38] [9268] [RES_FILE] -> d:\develop\nicest\public\favicon.ico
[2019-8-16 21:13:54] [4704] [WORKER_STARTUP] -> port: 5000
[2019-8-16 21:13:56] [4704] [RES_404] -> C:\dwqdwq
[2019-8-16 21:13:56] [4704] [RES_FILE] -> d:\develop\nicest\public\favicon.ico
[2019-8-16 21:13:58] [4704] [RES_DIR] -> C:\
[2019-8-16 21:14:03] [4704] [RES_404] -> C:\proxy
[2019-8-16 21:15:07] [16284] [WORKER_STARTUP] -> port: 5000
[2019-8-16 21:15:37] [3064] [WORKER_STARTUP] -> port: 5000
[2019-8-16 21:16:42] [15264] [WORKER_STARTUP] -> port: 5000
[2019-8-16 21:16:45] [15264] [RES_FILE] -> d:\develop\nicest\public\favicon.ico
[2019-8-16 21:17:07] [15264] [RES_404] -> C:\prwq
[2019-8-16 21:17:08] [15264] [RES_DIR] -> C:\
[2019-8-16 21:18:39] [7932] [WORKER_STARTUP] -> port: 5000
[2019-8-16 21:22:34] [3608] [WORKER_STARTUP] -> port: 5000
[2019-8-16 21:22:37] [3608] [RES_FILE] -> d:\develop\nicest\public\favicon.ico
[2019-8-16 21:25:28] [792] [WORKER_STARTUP] -> port: 5000
[2019-8-16 21:26:52] [2324] [WORKER_STARTUP] -> port: 5000
[2019-8-16 21:26:54] [2324] [RES_FILE] -> d:\develop\nicest\public\favicon.ico
[2019-8-16 21:27:08] [10972] [WORKER_STARTUP] -> port: 5000
[2019-8-16 21:28:41] [15924] [WORKER_STARTUP] -> port: 5000
[2019-8-16 21:28:42] [15924] [RES_FILE] -> d:\develop\nicest\public\favicon.ico
[2019-8-16 21:30:34] [1976] [WORKER_STARTUP] -> port: 5000
[2019-8-16 21:30:38] [1976] [RES_FILE] -> d:\develop\nicest\public\favicon.ico
[2019-8-16 21:32:00] [4628] [WORKER_STARTUP] -> port: 5000
[2019-8-16 21:32:03] [4628] [RES_FILE] -> d:\develop\nicest\public\favicon.ico
[2019-8-16 21:34:13] [4628] [RES_DIR] -> C:\
[2019-8-16 21:34:23] [14796] [WORKER_STARTUP] -> port: 5000
[2019-8-16 21:34:25] [14796] [RES_DIR] -> D:\
[2019-8-16 21:34:25] [14796] [RES_FILE] -> d:\develop\nicest\public\favicon.ico
[2019-8-16 21:34:27] [14796] [RES_DIR] -> D:\develop\
[2019-8-16 21:34:29] [14796] [RES_DIR] -> D:\develop\nicest\
[2019-8-16 21:34:34] [14796] [RES_DIR] -> D:\develop\nicest\public\
[2019-8-16 21:34:35] [14796] [RES_ZIP] -> D:\develop\nicest\public\test.html
[2019-8-16 21:34:35] [14796] [RES_ZIP] -> D:\develop\nicest\public\ajax.js
[2019-8-16 21:34:39] [14796] [CONTROLLER] -> D:\api\upfiles
[2019-8-16 21:34:43] [14796] [RES_ZIP] -> D:\develop\nicest\public\test.html
[2019-8-16 21:34:43] [14796] [RES_ZIP] -> D:\develop\nicest\public\ajax.js
[2019-8-16 21:37:12] [14796] [RES_ZIP] -> D:\develop\nicest\public\test.html
[2019-8-16 21:37:12] [14796] [RES_ZIP] -> D:\develop\nicest\public\ajax.js
[2019-8-16 21:37:12] [14796] [RES_FILE] -> d:\develop\nicest\public\favicon.ico
[2019-8-16 21:39:01] [3256] [WORKER_STARTUP] -> port: 5000
[2019-8-16 21:39:04] [3256] [RES_ZIP] -> D:\develop\nicest\public\test.html
[2019-8-16 21:39:04] [3256] [RES_ZIP] -> D:\develop\nicest\public\ajax.js
[2019-8-16 21:39:04] [3256] [RES_FILE] -> d:\develop\nicest\public\favicon.ico
[2019-8-16 21:39:27] [4168] [WORKER_STARTUP] -> port: 5000
[2019-8-16 21:40:03] [6208] [WORKER_STARTUP] -> port: 5000
[2019-8-16 21:40:05] [6208] [RES_ZIP] -> D:\develop\nicest\public\test.html
[2019-8-16 21:40:05] [6208] [RES_ZIP] -> D:\develop\nicest\public\ajax.js
[2019-8-16 21:40:05] [6208] [RES_FILE] -> d:\develop\nicest\public\favicon.ico
[2019-8-16 21:40:38] [7076] [WORKER_STARTUP] -> port: 5000
[2019-8-16 21:40:49] [7076] [RES_ZIP] -> D:\develop\nicest\public\test.html
[2019-8-16 21:40:49] [7076] [RES_ZIP] -> D:\develop\nicest\public\ajax.js
[2019-8-16 21:40:49] [7076] [RES_FILE] -> d:\develop\nicest\public\favicon.ico
[2019-8-16 21:41:34] [8924] [WORKER_STARTUP] -> port: 5000
[2019-8-16 21:41:35] [8924] [RES_ZIP] -> D:\develop\nicest\public\test.html
[2019-8-16 21:41:35] [8924] [RES_ZIP] -> D:\develop\nicest\public\ajax.js
[2019-8-16 21:41:35] [8924] [RES_FILE] -> d:\develop\nicest\public\favicon.ico
[2019-8-16 21:41:52] [14312] [WORKER_STARTUP] -> port: 5000
[2019-8-16 21:41:55] [14312] [RES_ZIP] -> D:\develop\nicest\public\test.html
[2019-8-16 21:41:55] [14312] [RES_ZIP] -> D:\develop\nicest\public\ajax.js
[2019-8-16 21:41:55] [14312] [RES_FILE] -> d:\develop\nicest\public\favicon.ico
[2019-8-16 21:42:11] [12256] [WORKER_STARTUP] -> port: 5000
[2019-8-16 21:42:17] [12256] [RES_ZIP] -> D:\develop\nicest\public\test.html
[2019-8-16 21:42:17] [12256] [RES_ZIP] -> D:\develop\nicest\public\ajax.js
[2019-8-16 21:42:17] [12256] [RES_FILE] -> d:\develop\nicest\public\favicon.ico
[2019-8-16 21:45:10] [10412] [WORKER_STARTUP] -> port: 5000
[2019-8-16 21:45:18] [10532] [WORKER_STARTUP] -> port: 5000
[2019-8-16 21:45:22] [10532] [RES_ZIP] -> D:\develop\nicest\public\test.html
[2019-8-16 21:45:22] [10532] [RES_ZIP] -> D:\develop\nicest\public\ajax.js
[2019-8-16 21:45:22] [10532] [RES_FILE] -> d:\develop\nicest\public\favicon.ico
[2019-8-16 21:45:57] [10532] [RES_ZIP] -> D:\develop\nicest\public\test.html
[2019-8-16 21:45:57] [10532] [RES_ZIP] -> D:\develop\nicest\public\ajax.js
[2019-8-16 21:45:58] [10532] [RES_FILE] -> d:\develop\nicest\public\favicon.ico
[2019-8-16 21:46:08] [10532] [RES_ZIP] -> D:\develop\nicest\public\test.html
[2019-8-16 21:46:08] [10532] [RES_ZIP] -> D:\develop\nicest\public\ajax.js
[2019-8-16 21:46:08] [10532] [RES_FILE] -> d:\develop\nicest\public\favicon.ico
[2019-8-16 21:46:28] [10532] [RES_ZIP] -> D:\develop\nicest\public\test.html
[2019-8-16 21:46:28] [10532] [RES_ZIP] -> D:\develop\nicest\public\ajax.js
[2019-8-16 21:46:28] [10532] [RES_FILE] -> d:\develop\nicest\public\favicon.ico
[2019-8-16 21:47:58] [10388] [WORKER_STARTUP] -> port: 5000
[2019-8-16 21:48:04] [10388] [RES_ZIP] -> D:\develop\nicest\public\test.html
[2019-8-16 21:48:04] [10388] [RES_ZIP] -> D:\develop\nicest\public\ajax.js
[2019-8-16 21:48:04] [10388] [RES_FILE] -> d:\develop\nicest\public\favicon.ico
[2019-8-16 21:49:36] [11048] [WORKER_STARTUP] -> port: 5000
[2019-8-16 21:49:39] [11048] [RES_ZIP] -> D:\develop\nicest\public\test.html
[2019-8-16 21:49:39] [11048] [RES_ZIP] -> D:\develop\nicest\public\ajax.js
[2019-8-16 21:49:39] [11048] [RES_FILE] -> d:\develop\nicest\public\favicon.ico
[2019-8-16 21:50:07] [11420] [WORKER_STARTUP] -> port: 5000
[2019-8-16 21:50:09] [11420] [RES_ZIP] -> D:\develop\nicest\public\test.html
[2019-8-16 21:50:09] [11420] [RES_ZIP] -> D:\develop\nicest\public\ajax.js
[2019-8-16 21:50:09] [11420] [RES_FILE] -> d:\develop\nicest\public\favicon.ico
[2019-8-16 21:50:21] [15692] [WORKER_STARTUP] -> port: 5000
[2019-8-16 21:51:01] [4160] [WORKER_STARTUP] -> port: 5000
[2019-8-16 21:51:04] [4160] [RES_ZIP] -> D:\develop\nicest\public\test.html
[2019-8-16 21:51:04] [4160] [RES_ZIP] -> D:\develop\nicest\public\ajax.js
[2019-8-16 21:51:04] [4160] [RES_FILE] -> d:\develop\nicest\public\favicon.ico
[2019-8-16 21:52:08] [9996] [WORKER_STARTUP] -> port: 5000
[2019-8-16 21:52:10] [9996] [RES_ZIP] -> D:\develop\nicest\public\test.html
[2019-8-16 21:52:10] [9996] [RES_ZIP] -> D:\develop\nicest\public\ajax.js
[2019-8-16 21:52:10] [9996] [RES_FILE] -> d:\develop\nicest\public\favicon.ico
[2019-8-16 21:52:20] [3624] [WORKER_STARTUP] -> port: 5000
[2019-8-16 21:52:23] [3624] [RES_ZIP] -> D:\develop\nicest\public\test.html
[2019-8-16 21:52:23] [3624] [RES_ZIP] -> D:\develop\nicest\public\ajax.js
[2019-8-16 21:52:24] [3624] [RES_FILE] -> d:\develop\nicest\public\favicon.ico
[2019-8-16 21:53:02] [8004] [WORKER_STARTUP] -> port: 5000
[2019-8-16 21:53:04] [8004] [RES_ZIP] -> D:\develop\nicest\public\test.html
[2019-8-16 21:53:04] [8004] [RES_ZIP] -> D:\develop\nicest\public\ajax.js
[2019-8-16 21:53:04] [8004] [RES_FILE] -> d:\develop\nicest\public\favicon.ico
[2019-8-16 21:54:31] [16224] [WORKER_STARTUP] -> port: 5000
[2019-8-16 21:54:34] [16224] [RES_ZIP] -> D:\develop\nicest\public\test.html
[2019-8-16 21:54:34] [16224] [RES_ZIP] -> D:\develop\nicest\public\ajax.js
[2019-8-16 21:54:34] [16224] [RES_FILE] -> d:\develop\nicest\public\favicon.ico
[2019-8-16 21:55:05] [3256] [WORKER_STARTUP] -> port: 5000
[2019-8-16 21:55:07] [3256] [RES_ZIP] -> D:\develop\nicest\public\test.html
[2019-8-16 21:55:07] [3256] [RES_ZIP] -> D:\develop\nicest\public\ajax.js
[2019-8-16 21:55:07] [3256] [RES_FILE] -> d:\develop\nicest\public\favicon.ico
[2019-8-16 21:55:40] [2732] [WORKER_STARTUP] -> port: 5000
[2019-8-16 21:55:42] [2732] [RES_ZIP] -> D:\develop\nicest\public\test.html
[2019-8-16 21:55:42] [2732] [RES_ZIP] -> D:\develop\nicest\public\ajax.js
[2019-8-16 21:55:42] [2732] [RES_FILE] -> d:\develop\nicest\public\favicon.ico
[2019-8-16 21:56:13] [15560] [WORKER_STARTUP] -> port: 5000
[2019-8-16 21:56:15] [15560] [RES_ZIP] -> D:\develop\nicest\public\test.html
[2019-8-16 21:56:15] [15560] [RES_ZIP] -> D:\develop\nicest\public\ajax.js
[2019-8-16 21:56:15] [15560] [RES_FILE] -> d:\develop\nicest\public\favicon.ico
[2019-8-16 21:56:25] [2284] [WORKER_STARTUP] -> port: 5000
[2019-8-16 21:56:27] [2284] [RES_ZIP] -> D:\develop\nicest\public\test.html
[2019-8-16 21:56:27] [2284] [RES_ZIP] -> D:\develop\nicest\public\ajax.js
[2019-8-16 21:56:27] [2284] [RES_FILE] -> d:\develop\nicest\public\favicon.ico
[2019-8-16 21:57:10] [11256] [WORKER_STARTUP] -> port: 5000
[2019-8-16 21:57:11] [11256] [RES_ZIP] -> D:\develop\nicest\public\test.html
[2019-8-16 21:57:11] [11256] [RES_ZIP] -> D:\develop\nicest\public\ajax.js
[2019-8-16 21:57:11] [11256] [RES_FILE] -> d:\develop\nicest\public\favicon.ico
[2019-8-16 21:57:47] [11256] [RES_ZIP] -> D:\develop\nicest\public\test.html
[2019-8-16 21:57:47] [11256] [RES_ZIP] -> D:\develop\nicest\public\ajax.js
[2019-8-16 21:57:47] [11256] [RES_FILE] -> d:\develop\nicest\public\favicon.ico
[2019-8-16 21:59:52] [1016] [WORKER_STARTUP] -> port: 5000
[2019-8-16 21:59:54] [1016] [RES_ZIP] -> D:\develop\nicest\public\test.html
[2019-8-16 21:59:54] [1016] [RES_ZIP] -> D:\develop\nicest\public\ajax.js
[2019-8-16 21:59:55] [1016] [RES_FILE] -> d:\develop\nicest\public\favicon.ico
[2019-8-16 22:00:02] [1016] [RES_ZIP] -> D:\develop\nicest\public\test.html
[2019-8-16 22:00:02] [1016] [RES_ZIP] -> D:\develop\nicest\public\ajax.js
[2019-8-16 22:00:02] [1016] [RES_FILE] -> d:\develop\nicest\public\favicon.ico
[2019-8-16 22:11:49] [4920] [WORKER_STARTUP] -> port: 5000
[2019-8-16 22:11:49] [4920] [RES_DIR] -> D:\
[2019-8-16 22:12:13] [4920] [RES_DIR] -> D:\develop\
[2019-8-16 22:12:15] [4920] [RES_DIR] -> D:\develop\nicest\
[2019-8-16 22:12:17] [4920] [RES_DIR] -> D:\develop\nicest\public\
[2019-8-16 22:12:18] [4920] [RES_ZIP] -> D:\develop\nicest\public\test.html
[2019-8-16 22:12:18] [4920] [RES_ZIP] -> D:\develop\nicest\public\ajax.js
[2019-8-16 22:12:28] [4920] [RES_ZIP] -> D:\develop\nicest\public\test.html
[2019-8-16 22:12:29] [4920] [RES_ZIP] -> D:\develop\nicest\public\ajax.js
[2019-8-16 22:12:29] [4920] [RES_FILE] -> d:\develop\nicest\public\favicon.ico
[2019-8-16 22:13:11] [16220] [WORKER_STARTUP] -> port: 5000
[2019-8-16 22:13:13] [16220] [RES_ZIP] -> D:\develop\nicest\public\test.html
[2019-8-16 22:13:13] [16220] [RES_ZIP] -> D:\develop\nicest\public\ajax.js
[2019-8-16 22:13:13] [16220] [RES_FILE] -> d:\develop\nicest\public\favicon.ico
[2019-8-16 22:13:21] [1732] [WORKER_STARTUP] -> port: 5000
[2019-8-16 22:13:59] [15452] [WORKER_STARTUP] -> port: 5000
[2019-8-16 22:14:00] [15452] [RES_ZIP] -> D:\develop\nicest\public\test.html
[2019-8-16 22:14:00] [15452] [RES_ZIP] -> D:\develop\nicest\public\ajax.js
[2019-8-16 22:14:00] [15452] [RES_FILE] -> d:\develop\nicest\public\favicon.ico
[2019-8-16 22:14:58] [1932] [WORKER_STARTUP] -> port: 5000
[2019-8-16 22:17:35] [13580] [WORKER_STARTUP] -> port: 5000
[2019-8-16 22:17:45] [7000] [WORKER_STARTUP] -> port: 5000
[2019-8-16 22:17:47] [7000] [RES_ZIP] -> D:\develop\nicest\public\test.html
[2019-8-16 22:17:47] [7000] [RES_ZIP] -> D:\develop\nicest\public\ajax.js
[2019-8-16 22:17:47] [7000] [RES_FILE] -> d:\develop\nicest\public\favicon.ico
[2019-8-16 22:18:44] [15876] [WORKER_STARTUP] -> port: 5000
[2019-8-16 22:19:02] [11512] [WORKER_STARTUP] -> port: 5000
[2019-8-16 22:19:04] [11512] [RES_ZIP] -> D:\develop\nicest\public\test.html
[2019-8-16 22:19:04] [11512] [RES_ZIP] -> D:\develop\nicest\public\ajax.js
[2019-8-16 22:19:04] [11512] [RES_FILE] -> d:\develop\nicest\public\favicon.ico
[2019-8-16 22:20:14] [7496] [WORKER_STARTUP] -> port: 5000
[2019-8-16 22:20:16] [7496] [RES_ZIP] -> D:\develop\nicest\public\test.html
[2019-8-16 22:20:16] [7496] [RES_ZIP] -> D:\develop\nicest\public\ajax.js
[2019-8-16 22:20:16] [7496] [RES_FILE] -> d:\develop\nicest\public\favicon.ico
[2019-8-16 22:21:08] [13580] [WORKER_STARTUP] -> port: 5000
[2019-8-16 22:21:12] [13580] [RES_ZIP] -> D:\develop\nicest\public\test.html
[2019-8-16 22:21:12] [13580] [RES_ZIP] -> D:\develop\nicest\public\ajax.js
[2019-8-16 22:21:12] [13580] [RES_FILE] -> d:\develop\nicest\public\favicon.ico
