[2019-8-4 13:41:12] [10096] [WORKER_STARTUP] -> port: 5000
[2019-8-4 13:41:16] [10096] [RES_DIR] -> C:\
[2019-8-4 13:45:14] [10096] [RES_FILE] -> C:\bootmgr
[2019-8-4 13:45:26] [10096] [RES_DIR] -> C:\$RECYCLE.BIN\
[2019-8-4 13:45:31] [10096] [RES_FILE] -> C:\BOOTNXT
[2019-8-4 13:45:36] [10096] [RES_404] -> C:\hiberfil.sys
[2019-8-4 13:46:29] [10096] [RES_404] -> C:\System Volume Information\
[2019-8-4 13:46:39] [10096] [RES_DIR] -> C:\Users\
[2019-8-4 13:46:45] [10096] [RES_404] -> C:\System Volume Information\
[2019-8-4 13:47:03] [10096] [RES_DIR] -> C:\$RECYCLE.BIN\
[2019-8-4 13:47:04] [10096] [RES_DIR] -> C:\$RECYCLE.BIN\S-1-5-18\
[2019-8-4 13:47:05] [10096] [RES_FILE] -> C:\$RECYCLE.BIN\S-1-5-18\desktop.ini
[2019-8-4 13:47:10] [10096] [RES_DIR] -> C:\$RECYCLE.BIN\S-1-5-21-1842293989-3296119805-285198932-500\
[2019-8-4 13:47:11] [10096] [RES_FILE] -> C:\$RECYCLE.BIN\S-1-5-21-1842293989-3296119805-285198932-500\$IB82332
[2019-8-4 13:47:17] [10096] [RES_FILE] -> C:\$RECYCLE.BIN\S-1-5-21-1842293989-3296119805-285198932-500\desktop.ini
[2019-8-4 14:40:17] [2268] [WORKER_STARTUP] -> port: 5000
[2019-8-4 14:40:20] [2268] [RES_DIR] -> C:\
[2019-8-4 14:40:20] [2268] [RES_FILE] -> d:\develop\nicest\public\favicon.ico
[2019-8-4 14:40:33] [2268] [RES_404] -> C:\dqw
[2019-8-4 14:41:11] [9712] [WORKER_STARTUP] -> port: 5000
[2019-8-4 14:41:15] [9712] [REDIRECT] -> C:\ -> /login
[2019-8-4 14:41:24] [9712] [REDIRECT] -> C:\getToken -> /
[2019-8-4 14:41:24] [9712] [RES_DIR] -> C:\
[2019-8-4 14:41:48] [2396] [WORKER_STARTUP] -> port: 5000
[2019-8-4 14:41:50] [2396] [REDIRECT] -> D:\ -> /login
[2019-8-4 14:41:53] [2396] [REDIRECT] -> D:\getToken -> /
[2019-8-4 14:41:53] [2396] [RES_DIR] -> D:\
[2019-8-4 14:41:55] [2396] [RES_DIR] -> D:\develop\
[2019-8-4 14:41:59] [2396] [RES_DIR] -> D:\develop\nicest\
[2019-8-4 14:42:03] [2396] [RES_ZIP] -> D:\develop\nicest\docs\index.html
[2019-8-4 14:42:03] [2396] [RES_ZIP] -> D:\develop\nicest\docs\assets\css\main.css
[2019-8-4 14:42:03] [2396] [RES_ZIP] -> D:\develop\nicest\docs\assets\js\main.js
[2019-8-4 14:42:03] [2396] [RES_FILE] -> D:\develop\nicest\docs\assets\images\widgets@2x.png
[2019-8-4 14:42:03] [2396] [RES_FILE] -> D:\develop\nicest\docs\assets\images\icons@2x.png
[2019-8-4 14:42:40] [2716] [MASTER_STARTUP] -> Nicest version: 4.0.0
[2019-8-4 14:42:44] [3012] [WORKER_STARTUP] -> port: 5000
[2019-8-4 14:42:44] [4712] [WORKER_STARTUP] -> port: 5000
[2019-8-4 14:42:44] [9288] [WORKER_STARTUP] -> port: 5000
[2019-8-4 14:42:44] [4072] [WORKER_STARTUP] -> port: 5000
[2019-8-4 14:43:23] [4072] [REDIRECT] -> D:\api\restart -> /login
[2019-8-4 14:43:29] [4072] [REDIRECT] -> D:\getToken -> /login
[2019-8-4 14:43:35] [4072] [REDIRECT] -> D:\getToken -> /
[2019-8-4 14:43:35] [4072] [RES_DIR] -> D:\
[2019-8-4 14:43:39] [4072] [CONTROLLER] -> D:\api\restart
[2019-8-4 14:43:49] [4072] [WORKET_EXIT] -> restart
[2019-8-4 14:43:50] [6812] [WORKER_STARTUP] -> port: 5000
[2019-8-4 14:43:51] [4712] [WORKET_EXIT] -> restart
[2019-8-4 14:43:52] [1780] [WORKER_STARTUP] -> port: 5000
[2019-8-4 14:43:53] [3012] [WORKET_EXIT] -> restart
[2019-8-4 14:43:55] [3592] [WORKER_STARTUP] -> port: 5000
[2019-8-4 14:43:55] [9288] [WORKET_EXIT] -> restart
[2019-8-4 14:43:56] [10232] [WORKER_STARTUP] -> port: 5000
[2019-8-4 14:44:47] [5764] [MASTER_STARTUP] -> Nicest version: 4.0.0
[2019-8-4 14:44:47] [4712] [WORKER_STARTUP] -> port: 5000
[2019-8-4 14:44:47] [3324] [WORKER_STARTUP] -> port: 5000
[2019-8-4 14:44:47] [7420] [WORKER_STARTUP] -> port: 5000
[2019-8-4 14:44:47] [6316] [WORKER_STARTUP] -> port: 5000
[2019-8-4 14:44:53] [7420] [REDIRECT] -> D:\api\restart -> /login
[2019-8-4 14:44:59] [7420] [REDIRECT] -> D:\getToken -> /
[2019-8-4 14:44:59] [7420] [RES_DIR] -> D:\
[2019-8-4 14:45:04] [7420] [CONTROLLER] -> D:\api\restart
[2019-8-4 14:45:14] [3324] [WORKET_EXIT] -> restart
[2019-8-4 14:45:14] [8704] [WORKER_STARTUP] -> port: 5000
[2019-8-4 14:45:16] [7420] [WORKET_EXIT] -> restart
[2019-8-4 14:45:16] [5236] [WORKER_STARTUP] -> port: 5000
[2019-8-4 14:45:18] [6316] [WORKET_EXIT] -> restart
[2019-8-4 14:45:18] [4936] [WORKER_STARTUP] -> port: 5000
[2019-8-4 14:45:20] [4712] [WORKET_EXIT] -> restart
[2019-8-4 14:45:20] [1908] [WORKER_STARTUP] -> port: 5000
[2019-8-4 14:45:37] [1908] [REDIRECT] -> D:\api\restart -> /login
[2019-8-4 14:45:44] [4936] [REDIRECT] -> D:\getToken -> /
[2019-8-4 14:45:44] [4936] [RES_DIR] -> D:\
[2019-8-4 14:45:54] [4936] [CONTROLLER] -> D:\api\restart
[2019-8-4 14:46:04] [8704] [WORKET_EXIT] -> restart
[2019-8-4 14:46:04] [4144] [WORKER_STARTUP] -> port: 5000
[2019-8-4 14:46:06] [5236] [WORKET_EXIT] -> restart
[2019-8-4 14:46:06] [4968] [WORKER_STARTUP] -> port: 5000
[2019-8-4 14:46:08] [4936] [WORKET_EXIT] -> restart
[2019-8-4 14:46:08] [4420] [WORKER_STARTUP] -> port: 5000
[2019-8-4 14:46:10] [1908] [WORKET_EXIT] -> restart
[2019-8-4 14:46:10] [8972] [WORKER_STARTUP] -> port: 5000
[2019-8-4 14:46:14] [8972] [REDIRECT] -> D:\api\restart -> /login
[2019-8-4 14:46:18] [8972] [REDIRECT] -> D:\getToken -> /
[2019-8-4 14:46:18] [8972] [RES_DIR] -> D:\
[2019-8-4 14:46:21] [8972] [RES_DIR] -> D:\develop\
[2019-8-4 14:46:24] [8972] [RES_DIR] -> D:\develop\hoke\
[2019-8-4 14:46:28] [8972] [RES_FILE] -> D:\develop\hoke\main.c
[2019-8-4 14:46:34] [8972] [RES_DIR] -> D:\develop\hoke\
[2019-8-4 14:46:38] [8972] [RES_DIR] -> D:\develop\nicest\
[2019-8-4 14:46:44] [8972] [RES_CACHE] -> D:\develop\nicest\docs\index.html
[2019-8-4 14:46:44] [8972] [RES_FILE] -> D:\develop\nicest\public\favicon.ico
[2019-8-4 14:46:51] [8972] [RES_ZIP] -> D:\develop\nicest\docs\classes\download.html
[2019-8-4 14:48:55] [2776] [MASTER_STARTUP] -> Nicest version: 4.0.0
[2019-8-4 14:48:55] [740] [WORKER_STARTUP] -> port: 5000
[2019-8-4 14:48:55] [304] [WORKER_STARTUP] -> port: 5000
[2019-8-4 14:48:55] [800] [WORKER_STARTUP] -> port: 5000
[2019-8-4 14:48:55] [1156] [WORKER_STARTUP] -> port: 5000
[2019-8-4 14:49:00] [8924] [MASTER_STARTUP] -> Nicest version: 4.0.0
[2019-8-4 14:49:00] [3732] [WORKER_STARTUP] -> port: 5000
[2019-8-4 14:49:00] [9400] [WORKER_STARTUP] -> port: 5000
[2019-8-4 14:49:00] [3844] [WORKER_STARTUP] -> port: 5000
[2019-8-4 14:49:00] [3500] [WORKER_STARTUP] -> port: 5000
[2019-8-4 14:49:16] [8040] [MASTER_STARTUP] -> Nicest version: 4.0.0
[2019-8-4 14:49:16] [2024] [WORKER_STARTUP] -> port: 5000
[2019-8-4 14:49:16] [7968] [WORKER_STARTUP] -> port: 5000
[2019-8-4 14:49:16] [2716] [WORKER_STARTUP] -> port: 5000
[2019-8-4 14:49:16] [3716] [WORKER_STARTUP] -> port: 5000
