[2019-6-20 11:31:13] [3552] [WORKER STARTUP] -> port: 5000
[2019-6-20 11:31:17] [3552] [REQUEST] -> C:\
[2019-6-20 11:31:17] [3552] [RES_DIR] -> C:\
[2019-6-20 11:31:20] [3552] [REQUEST] -> C:\LUO\
[2019-6-20 11:31:20] [3552] [RES_DIR] -> C:\LUO\
[2019-6-20 11:31:20] [3552] [REQUEST] -> C:\LUO\develop\
[2019-6-20 11:31:20] [3552] [RES_DIR] -> C:\LUO\develop\
[2019-6-20 11:31:21] [3552] [REQUEST] -> C:\LUO\develop\node-server\
[2019-6-20 11:31:21] [3552] [RES_DIR] -> C:\LUO\develop\node-server\
[2019-6-20 11:31:24] [3552] [REQUEST] -> C:\LUO\develop\node-server\public\
[2019-6-20 11:31:24] [3552] [RES_DIR] -> C:\LUO\develop\node-server\public\
[2019-6-20 11:31:25] [3552] [REQUEST] -> C:\LUO\develop\node-server\public\test.html
[2019-6-20 11:31:25] [3552] [RES_ZIP] -> C:\LUO\develop\node-server\public\test.html
[2019-6-20 11:31:51] [9772] [WORKER STARTUP] -> port: 5000
[2019-6-20 11:31:53] [9772] [REQUEST] -> C:\LUO\develop\node-server\public\test.html
[2019-6-20 11:31:53] [9772] [RES_CACHE] -> C:\LUO\develop\node-server\public\test.html
[2019-6-20 11:31:53] [9772] [REQUEST] -> C:\favicon.ico
[2019-6-20 11:31:53] [9772] [RES_FILE] -> c:\LUO\develop\node-server\public\favicon.ico
[2019-6-20 11:31:59] [9772] [REQUEST] -> C:\api\upfiles
[2019-6-20 11:32:36] [3528] [WORKER STARTUP] -> port: 5000
[2019-6-20 11:32:39] [3528] [REQUEST] -> C:\api\upfiles
[2019-6-20 11:33:42] [12720] [WORKER STARTUP] -> port: 5000
[2019-6-20 11:33:47] [12720] [REQUEST] -> C:\api\upfiles
[2019-6-20 11:37:09] [5280] [WORKER STARTUP] -> port: 5000
[2019-6-20 11:37:12] [5280] [REQUEST] -> C:\api\upfiles
[2019-6-20 11:37:24] [11440] [WORKER STARTUP] -> port: 5000
[2019-6-20 11:37:26] [11440] [REQUEST] -> C:\api\upfiles
[2019-6-20 11:44:23] [12324] [WORKER STARTUP] -> port: 5000
[2019-6-20 11:44:27] [12324] [REQUEST] -> C:\api\upfiles
[2019-6-20 11:47:04] [12604] [WORKER STARTUP] -> port: 5000
[2019-6-20 11:47:06] [12604] [REQUEST] -> C:\api\upfiles
[2019-6-20 11:50:16] [9936] [WORKER STARTUP] -> port: 5000
[2019-6-20 11:50:18] [9936] [REQUEST] -> C:\api\upfiles
[2019-6-20 11:52:10] [4604] [WORKER STARTUP] -> port: 5000
[2019-6-20 11:52:14] [4604] [REQUEST] -> C:\api\upfiles
[2019-6-20 13:46:16] [14164] [WORKER STARTUP] -> port: 5000
[2019-6-20 13:46:18] [14164] [REQUEST] -> C:\LUO\develop\node-server\public\test.html
[2019-6-20 13:46:18] [14164] [RES_ZIP] -> C:\LUO\develop\node-server\public\test.html
[2019-6-20 13:46:18] [14164] [REQUEST] -> C:\favicon.ico
[2019-6-20 13:46:18] [14164] [RES_FILE] -> c:\LUO\develop\node-server\public\favicon.ico
[2019-6-20 13:46:55] [13636] [WORKER STARTUP] -> port: 5000
[2019-6-20 13:46:58] [13636] [REQUEST] -> C:\LUO\develop\node-server\public\test.html
[2019-6-20 13:46:58] [13636] [RES_ZIP] -> C:\LUO\develop\node-server\public\test.html
[2019-6-20 13:46:58] [13636] [REQUEST] -> C:\favicon.ico
[2019-6-20 13:46:58] [13636] [RES_FILE] -> c:\LUO\develop\node-server\public\favicon.ico
[2019-6-20 13:47:46] [13636] [REQUEST] -> C:\LUO\develop\node-server\public\test.html
[2019-6-20 13:47:46] [13636] [RES_ZIP] -> C:\LUO\develop\node-server\public\test.html
[2019-6-20 13:47:46] [13636] [REQUEST] -> C:\favicon.ico
[2019-6-20 13:47:46] [13636] [RES_FILE] -> c:\LUO\develop\node-server\public\favicon.ico
[2019-6-20 13:51:12] [13636] [REQUEST] -> C:\LUO\develop\node-server\public\test.html
[2019-6-20 13:51:12] [13636] [RES_ZIP] -> C:\LUO\develop\node-server\public\test.html
[2019-6-20 13:51:12] [13636] [REQUEST] -> C:\favicon.ico
[2019-6-20 13:51:12] [13636] [RES_FILE] -> c:\LUO\develop\node-server\public\favicon.ico
[2019-6-20 13:51:51] [13636] [REQUEST] -> C:\LUO\develop\node-server\public\test.html
[2019-6-20 13:51:51] [13636] [RES_ZIP] -> C:\LUO\develop\node-server\public\test.html
[2019-6-20 13:51:51] [13636] [REQUEST] -> C:\favicon.ico
[2019-6-20 13:51:51] [13636] [RES_FILE] -> c:\LUO\develop\node-server\public\favicon.ico
[2019-6-20 13:54:02] [13636] [REQUEST] -> C:\LUO\develop\node-server\public\test.html
[2019-6-20 13:54:02] [13636] [RES_ZIP] -> C:\LUO\develop\node-server\public\test.html
[2019-6-20 13:54:02] [13636] [REQUEST] -> C:\favicon.ico
[2019-6-20 13:54:02] [13636] [RES_FILE] -> c:\LUO\develop\node-server\public\favicon.ico
[2019-6-20 13:54:37] [13636] [REQUEST] -> C:\LUO\develop\node-server\public\test.html
[2019-6-20 13:54:37] [13636] [RES_ZIP] -> C:\LUO\develop\node-server\public\test.html
[2019-6-20 13:54:37] [13636] [REQUEST] -> C:\favicon.ico
[2019-6-20 13:54:37] [13636] [RES_FILE] -> c:\LUO\develop\node-server\public\favicon.ico
[2019-6-20 13:57:41] [13636] [REQUEST] -> C:\LUO\develop\node-server\public\test.html
[2019-6-20 13:57:41] [13636] [RES_ZIP] -> C:\LUO\develop\node-server\public\test.html
[2019-6-20 13:57:41] [13636] [REQUEST] -> C:\favicon.ico
[2019-6-20 13:57:41] [13636] [RES_FILE] -> c:\LUO\develop\node-server\public\favicon.ico
[2019-6-20 13:58:05] [13636] [REQUEST] -> C:\LUO\develop\node-server\public\test.html
[2019-6-20 13:58:05] [13636] [RES_ZIP] -> C:\LUO\develop\node-server\public\test.html
[2019-6-20 13:58:05] [13636] [REQUEST] -> C:\favicon.ico
[2019-6-20 13:58:05] [13636] [RES_FILE] -> c:\LUO\develop\node-server\public\favicon.ico
[2019-6-20 13:58:14] [13636] [REQUEST] -> C:\LUO\develop\node-server\public\test.html
[2019-6-20 13:58:14] [13636] [RES_ZIP] -> C:\LUO\develop\node-server\public\test.html
[2019-6-20 13:58:14] [13636] [REQUEST] -> C:\favicon.ico
[2019-6-20 13:58:14] [13636] [RES_FILE] -> c:\LUO\develop\node-server\public\favicon.ico
[2019-6-20 13:58:50] [13636] [REQUEST] -> C:\LUO\develop\node-server\public\test.html
[2019-6-20 13:58:50] [13636] [RES_ZIP] -> C:\LUO\develop\node-server\public\test.html
[2019-6-20 13:58:50] [13636] [REQUEST] -> C:\favicon.ico
[2019-6-20 13:58:50] [13636] [RES_FILE] -> c:\LUO\develop\node-server\public\favicon.ico
[2019-6-20 13:59:13] [13636] [REQUEST] -> C:\LUO\develop\node-server\public\test.html
[2019-6-20 13:59:13] [13636] [RES_ZIP] -> C:\LUO\develop\node-server\public\test.html
[2019-6-20 13:59:13] [13636] [REQUEST] -> C:\favicon.ico
[2019-6-20 13:59:13] [13636] [RES_FILE] -> c:\LUO\develop\node-server\public\favicon.ico
[2019-6-20 14:00:36] [13636] [REQUEST] -> C:\LUO\develop\node-server\public\test.html
[2019-6-20 14:00:36] [13636] [RES_ZIP] -> C:\LUO\develop\node-server\public\test.html
[2019-6-20 14:00:36] [13636] [REQUEST] -> C:\favicon.ico
[2019-6-20 14:00:36] [13636] [RES_FILE] -> c:\LUO\develop\node-server\public\favicon.ico
[2019-6-20 14:03:07] [13636] [REQUEST] -> C:\LUO\develop\node-server\public\test.html
[2019-6-20 14:03:07] [13636] [RES_ZIP] -> C:\LUO\develop\node-server\public\test.html
[2019-6-20 14:03:07] [13636] [REQUEST] -> C:\favicon.ico
[2019-6-20 14:03:07] [13636] [RES_FILE] -> c:\LUO\develop\node-server\public\favicon.ico
[2019-6-20 14:05:11] [13636] [REQUEST] -> C:\LUO\develop\node-server\public\test.html
[2019-6-20 14:05:11] [13636] [RES_ZIP] -> C:\LUO\develop\node-server\public\test.html
[2019-6-20 14:05:12] [13636] [REQUEST] -> C:\LUO\develop\node-server\public\ajax.js
[2019-6-20 14:05:12] [13636] [RES_ZIP] -> C:\LUO\develop\node-server\public\ajax.js
[2019-6-20 14:05:12] [13636] [REQUEST] -> C:\favicon.ico
[2019-6-20 14:05:12] [13636] [RES_FILE] -> c:\LUO\develop\node-server\public\favicon.ico
[2019-6-20 14:05:25] [13636] [REQUEST] -> C:\api\upfiles
[2019-6-20 14:06:43] [13636] [REQUEST] -> C:\LUO\develop\node-server\public\test.html
[2019-6-20 14:06:43] [13636] [RES_ZIP] -> C:\LUO\develop\node-server\public\test.html
[2019-6-20 14:06:43] [13636] [REQUEST] -> C:\LUO\develop\node-server\public\ajax.js
[2019-6-20 14:06:43] [13636] [RES_ZIP] -> C:\LUO\develop\node-server\public\ajax.js
[2019-6-20 14:06:43] [13636] [REQUEST] -> C:\favicon.ico
[2019-6-20 14:06:43] [13636] [RES_FILE] -> c:\LUO\develop\node-server\public\favicon.ico
[2019-6-20 14:06:53] [13636] [REQUEST] -> C:\api\upfiles
[2019-6-20 14:09:36] [4448] [WORKER STARTUP] -> port: 5000
[2019-6-20 14:09:39] [4448] [REQUEST] -> C:\LUO\develop\node-server\public\test.html
[2019-6-20 14:09:39] [4448] [RES_ZIP] -> C:\LUO\develop\node-server\public\test.html
[2019-6-20 14:09:39] [4448] [REQUEST] -> C:\LUO\develop\node-server\public\ajax.js
[2019-6-20 14:09:39] [4448] [RES_ZIP] -> C:\LUO\develop\node-server\public\ajax.js
[2019-6-20 14:09:39] [4448] [REQUEST] -> C:\favicon.ico
[2019-6-20 14:09:39] [4448] [RES_FILE] -> c:\LUO\develop\node-server\public\favicon.ico
[2019-6-20 14:09:47] [4448] [REQUEST] -> C:\api\upfiles
[2019-6-20 14:12:33] [2688] [WORKER STARTUP] -> port: 5000
[2019-6-20 14:12:38] [2688] [REQUEST] -> C:\LUO\develop\node-server\public\test.html
[2019-6-20 14:12:38] [2688] [RES_ZIP] -> C:\LUO\develop\node-server\public\test.html
[2019-6-20 14:12:38] [2688] [REQUEST] -> C:\LUO\develop\node-server\public\ajax.js
[2019-6-20 14:12:38] [2688] [RES_ZIP] -> C:\LUO\develop\node-server\public\ajax.js
[2019-6-20 14:12:38] [2688] [REQUEST] -> C:\favicon.ico
[2019-6-20 14:12:38] [2688] [RES_FILE] -> c:\LUO\develop\node-server\public\favicon.ico
[2019-6-20 14:12:41] [2688] [REQUEST] -> C:\api\upfiles
[2019-6-20 14:13:51] [1920] [WORKER STARTUP] -> port: 5000
[2019-6-20 14:13:54] [1920] [REQUEST] -> C:\api\upfiles
[2019-6-20 14:17:19] [1920] [REQUEST] -> C:\LUO\develop\node-server\public\test.html
[2019-6-20 14:17:19] [1920] [RES_ZIP] -> C:\LUO\develop\node-server\public\test.html
[2019-6-20 14:17:19] [1920] [REQUEST] -> C:\LUO\develop\node-server\public\ajax.js
[2019-6-20 14:17:19] [1920] [RES_ZIP] -> C:\LUO\develop\node-server\public\ajax.js
[2019-6-20 14:17:19] [1920] [REQUEST] -> C:\favicon.ico
[2019-6-20 14:17:19] [1920] [RES_FILE] -> c:\LUO\develop\node-server\public\favicon.ico
[2019-6-20 14:17:22] [1920] [REQUEST] -> C:\api\upfiles
[2019-6-20 14:18:15] [6228] [WORKER STARTUP] -> port: 5000
[2019-6-20 14:18:18] [6228] [REQUEST] -> C:\api\upfiles
[2019-6-20 14:18:53] [6228] [REQUEST] -> C:\LUO\develop\node-server\public\test.html
[2019-6-20 14:18:53] [6228] [RES_ZIP] -> C:\LUO\develop\node-server\public\test.html
[2019-6-20 14:18:53] [6228] [REQUEST] -> C:\LUO\develop\node-server\public\ajax.js
[2019-6-20 14:18:53] [6228] [RES_ZIP] -> C:\LUO\develop\node-server\public\ajax.js
[2019-6-20 14:18:53] [6228] [REQUEST] -> C:\favicon.ico
[2019-6-20 14:18:53] [6228] [RES_FILE] -> c:\LUO\develop\node-server\public\favicon.ico
[2019-6-20 14:19:00] [6228] [REQUEST] -> C:\api\upfiles
[2019-6-20 14:20:06] [6228] [REQUEST] -> C:\LUO\develop\node-server\public\test.html
[2019-6-20 14:20:06] [6228] [RES_ZIP] -> C:\LUO\develop\node-server\public\test.html
[2019-6-20 14:20:06] [6228] [REQUEST] -> C:\LUO\develop\node-server\public\ajax.js
[2019-6-20 14:20:06] [6228] [RES_ZIP] -> C:\LUO\develop\node-server\public\ajax.js
[2019-6-20 14:20:06] [6228] [REQUEST] -> C:\favicon.ico
[2019-6-20 14:20:06] [6228] [RES_FILE] -> c:\LUO\develop\node-server\public\favicon.ico
[2019-6-20 14:20:10] [6228] [REQUEST] -> C:\api\upfiles
[2019-6-20 14:21:48] [6228] [REQUEST] -> C:\LUO\develop\node-server\public\test.html
[2019-6-20 14:21:48] [6228] [RES_ZIP] -> C:\LUO\develop\node-server\public\test.html
[2019-6-20 14:21:48] [6228] [REQUEST] -> C:\LUO\develop\node-server\public\ajax.js
[2019-6-20 14:21:48] [6228] [RES_ZIP] -> C:\LUO\develop\node-server\public\ajax.js
[2019-6-20 14:21:49] [6228] [REQUEST] -> C:\LUO\develop\node-server\public\test.html
[2019-6-20 14:21:49] [6228] [RES_ZIP] -> C:\LUO\develop\node-server\public\test.html
[2019-6-20 14:21:49] [6228] [REQUEST] -> C:\LUO\develop\node-server\public\ajax.js
[2019-6-20 14:21:49] [6228] [RES_ZIP] -> C:\LUO\develop\node-server\public\ajax.js
[2019-6-20 14:21:49] [6228] [REQUEST] -> C:\favicon.ico
[2019-6-20 14:21:49] [6228] [RES_FILE] -> c:\LUO\develop\node-server\public\favicon.ico
[2019-6-20 14:21:56] [6228] [REQUEST] -> C:\api\upfiles
[2019-6-20 14:22:29] [10900] [WORKER STARTUP] -> port: 5000
[2019-6-20 14:22:32] [10900] [REQUEST] -> C:\api\upfiles
[2019-6-20 14:22:41] [10900] [REQUEST] -> C:\LUO\develop\node-server\public\test.html
[2019-6-20 14:22:41] [10900] [RES_ZIP] -> C:\LUO\develop\node-server\public\test.html
[2019-6-20 14:22:41] [10900] [REQUEST] -> C:\LUO\develop\node-server\public\ajax.js
[2019-6-20 14:22:41] [10900] [RES_ZIP] -> C:\LUO\develop\node-server\public\ajax.js
[2019-6-20 14:22:44] [10900] [REQUEST] -> C:\api\upfiles
[2019-6-20 14:23:42] [10900] [REQUEST] -> C:\LUO\develop\node-server\public\test.html
[2019-6-20 14:23:42] [10900] [RES_ZIP] -> C:\LUO\develop\node-server\public\test.html
[2019-6-20 14:23:42] [10900] [REQUEST] -> C:\LUO\develop\node-server\public\ajax.js
[2019-6-20 14:23:42] [10900] [RES_ZIP] -> C:\LUO\develop\node-server\public\ajax.js
[2019-6-20 14:23:42] [10900] [REQUEST] -> C:\favicon.ico
[2019-6-20 14:23:42] [10900] [RES_FILE] -> c:\LUO\develop\node-server\public\favicon.ico
[2019-6-20 14:23:48] [10900] [REQUEST] -> C:\api\upfiles
[2019-6-20 14:24:39] [10900] [REQUEST] -> C:\api\upfiles
[2019-6-20 14:25:36] [10900] [REQUEST] -> C:\LUO\develop\node-server\public\test.html
[2019-6-20 14:25:36] [10900] [RES_ZIP] -> C:\LUO\develop\node-server\public\test.html
[2019-6-20 14:25:36] [10900] [REQUEST] -> C:\LUO\develop\node-server\public\ajax.js
[2019-6-20 14:25:36] [10900] [RES_ZIP] -> C:\LUO\develop\node-server\public\ajax.js
[2019-6-20 14:25:37] [10900] [REQUEST] -> C:\LUO\develop\node-server\public\test.html
[2019-6-20 14:25:37] [10900] [RES_ZIP] -> C:\LUO\develop\node-server\public\test.html
[2019-6-20 14:25:37] [10900] [REQUEST] -> C:\LUO\develop\node-server\public\ajax.js
[2019-6-20 14:25:37] [10900] [RES_ZIP] -> C:\LUO\develop\node-server\public\ajax.js
[2019-6-20 14:25:37] [10900] [REQUEST] -> C:\favicon.ico
[2019-6-20 14:25:37] [10900] [RES_FILE] -> c:\LUO\develop\node-server\public\favicon.ico
[2019-6-20 14:25:44] [10900] [REQUEST] -> C:\api\upfiles
[2019-6-20 14:27:28] [10900] [REQUEST] -> C:\LUO\develop\node-server\public\test.html
[2019-6-20 14:27:28] [10900] [RES_ZIP] -> C:\LUO\develop\node-server\public\test.html
[2019-6-20 14:27:28] [10900] [REQUEST] -> C:\LUO\develop\node-server\public\ajax.js
[2019-6-20 14:27:28] [10900] [RES_ZIP] -> C:\LUO\develop\node-server\public\ajax.js
[2019-6-20 14:27:28] [10900] [REQUEST] -> C:\favicon.ico
[2019-6-20 14:27:28] [10900] [RES_FILE] -> c:\LUO\develop\node-server\public\favicon.ico
[2019-6-20 14:27:33] [5784] [WORKER STARTUP] -> port: 5000
[2019-6-20 14:27:40] [5784] [REQUEST] -> C:\api\upfiles
[2019-6-20 14:28:11] [5784] [REQUEST] -> C:\LUO\develop\node-server\public\test.html
[2019-6-20 14:28:11] [5784] [RES_ZIP] -> C:\LUO\develop\node-server\public\test.html
[2019-6-20 14:28:11] [5784] [REQUEST] -> C:\LUO\develop\node-server\public\ajax.js
[2019-6-20 14:28:11] [5784] [RES_ZIP] -> C:\LUO\develop\node-server\public\ajax.js
[2019-6-20 14:28:11] [5784] [REQUEST] -> C:\favicon.ico
[2019-6-20 14:28:11] [5784] [RES_FILE] -> c:\LUO\develop\node-server\public\favicon.ico
[2019-6-20 14:28:16] [5784] [REQUEST] -> C:\api\upfiles
[2019-6-20 14:29:45] [5784] [REQUEST] -> C:\LUO\develop\node-server\public\test.html
[2019-6-20 14:29:45] [5784] [RES_ZIP] -> C:\LUO\develop\node-server\public\test.html
[2019-6-20 14:29:45] [5784] [REQUEST] -> C:\LUO\develop\node-server\public\ajax.js
[2019-6-20 14:29:45] [5784] [RES_ZIP] -> C:\LUO\develop\node-server\public\ajax.js
[2019-6-20 14:29:45] [5784] [REQUEST] -> C:\favicon.ico
[2019-6-20 14:29:45] [5784] [RES_FILE] -> c:\LUO\develop\node-server\public\favicon.ico
[2019-6-20 14:29:48] [5784] [REQUEST] -> C:\api\upfiles
[2019-6-20 14:31:54] [5784] [REQUEST] -> C:\LUO\develop\node-server\public\test.html
[2019-6-20 14:31:54] [5784] [RES_ZIP] -> C:\LUO\develop\node-server\public\test.html
[2019-6-20 14:31:54] [5784] [REQUEST] -> C:\LUO\develop\node-server\public\ajax.js
[2019-6-20 14:31:54] [5784] [RES_ZIP] -> C:\LUO\develop\node-server\public\ajax.js
[2019-6-20 14:31:54] [5784] [REQUEST] -> C:\favicon.ico
[2019-6-20 14:31:54] [5784] [RES_FILE] -> c:\LUO\develop\node-server\public\favicon.ico
[2019-6-20 14:31:57] [5784] [REQUEST] -> C:\api\upfiles
[2019-6-20 14:33:10] [5784] [REQUEST] -> C:\LUO\develop\node-server\public\
[2019-6-20 14:33:10] [5784] [RES_DIR] -> C:\LUO\develop\node-server\public\
[2019-6-20 14:33:12] [5784] [REQUEST] -> C:\LUO\develop\node-server\public\test.html
[2019-6-20 14:33:12] [5784] [RES_ZIP] -> C:\LUO\develop\node-server\public\test.html
[2019-6-20 14:33:12] [5784] [REQUEST] -> C:\LUO\develop\node-server\public\ajax.js
[2019-6-20 14:33:12] [5784] [RES_ZIP] -> C:\LUO\develop\node-server\public\ajax.js
[2019-6-20 14:33:19] [5784] [REQUEST] -> C:\api\upfiles
[2019-6-20 14:33:24] [5784] [REQUEST] -> C:\LUO\develop\node-server\public\test.html
[2019-6-20 14:33:24] [5784] [RES_ZIP] -> C:\LUO\develop\node-server\public\test.html
[2019-6-20 14:33:24] [5784] [REQUEST] -> C:\LUO\develop\node-server\public\ajax.js
[2019-6-20 14:33:24] [5784] [RES_ZIP] -> C:\LUO\develop\node-server\public\ajax.js
[2019-6-20 14:33:25] [5784] [REQUEST] -> C:\api\upfiles
[2019-6-20 14:34:09] [5784] [REQUEST] -> C:\LUO\develop\node-server\public\test.html
[2019-6-20 14:34:09] [5784] [RES_ZIP] -> C:\LUO\develop\node-server\public\test.html
[2019-6-20 14:34:09] [5784] [REQUEST] -> C:\LUO\develop\node-server\public\ajax.js
[2019-6-20 14:34:09] [5784] [RES_ZIP] -> C:\LUO\develop\node-server\public\ajax.js
[2019-6-20 14:34:09] [5784] [REQUEST] -> C:\favicon.ico
[2019-6-20 14:34:09] [5784] [RES_FILE] -> c:\LUO\develop\node-server\public\favicon.ico
[2019-6-20 14:34:15] [5784] [REQUEST] -> C:\api\upfiles
[2019-6-20 14:34:44] [5784] [REQUEST] -> C:\LUO\develop\node-server\public\test.html
[2019-6-20 14:34:44] [5784] [RES_ZIP] -> C:\LUO\develop\node-server\public\test.html
[2019-6-20 14:34:44] [5784] [REQUEST] -> C:\LUO\develop\node-server\public\ajax.js
[2019-6-20 14:34:44] [5784] [RES_ZIP] -> C:\LUO\develop\node-server\public\ajax.js
[2019-6-20 14:34:44] [5784] [REQUEST] -> C:\favicon.ico
[2019-6-20 14:34:44] [5784] [RES_FILE] -> c:\LUO\develop\node-server\public\favicon.ico
[2019-6-20 14:34:48] [5784] [REQUEST] -> C:\api\upfiles
[2019-6-20 14:36:18] [5784] [REQUEST] -> C:\LUO\develop\node-server\public\test.html
[2019-6-20 14:36:18] [5784] [RES_ZIP] -> C:\LUO\develop\node-server\public\test.html
[2019-6-20 14:36:18] [5784] [REQUEST] -> C:\LUO\develop\node-server\public\ajax.js
[2019-6-20 14:36:18] [5784] [RES_ZIP] -> C:\LUO\develop\node-server\public\ajax.js
[2019-6-20 14:36:18] [5784] [REQUEST] -> C:\favicon.ico
[2019-6-20 14:36:18] [5784] [RES_FILE] -> c:\LUO\develop\node-server\public\favicon.ico
[2019-6-20 14:36:32] [5784] [REQUEST] -> C:\LUO\develop\node-server\public\test.html
[2019-6-20 14:36:32] [5784] [RES_ZIP] -> C:\LUO\develop\node-server\public\test.html
[2019-6-20 14:36:32] [5784] [REQUEST] -> C:\LUO\develop\node-server\public\ajax.js
[2019-6-20 14:36:32] [5784] [RES_ZIP] -> C:\LUO\develop\node-server\public\ajax.js
[2019-6-20 14:36:32] [5784] [REQUEST] -> C:\favicon.ico
[2019-6-20 14:36:32] [5784] [RES_FILE] -> c:\LUO\develop\node-server\public\favicon.ico
[2019-6-20 14:36:42] [5784] [REQUEST] -> C:\LUO\develop\node-server\public\test.html
[2019-6-20 14:36:42] [5784] [RES_ZIP] -> C:\LUO\develop\node-server\public\test.html
[2019-6-20 14:36:42] [5784] [REQUEST] -> C:\LUO\develop\node-server\public\ajax.js
[2019-6-20 14:36:42] [5784] [RES_ZIP] -> C:\LUO\develop\node-server\public\ajax.js
[2019-6-20 14:36:42] [5784] [REQUEST] -> C:\favicon.ico
[2019-6-20 14:36:42] [5784] [RES_FILE] -> c:\LUO\develop\node-server\public\favicon.ico
[2019-6-20 14:36:42] [5784] [REQUEST] -> C:\api\post
[2019-6-20 14:37:04] [5784] [REQUEST] -> C:\LUO\develop\node-server\public\test.html
[2019-6-20 14:37:04] [5784] [RES_ZIP] -> C:\LUO\develop\node-server\public\test.html
[2019-6-20 14:37:04] [5784] [REQUEST] -> C:\LUO\develop\node-server\public\ajax.js
[2019-6-20 14:37:04] [5784] [RES_ZIP] -> C:\LUO\develop\node-server\public\ajax.js
[2019-6-20 14:37:04] [5784] [REQUEST] -> C:\favicon.ico
[2019-6-20 14:37:04] [5784] [RES_FILE] -> c:\LUO\develop\node-server\public\favicon.ico
[2019-6-20 14:37:04] [5784] [REQUEST] -> C:\api\post
[2019-6-20 14:37:17] [5784] [REQUEST] -> C:\LUO\develop\node-server\public\test.html
[2019-6-20 14:37:17] [5784] [RES_ZIP] -> C:\LUO\develop\node-server\public\test.html
[2019-6-20 14:37:17] [5784] [REQUEST] -> C:\LUO\develop\node-server\public\ajax.js
[2019-6-20 14:37:17] [5784] [RES_ZIP] -> C:\LUO\develop\node-server\public\ajax.js
[2019-6-20 14:37:17] [5784] [REQUEST] -> C:\favicon.ico
[2019-6-20 14:37:17] [5784] [RES_FILE] -> c:\LUO\develop\node-server\public\favicon.ico
[2019-6-20 14:37:17] [5784] [REQUEST] -> C:\api\post
[2019-6-20 14:39:30] [5784] [REQUEST] -> C:\LUO\develop\node-server\public\test.html
[2019-6-20 14:39:30] [5784] [RES_ZIP] -> C:\LUO\develop\node-server\public\test.html
[2019-6-20 14:39:30] [5784] [REQUEST] -> C:\LUO\develop\node-server\public\ajax.js
[2019-6-20 14:39:30] [5784] [RES_ZIP] -> C:\LUO\develop\node-server\public\ajax.js
[2019-6-20 14:39:30] [5784] [REQUEST] -> C:\favicon.ico
[2019-6-20 14:39:30] [5784] [RES_FILE] -> c:\LUO\develop\node-server\public\favicon.ico
[2019-6-20 14:39:40] [5784] [REQUEST] -> C:\api\upfiles
[2019-6-20 14:40:08] [5784] [REQUEST] -> C:\LUO\develop\node-server\public\test.html
[2019-6-20 14:40:08] [5784] [RES_ZIP] -> C:\LUO\develop\node-server\public\test.html
[2019-6-20 14:40:08] [5784] [REQUEST] -> C:\LUO\develop\node-server\public\ajax.js
[2019-6-20 14:40:08] [5784] [RES_ZIP] -> C:\LUO\develop\node-server\public\ajax.js
[2019-6-20 14:40:08] [5784] [REQUEST] -> C:\favicon.ico
[2019-6-20 14:40:08] [5784] [RES_FILE] -> c:\LUO\develop\node-server\public\favicon.ico
[2019-6-20 14:40:11] [5784] [REQUEST] -> C:\api\upfiles
[2019-6-20 14:40:16] [5784] [REQUEST] -> C:\LUO\develop\node-server\public\test.html
[2019-6-20 14:40:16] [5784] [RES_ZIP] -> C:\LUO\develop\node-server\public\test.html
[2019-6-20 14:40:16] [5784] [REQUEST] -> C:\LUO\develop\node-server\public\ajax.js
[2019-6-20 14:40:16] [5784] [RES_ZIP] -> C:\LUO\develop\node-server\public\ajax.js
[2019-6-20 14:40:16] [5784] [REQUEST] -> C:\favicon.ico
[2019-6-20 14:40:16] [5784] [RES_FILE] -> c:\LUO\develop\node-server\public\favicon.ico
[2019-6-20 14:40:23] [5784] [REQUEST] -> C:\api\upfiles
[2019-6-20 14:40:39] [5784] [REQUEST] -> C:\LUO\develop\node-server\public\test.html
[2019-6-20 14:40:39] [5784] [RES_ZIP] -> C:\LUO\develop\node-server\public\test.html
[2019-6-20 14:40:39] [5784] [REQUEST] -> C:\LUO\develop\node-server\public\ajax.js
[2019-6-20 14:40:39] [5784] [RES_ZIP] -> C:\LUO\develop\node-server\public\ajax.js
[2019-6-20 14:40:39] [5784] [REQUEST] -> C:\favicon.ico
[2019-6-20 14:40:39] [5784] [RES_FILE] -> c:\LUO\develop\node-server\public\favicon.ico
[2019-6-20 14:40:48] [5784] [REQUEST] -> C:\LUO\develop\node-server\public\test.html
[2019-6-20 14:40:48] [5784] [RES_ZIP] -> C:\LUO\develop\node-server\public\test.html
[2019-6-20 14:40:48] [5784] [REQUEST] -> C:\LUO\develop\node-server\public\ajax.js
[2019-6-20 14:40:48] [5784] [RES_ZIP] -> C:\LUO\develop\node-server\public\ajax.js
[2019-6-20 14:40:48] [5784] [REQUEST] -> C:\favicon.ico
[2019-6-20 14:40:48] [5784] [RES_FILE] -> c:\LUO\develop\node-server\public\favicon.ico
[2019-6-20 14:40:51] [5784] [REQUEST] -> C:\api\upfiles
[2019-6-20 14:42:01] [5784] [REQUEST] -> C:\LUO\develop\node-server\public\test.html
[2019-6-20 14:42:01] [5784] [RES_ZIP] -> C:\LUO\develop\node-server\public\test.html
[2019-6-20 14:42:01] [5784] [REQUEST] -> C:\LUO\develop\node-server\public\ajax.js
[2019-6-20 14:42:02] [5784] [RES_ZIP] -> C:\LUO\develop\node-server\public\ajax.js
[2019-6-20 14:42:02] [5784] [REQUEST] -> C:\favicon.ico
[2019-6-20 14:42:02] [5784] [RES_FILE] -> c:\LUO\develop\node-server\public\favicon.ico
[2019-6-20 14:42:09] [5784] [REQUEST] -> C:\api\upfiles
[2019-6-20 14:42:24] [5784] [REQUEST] -> C:\api\upfiles
[2019-6-20 14:42:55] [11268] [WORKER STARTUP] -> port: 5000
[2019-6-20 14:42:56] [11268] [REQUEST] -> C:\LUO\develop\node-server\public\test.html
[2019-6-20 14:42:56] [11268] [RES_ZIP] -> C:\LUO\develop\node-server\public\test.html
[2019-6-20 14:42:56] [11268] [REQUEST] -> C:\LUO\develop\node-server\public\ajax.js
[2019-6-20 14:42:56] [11268] [RES_ZIP] -> C:\LUO\develop\node-server\public\ajax.js
[2019-6-20 14:42:56] [11268] [REQUEST] -> C:\favicon.ico
[2019-6-20 14:42:56] [11268] [RES_FILE] -> c:\LUO\develop\node-server\public\favicon.ico
[2019-6-20 14:42:57] [11268] [REQUEST] -> C:\api\post
[2019-6-20 14:43:09] [11268] [REQUEST] -> C:\LUO\develop\node-server\public\test.html
[2019-6-20 14:43:09] [11268] [RES_CACHE] -> C:\LUO\develop\node-server\public\test.html
[2019-6-20 14:43:09] [11268] [REQUEST] -> C:\favicon.ico
[2019-6-20 14:43:09] [11268] [RES_FILE] -> c:\LUO\develop\node-server\public\favicon.ico
[2019-6-20 14:43:10] [11268] [REQUEST] -> C:\api\post
[2019-6-20 14:43:12] [11268] [REQUEST] -> C:\LUO\develop\node-server\public\test.html
[2019-6-20 14:43:12] [11268] [RES_ZIP] -> C:\LUO\develop\node-server\public\test.html
[2019-6-20 14:43:12] [11268] [REQUEST] -> C:\LUO\develop\node-server\public\ajax.js
[2019-6-20 14:43:12] [11268] [RES_ZIP] -> C:\LUO\develop\node-server\public\ajax.js
[2019-6-20 14:43:12] [11268] [REQUEST] -> C:\favicon.ico
[2019-6-20 14:43:12] [11268] [RES_FILE] -> c:\LUO\develop\node-server\public\favicon.ico
[2019-6-20 14:43:14] [11268] [REQUEST] -> C:\api\post
[2019-6-20 14:44:37] [4460] [WORKER STARTUP] -> port: 5000
[2019-6-20 14:44:48] [4460] [REQUEST] -> C:\api\upfiles
[2019-6-20 14:44:53] [4460] [REQUEST] -> C:\LUO\develop\node-server\public\test.html
[2019-6-20 14:44:53] [4460] [RES_ZIP] -> C:\LUO\develop\node-server\public\test.html
[2019-6-20 14:44:53] [4460] [REQUEST] -> C:\favicon.ico
[2019-6-20 14:44:53] [4460] [RES_FILE] -> c:\LUO\develop\node-server\public\favicon.ico
[2019-6-20 14:44:59] [4460] [REQUEST] -> C:\LUO\develop\node-server\public\test.html
[2019-6-20 14:44:59] [4460] [RES_ZIP] -> C:\LUO\develop\node-server\public\test.html
[2019-6-20 14:44:59] [4460] [REQUEST] -> C:\LUO\develop\node-server\public\ajax.js
[2019-6-20 14:44:59] [4460] [RES_ZIP] -> C:\LUO\develop\node-server\public\ajax.js
[2019-6-20 14:44:59] [4460] [REQUEST] -> C:\favicon.ico
[2019-6-20 14:44:59] [4460] [RES_FILE] -> c:\LUO\develop\node-server\public\favicon.ico
[2019-6-20 14:45:05] [4460] [REQUEST] -> C:\api\upfiles
[2019-6-20 14:47:14] [4460] [REQUEST] -> C:\LUO\develop\node-server\public\test.html
[2019-6-20 14:47:14] [4460] [RES_ZIP] -> C:\LUO\develop\node-server\public\test.html
[2019-6-20 14:47:14] [4460] [REQUEST] -> C:\LUO\develop\node-server\public\ajax.js
[2019-6-20 14:47:14] [4460] [RES_ZIP] -> C:\LUO\develop\node-server\public\ajax.js
[2019-6-20 14:47:14] [4460] [REQUEST] -> C:\favicon.ico
[2019-6-20 14:47:14] [4460] [RES_FILE] -> c:\LUO\develop\node-server\public\favicon.ico
[2019-6-20 14:47:18] [4460] [REQUEST] -> C:\api\upfiles
[2019-6-20 14:48:08] [4460] [REQUEST] -> C:\api\upfiles
[2019-6-20 14:48:26] [4460] [REQUEST] -> C:\api\upfiles
[2019-6-20 14:50:18] [4460] [REQUEST] -> C:\LUO\develop\node-server\public\test.html
[2019-6-20 14:50:18] [4460] [RES_ZIP] -> C:\LUO\develop\node-server\public\test.html
[2019-6-20 14:50:18] [4460] [REQUEST] -> C:\LUO\develop\node-server\public\ajax.js
[2019-6-20 14:50:18] [4460] [RES_ZIP] -> C:\LUO\develop\node-server\public\ajax.js
[2019-6-20 14:50:18] [4460] [REQUEST] -> C:\favicon.ico
[2019-6-20 14:50:18] [4460] [RES_FILE] -> c:\LUO\develop\node-server\public\favicon.ico
[2019-6-20 14:50:22] [4460] [REQUEST] -> C:\api\upfiles
[2019-6-20 15:03:05] [1992] [WORKER STARTUP] -> port: 5000
[2019-6-20 15:03:08] [1992] [REQUEST] -> C:\
[2019-6-20 15:03:08] [1992] [RES_DIR] -> C:\
[2019-6-20 15:03:10] [1992] [REQUEST] -> C:\LUO\
[2019-6-20 15:03:10] [1992] [RES_DIR] -> C:\LUO\
[2019-6-20 15:03:10] [1992] [REQUEST] -> C:\LUO\develop\
[2019-6-20 15:03:10] [1992] [RES_DIR] -> C:\LUO\develop\
[2019-6-20 15:03:12] [1992] [REQUEST] -> C:\LUO\develop\node-server\
[2019-6-20 15:03:12] [1992] [RES_DIR] -> C:\LUO\develop\node-server\
[2019-6-20 15:03:14] [1992] [REQUEST] -> C:\LUO\develop\node-server\public\
[2019-6-20 15:03:14] [1992] [RES_DIR] -> C:\LUO\develop\node-server\public\
[2019-6-20 15:03:28] [1992] [REQUEST] -> C:\api\upfiles
[2019-6-20 15:04:15] [1992] [REQUEST] -> C:\api\upfiles
[2019-6-20 15:04:57] [8844] [WORKER STARTUP] -> port: 5000
[2019-6-20 15:04:59] [8844] [REQUEST] -> C:\LUO\develop\node-server\public\test.html
[2019-6-20 15:04:59] [8844] [RES_ZIP] -> C:\LUO\develop\node-server\public\test.html
[2019-6-20 15:04:59] [8844] [REQUEST] -> C:\LUO\develop\node-server\public\ajax.js
[2019-6-20 15:04:59] [8844] [RES_ZIP] -> C:\LUO\develop\node-server\public\ajax.js
[2019-6-20 15:04:59] [8844] [REQUEST] -> C:\favicon.ico
[2019-6-20 15:04:59] [8844] [RES_FILE] -> c:\LUO\develop\node-server\public\favicon.ico
[2019-6-20 15:05:07] [8844] [REQUEST] -> C:\api\upfiles
