[2019-9-11 16:23:08] [11236] [WORKER_STARTUP] -> port: 5000
[2019-9-11 16:23:20] [4368] [WORKER_STARTUP] -> port: 5000
[2019-9-11 16:23:23] [4368] [RES_DIR] -> C:\
[2019-9-11 16:23:24] [4368] [RES_FILE] -> c:\LUO\develop\nicest\public\favicon.ico
[2019-9-11 16:23:25] [4368] [RES_DIR] -> C:\LUO\
[2019-9-11 16:23:26] [4368] [RES_DIR] -> C:\LUO\develop\
[2019-9-11 16:26:56] [4368] [RES_DIR] -> C:\LUO\develop\node-jvm\
[2019-9-11 16:26:57] [4368] [RES_FILE] -> C:\LUO\develop\node-jvm\.travis.yml
[2019-9-11 16:34:26] [4368] [RES_CACHE] -> C:\LUO\develop\node-jvm\.travis.yml
[2019-9-11 16:34:26] [4368] [RES_FILE] -> c:\LUO\develop\nicest\public\favicon.ico
[2019-9-11 16:34:41] [4368] [RES_FILE] -> C:\LUO\develop\node-jvm\.travis.yml
[2019-9-11 16:34:41] [4368] [RES_FILE] -> c:\LUO\develop\nicest\public\favicon.ico
[2019-9-11 16:34:50] [4368] [RES_ZIP] -> C:\LUO\develop\node-jvm\Gruntfile.js
[2019-9-11 17:12:16] [10044] [WORKER_STARTUP] -> port: 5000
[2019-9-11 17:12:20] [10044] [RES_CACHE] -> C:\LUO\develop\node-jvm\Gruntfile.js
[2019-9-11 17:12:20] [10044] [RES_FILE] -> c:\LUO\develop\nicest\public\favicon.ico
[2019-9-11 17:12:36] [10044] [RES_ZIP] -> C:\LUO\develop\node-jvm\Gruntfile.js
[2019-9-11 17:12:36] [10044] [RES_FILE] -> c:\LUO\develop\nicest\public\favicon.ico
[2019-9-11 17:14:18] [10916] [WORKER_STARTUP] -> port: 5000
[2019-9-11 17:14:22] [10916] [RES_ZIP] -> C:\LUO\develop\node-jvm\Gruntfile.js
[2019-9-11 17:14:27] [10916] [RES_FILE] -> c:\LUO\develop\nicest\public\favicon.ico
[2019-9-11 17:14:41] [10200] [WORKER_STARTUP] -> port: 5000
[2019-9-11 17:14:44] [10200] [RES_ZIP] -> C:\LUO\develop\node-jvm\Gruntfile.js
[2019-9-11 17:14:44] [10200] [RES_FILE] -> c:\LUO\develop\nicest\public\favicon.ico
[2019-9-11 17:14:46] [10200] [RES_ZIP] -> C:\LUO\develop\node-jvm\Gruntfile.js
[2019-9-11 17:14:46] [10200] [RES_FILE] -> c:\LUO\develop\nicest\public\favicon.ico
[2019-9-11 17:14:50] [10200] [RES_ZIP] -> C:\LUO\develop\node-jvm\Gruntfile.js
[2019-9-11 17:14:50] [10200] [RES_FILE] -> c:\LUO\develop\nicest\public\favicon.ico
[2019-9-11 17:15:08] [10200] [RES_DIR] -> C:\LUO\develop\hoke\
[2019-9-11 17:15:10] [10200] [RES_DIR] -> C:\LUO\develop\nicest\
[2019-9-11 17:15:13] [10200] [RES_DIR] -> C:\LUO\develop\nicest\public\
[2019-9-11 17:15:14] [10200] [RES_ZIP] -> C:\LUO\develop\nicest\public\test.html
[2019-9-11 17:15:14] [10200] [RES_ZIP] -> C:\LUO\develop\nicest\public\ajax.js
[2019-9-11 17:15:16] [10200] [RES_ZIP] -> C:\LUO\develop\nicest\public\test.html
[2019-9-11 17:15:16] [10200] [RES_ZIP] -> C:\LUO\develop\nicest\public\ajax.js
[2019-9-11 17:15:16] [10200] [RES_FILE] -> c:\LUO\develop\nicest\public\favicon.ico
[2019-9-11 17:15:30] [11156] [WORKER_STARTUP] -> port: 5000
[2019-9-11 17:15:32] [11156] [RES_ZIP] -> C:\LUO\develop\nicest\public\test.html
[2019-9-11 17:15:32] [11156] [RES_ZIP] -> C:\LUO\develop\nicest\public\ajax.js
[2019-9-11 17:15:37] [11156] [RES_FILE] -> c:\LUO\develop\nicest\public\favicon.ico
[2019-9-11 17:16:18] [14220] [WORKER_STARTUP] -> port: 5000
[2019-9-11 17:16:20] [14220] [RES_ZIP] -> C:\LUO\develop\nicest\public\test.html
[2019-9-11 17:16:20] [14220] [RES_ZIP] -> C:\LUO\develop\nicest\public\ajax.js
[2019-9-11 17:16:25] [14220] [RES_FILE] -> c:\LUO\develop\nicest\public\favicon.ico
[2019-9-11 17:16:34] [9392] [WORKER_STARTUP] -> port: 5000
[2019-9-11 17:16:39] [9392] [RES_CACHE] -> C:\LUO\develop\nicest\public\test.html
[2019-9-11 17:16:39] [9392] [RES_FILE] -> c:\LUO\develop\nicest\public\favicon.ico
[2019-9-11 17:16:41] [9392] [RES_ZIP] -> C:\LUO\develop\nicest\public\test.html
[2019-9-11 17:16:41] [9392] [RES_ZIP] -> C:\LUO\develop\nicest\public\ajax.js
[2019-9-11 17:16:46] [9392] [RES_FILE] -> c:\LUO\develop\nicest\public\favicon.ico
[2019-9-11 17:17:05] [15104] [WORKER_STARTUP] -> port: 5000
[2019-9-11 17:17:11] [15104] [RES_ZIP] -> C:\LUO\develop\nicest\public\test.html
[2019-9-11 17:17:11] [15104] [RES_ZIP] -> C:\LUO\develop\nicest\public\ajax.js
[2019-9-11 17:17:11] [15104] [RES_FILE] -> c:\LUO\develop\nicest\public\favicon.ico
[2019-9-11 17:17:21] [15104] [RES_ZIP] -> C:\LUO\develop\nicest\public\SocketChat.html
[2019-9-11 17:17:24] [15104] [RES_ZIP] -> C:\LUO\develop\nicest\public\SocketChat.html
[2019-9-11 17:17:25] [15104] [RES_FILE] -> c:\LUO\develop\nicest\public\favicon.ico
[2019-9-11 17:23:02] [15104] [RES_CACHE] -> C:\LUO\develop\nicest\public\ajax.js
[2019-9-11 17:23:03] [15104] [RES_FILE] -> c:\LUO\develop\nicest\public\favicon.ico
[2019-9-11 17:23:08] [15104] [RES_ZIP] -> C:\LUO\develop\nicest\public\ajax.js
[2019-9-11 17:23:09] [15104] [RES_FILE] -> c:\LUO\develop\nicest\public\favicon.ico
[2019-9-11 17:23:11] [15104] [RES_ZIP] -> C:\LUO\develop\nicest\public\ajax.js
[2019-9-11 17:23:11] [15104] [RES_FILE] -> c:\LUO\develop\nicest\public\favicon.ico
[2019-9-11 17:23:29] [15104] [RES_ZIP] -> C:\LUO\develop\nicest\public\ajax.js
[2019-9-11 17:23:29] [15104] [RES_FILE] -> c:\LUO\develop\nicest\public\favicon.ico
[2019-9-11 17:28:04] [15104] [RES_ZIP] -> C:\LUO\develop\nicest\public\ajax.js
[2019-9-11 17:28:04] [15104] [RES_FILE] -> c:\LUO\develop\nicest\public\favicon.ico
[2019-9-11 17:28:10] [15104] [RES_CACHE] -> C:\LUO\develop\nicest\public\ajax.js
[2019-9-11 17:28:10] [15104] [RES_FILE] -> c:\LUO\develop\nicest\public\favicon.ico
[2019-9-11 17:28:10] [15104] [RES_CACHE] -> C:\LUO\develop\nicest\public\ajax.js
[2019-9-11 17:28:10] [15104] [RES_FILE] -> c:\LUO\develop\nicest\public\favicon.ico
[2019-9-11 17:28:11] [15104] [RES_CACHE] -> C:\LUO\develop\nicest\public\ajax.js
[2019-9-11 17:28:11] [15104] [RES_FILE] -> c:\LUO\develop\nicest\public\favicon.ico
[2019-9-11 17:28:35] [15104] [RES_CACHE] -> C:\LUO\develop\nicest\public\ajax.js
[2019-9-11 17:28:35] [15104] [RES_FILE] -> c:\LUO\develop\nicest\public\favicon.ico
[2019-9-11 17:31:05] [15104] [RES_CACHE] -> C:\LUO\develop\nicest\public\ajax.js
[2019-9-11 17:31:06] [15104] [RES_FILE] -> c:\LUO\develop\nicest\public\favicon.ico
[2019-9-11 17:40:46] [15104] [RES_ZIP] -> C:\LUO\develop\nicest\public\SocketChat.html
[2019-9-11 17:40:46] [15104] [RES_404] -> C:\favicon.png
[2019-9-11 17:41:08] [15104] [RES_ZIP] -> C:\LUO\develop\nicest\public\SocketChat.html
[2019-9-11 17:41:08] [15104] [RES_404] -> C:\favicon.png
[2019-9-11 17:41:13] [15104] [RES_DIR] -> C:\LUO\develop\nicest\public\
[2019-9-11 17:41:13] [15104] [RES_FILE] -> c:\LUO\develop\nicest\public\favicon.ico
[2019-9-11 17:41:27] [15104] [RES_DIR] -> C:\LUO\develop\nicest\public\
[2019-9-11 17:41:27] [15104] [RES_FILE] -> c:\LUO\develop\nicest\public\favicon.ico
[2019-9-11 17:41:32] [15104] [RES_ZIP] -> C:\LUO\develop\nicest\public\SocketChat.html
[2019-9-11 17:41:33] [15104] [RES_CACHE] -> C:\LUO\develop\nicest\public\SocketChat.html
[2019-9-11 17:41:33] [15104] [RES_FILE] -> c:\LUO\develop\nicest\public\favicon.ico
[2019-9-11 17:41:34] [15104] [RES_CACHE] -> C:\LUO\develop\nicest\public\SocketChat.html
[2019-9-11 17:41:34] [15104] [RES_FILE] -> c:\LUO\develop\nicest\public\favicon.ico
[2019-9-11 17:41:37] [15104] [RES_CACHE] -> C:\LUO\develop\nicest\public\SocketChat.html
[2019-9-11 17:41:37] [15104] [RES_FILE] -> c:\LUO\develop\nicest\public\favicon.ico
[2019-9-11 17:41:38] [15104] [RES_CACHE] -> C:\LUO\develop\nicest\public\SocketChat.html
[2019-9-11 17:41:38] [15104] [RES_FILE] -> c:\LUO\develop\nicest\public\favicon.ico
[2019-9-11 17:41:41] [15104] [RES_ZIP] -> C:\LUO\develop\nicest\public\SocketChat.html
[2019-9-11 17:41:41] [15104] [RES_FILE] -> c:\LUO\develop\nicest\public\favicon.ico
[2019-9-11 17:41:42] [15104] [RES_CACHE] -> C:\LUO\develop\nicest\public\SocketChat.html
[2019-9-11 17:41:42] [15104] [RES_FILE] -> c:\LUO\develop\nicest\public\favicon.ico
[2019-9-11 17:41:50] [15104] [RES_CACHE] -> C:\LUO\develop\nicest\public\SocketChat.html
[2019-9-11 17:41:50] [15104] [RES_FILE] -> c:\LUO\develop\nicest\public\favicon.ico
[2019-9-11 17:41:55] [15104] [RES_CACHE] -> C:\LUO\develop\nicest\public\SocketChat.html
[2019-9-11 17:41:55] [15104] [RES_FILE] -> c:\LUO\develop\nicest\public\favicon.ico
[2019-9-11 17:42:01] [15104] [RES_ZIP] -> C:\LUO\develop\nicest\public\SocketChat.html
[2019-9-11 17:42:01] [15104] [RES_404] -> C:\favicon.icos
[2019-9-11 17:42:02] [15104] [RES_CACHE] -> C:\LUO\develop\nicest\public\SocketChat.html
[2019-9-11 17:42:02] [15104] [RES_CACHE] -> C:\LUO\develop\nicest\public\SocketChat.html
[2019-9-11 17:42:03] [15104] [RES_CACHE] -> C:\LUO\develop\nicest\public\SocketChat.html
[2019-9-11 17:42:04] [15104] [RES_CACHE] -> C:\LUO\develop\nicest\public\SocketChat.html
[2019-9-11 17:42:04] [15104] [RES_CACHE] -> C:\LUO\develop\nicest\public\SocketChat.html
[2019-9-11 17:42:05] [15104] [RES_CACHE] -> C:\LUO\develop\nicest\public\SocketChat.html
[2019-9-11 17:42:05] [15104] [RES_CACHE] -> C:\LUO\develop\nicest\public\SocketChat.html
[2019-9-11 17:42:05] [15104] [RES_CACHE] -> C:\LUO\develop\nicest\public\SocketChat.html
[2019-9-11 17:42:06] [15104] [RES_CACHE] -> C:\LUO\develop\nicest\public\SocketChat.html
[2019-9-11 17:42:14] [15104] [RES_ZIP] -> C:\LUO\develop\nicest\public\SocketChat.html
[2019-9-11 17:42:14] [15104] [RES_FILE] -> c:\LUO\develop\nicest\public\favicon.ico
[2019-9-11 17:42:14] [15104] [RES_CACHE] -> C:\LUO\develop\nicest\public\SocketChat.html
[2019-9-11 17:42:14] [15104] [RES_FILE] -> c:\LUO\develop\nicest\public\favicon.ico
[2019-9-11 17:42:15] [15104] [RES_CACHE] -> C:\LUO\develop\nicest\public\SocketChat.html
[2019-9-11 17:42:15] [15104] [RES_FILE] -> c:\LUO\develop\nicest\public\favicon.ico
[2019-9-11 17:42:40] [15104] [RES_ZIP] -> C:\LUO\develop\nicest\public\SocketChat.html
[2019-9-11 17:42:40] [15104] [RES_FILE] -> c:\LUO\develop\nicest\public\favicon.ico
[2019-9-11 17:42:43] [15104] [RES_CACHE] -> C:\LUO\develop\nicest\public\SocketChat.html
[2019-9-11 17:42:43] [15104] [RES_FILE] -> c:\LUO\develop\nicest\public\favicon.ico
[2019-9-11 17:42:45] [15104] [RES_DIR] -> C:\LUO\develop\nicest\public\
[2019-9-11 17:42:45] [15104] [RES_FILE] -> c:\LUO\develop\nicest\public\favicon.ico
