[2019-8-14 10:54:28] [10208] [WORKER_STARTUP] -> port: 5000
[2019-8-14 10:54:56] [10208] [RES_404] -> C:\su
[2019-8-14 10:54:57] [10208] [RES_404] -> C:\su
[2019-8-14 10:54:58] [10208] [RES_404] -> C:\su
[2019-8-14 10:54:59] [10208] [RES_404] -> C:\su
[2019-8-14 10:54:59] [10208] [RES_404] -> C:\su
[2019-8-14 10:54:59] [10208] [RES_404] -> C:\su
[2019-8-14 10:55:00] [10208] [RES_DIR] -> C:\
[2019-8-14 10:55:04] [10208] [RES_404] -> C:\su
[2019-8-14 10:55:05] [10208] [RES_404] -> C:\su
[2019-8-14 10:55:05] [10208] [RES_404] -> C:\su
[2019-8-14 10:55:05] [10208] [RES_DIR] -> C:\
[2019-8-14 10:55:20] [10208] [RES_DIR] -> C:\
[2019-8-14 10:55:21] [10208] [RES_FILE] -> c:\LUO\develop\nicest\public\favicon.ico
[2019-8-14 10:55:41] [10208] [RES_404] -> C:\su
[2019-8-14 10:55:41] [10208] [RES_404] -> C:\su
[2019-8-14 10:55:42] [10208] [RES_404] -> C:\su
[2019-8-14 10:55:42] [10208] [RES_404] -> C:\su
[2019-8-14 10:55:44] [10208] [RES_404] -> C:\su
[2019-8-14 10:55:45] [10208] [RES_404] -> C:\su
[2019-8-14 10:55:45] [10208] [RES_404] -> C:\su
[2019-8-14 10:55:46] [10208] [RES_404] -> C:\su
[2019-8-14 10:55:46] [10208] [RES_404] -> C:\su
[2019-8-14 10:55:46] [10208] [RES_404] -> C:\su
[2019-8-14 10:55:46] [10208] [RES_404] -> C:\su
[2019-8-14 10:55:47] [10208] [RES_DIR] -> C:\
[2019-8-14 10:55:47] [10208] [RES_FILE] -> c:\LUO\develop\nicest\public\favicon.ico
[2019-8-14 10:55:55] [10208] [RES_404] -> C:\su
[2019-8-14 10:55:57] [10208] [RES_DIR] -> C:\
[2019-8-14 10:55:57] [10208] [RES_FILE] -> c:\LUO\develop\nicest\public\favicon.ico
[2019-8-14 10:56:05] [10208] [RES_404] -> C:\su
[2019-8-14 10:56:05] [10208] [RES_404] -> C:\su
[2019-8-14 10:56:05] [10208] [RES_404] -> C:\su
[2019-8-14 10:56:06] [10208] [RES_DIR] -> C:\
[2019-8-14 10:56:08] [10208] [RES_DIR] -> C:\
[2019-8-14 10:56:08] [10208] [RES_FILE] -> c:\LUO\develop\nicest\public\favicon.ico
[2019-8-14 10:56:40] [10208] [RES_404] -> C:\su
[2019-8-14 10:56:43] [10208] [RES_404] -> C:\su
[2019-8-14 10:56:44] [10208] [RES_404] -> C:\su
[2019-8-14 10:57:54] [10208] [RES_404] -> C:\su
[2019-8-14 10:58:47] [10208] [RES_404] -> C:\zh-CN\livetile\preinstall
[2019-8-14 10:59:47] [10208] [RES_404] -> C:\su
[2019-8-14 10:59:56] [10208] [RES_404] -> C:\su
[2019-8-14 11:00:00] [10208] [RES_404] -> C:\su
[2019-8-14 11:00:00] [10208] [RES_404] -> C:\su
[2019-8-14 11:00:00] [10208] [RES_404] -> C:\su
[2019-8-14 11:00:01] [10208] [RES_404] -> C:\su
[2019-8-14 11:00:01] [10208] [RES_404] -> C:\su
[2019-8-14 11:00:01] [10208] [RES_404] -> C:\su
[2019-8-14 11:00:50] [10208] [RES_404] -> C:\zentao\misc-ping.html
[2019-8-14 11:01:03] [10208] [RES_404] -> C:\chrome-variations\seed
[2019-8-14 11:01:15] [10208] [RES_404] -> C:\redirect
[2019-8-14 11:01:15] [10208] [RES_FILE] -> c:\LUO\develop\nicest\public\favicon.ico
[2019-8-14 11:01:59] [10208] [RES_404] -> C:\su
[2019-8-14 11:02:03] [10208] [RES_404] -> C:\su
[2019-8-14 11:02:09] [10208] [RES_404] -> C:\redirect
[2019-8-14 11:02:09] [10208] [RES_FILE] -> c:\LUO\develop\nicest\public\favicon.ico
[2019-8-14 11:02:11] [10208] [RES_404] -> C:\su
[2019-8-14 11:02:30] [10208] [RES_404] -> C:\su
[2019-8-14 11:02:31] [10208] [RES_404] -> C:\su
[2019-8-14 11:02:32] [10208] [RES_404] -> C:\su
[2019-8-14 11:02:33] [10208] [RES_404] -> C:\su
[2019-8-14 11:02:33] [10208] [RES_404] -> C:\su
[2019-8-14 11:02:33] [10208] [RES_404] -> C:\su
[2019-8-14 11:03:33] [10208] [RES_404] -> C:\su
[2019-8-14 11:03:33] [10208] [RES_404] -> C:\su
[2019-8-14 11:03:34] [10208] [RES_404] -> C:\su
[2019-8-14 11:03:34] [10208] [RES_404] -> C:\su
[2019-8-14 11:03:35] [10208] [RES_404] -> C:\su
[2019-8-14 11:03:35] [10208] [RES_404] -> C:\su
[2019-8-14 11:03:41] [10208] [RES_404] -> C:\su
[2019-8-14 11:03:41] [10208] [RES_404] -> C:\su
[2019-8-14 11:03:42] [10208] [RES_404] -> C:\su
[2019-8-14 11:03:56] [10208] [RES_404] -> C:\su
[2019-8-14 11:03:57] [10208] [RES_404] -> C:\su
[2019-8-14 11:03:58] [10208] [RES_404] -> C:\su
[2019-8-14 11:03:58] [10208] [RES_404] -> C:\su
[2019-8-14 11:03:58] [10208] [RES_404] -> C:\su
[2019-8-14 11:04:17] [10208] [RES_404] -> C:\su
[2019-8-14 11:04:17] [10208] [RES_404] -> C:\su
[2019-8-14 11:04:17] [10208] [RES_404] -> C:\su
[2019-8-14 11:04:18] [10208] [RES_404] -> C:\su
[2019-8-14 11:04:19] [10208] [RES_404] -> C:\su
[2019-8-14 11:04:20] [10208] [RES_404] -> C:\su
[2019-8-14 11:04:20] [10208] [RES_404] -> C:\su
[2019-8-14 11:04:20] [10208] [RES_404] -> C:\su
[2019-8-14 11:04:21] [10208] [RES_404] -> C:\su
[2019-8-14 11:05:29] [10208] [RES_404] -> C:\get
[2019-8-14 11:05:29] [10208] [RES_FILE] -> c:\LUO\develop\nicest\public\favicon.ico
[2019-8-14 11:05:35] [10208] [RES_404] -> C:\get
[2019-8-14 11:05:35] [10208] [RES_FILE] -> c:\LUO\develop\nicest\public\favicon.ico
[2019-8-14 11:05:48] [10208] [RES_404] -> C:\get
[2019-8-14 11:06:02] [10208] [RES_404] -> C:\su
[2019-8-14 11:06:02] [10208] [RES_404] -> C:\su
[2019-8-14 11:06:03] [10208] [RES_404] -> C:\su
[2019-8-14 11:06:03] [10208] [RES_404] -> C:\su
[2019-8-14 11:06:03] [10208] [RES_DIR] -> C:\
[2019-8-14 11:06:09] [10208] [RES_DIR] -> C:\
[2019-8-14 11:06:09] [10208] [RES_FILE] -> c:\LUO\develop\nicest\public\favicon.ico
[2019-8-14 11:06:19] [10208] [RES_404] -> C:\su
[2019-8-14 11:06:20] [10208] [RES_404] -> C:\su
[2019-8-14 11:06:21] [10208] [RES_404] -> C:\su
[2019-8-14 11:06:21] [10208] [RES_404] -> C:\su
[2019-8-14 11:06:21] [10208] [RES_404] -> C:\su
[2019-8-14 11:06:21] [10208] [RES_404] -> C:\su
[2019-8-14 11:06:22] [10208] [RES_DIR] -> C:\
[2019-8-14 11:06:22] [10208] [RES_FILE] -> c:\LUO\develop\nicest\public\favicon.ico
[2019-8-14 11:06:25] [10208] [RES_404] -> C:\su
[2019-8-14 11:06:26] [10208] [RES_404] -> C:\su
[2019-8-14 11:06:26] [10208] [RES_404] -> C:\su
[2019-8-14 11:06:26] [10208] [RES_404] -> C:\su
[2019-8-14 11:06:27] [10208] [RES_404] -> C:\su
[2019-8-14 11:06:28] [10208] [RES_404] -> C:\su
[2019-8-14 11:06:28] [10208] [RES_404] -> C:\su
[2019-8-14 11:06:28] [10208] [RES_404] -> C:\su
[2019-8-14 11:06:29] [10208] [RES_404] -> C:\su
[2019-8-14 11:06:30] [10208] [CONTROLLER] -> C:\api\get
[2019-8-14 11:06:57] [10208] [RES_404] -> C:\su
[2019-8-14 11:06:57] [10208] [RES_404] -> C:\su
[2019-8-14 11:06:58] [10208] [RES_404] -> C:\su
[2019-8-14 11:06:59] [10208] [RES_404] -> C:\su
[2019-8-14 11:06:59] [10208] [RES_404] -> C:\su
[2019-8-14 11:06:59] [10208] [RES_404] -> C:\su
[2019-8-14 11:07:01] [10208] [RES_404] -> C:\su
[2019-8-14 11:07:01] [10208] [RES_404] -> C:\su
[2019-8-14 11:07:02] [10208] [RES_404] -> C:\su
[2019-8-14 11:07:02] [10208] [RES_404] -> C:\su
[2019-8-14 11:07:03] [10208] [RES_404] -> C:\su
[2019-8-14 11:07:03] [10208] [RES_404] -> C:\su
[2019-8-14 11:07:03] [10208] [RES_404] -> C:\su
[2019-8-14 11:07:04] [10208] [RES_404] -> C:\su
[2019-8-14 11:07:04] [10208] [RES_404] -> C:\su
[2019-8-14 11:07:04] [10208] [RES_404] -> C:\su
[2019-8-14 11:07:05] [10208] [RES_404] -> C:\su
[2019-8-14 11:07:05] [10208] [RES_404] -> C:\su
[2019-8-14 11:07:05] [10208] [RES_404] -> C:\su
[2019-8-14 11:07:05] [10208] [RES_404] -> C:\su
[2019-8-14 11:07:06] [10208] [RES_404] -> C:\google.com
[2019-8-14 11:07:06] [10208] [RES_404] -> C:\uma\v2
[2019-8-14 11:07:13] [10208] [RES_404] -> C:\su
[2019-8-14 11:07:13] [10208] [RES_404] -> C:\su
[2019-8-14 11:07:14] [10208] [RES_DIR] -> C:\
[2019-8-14 11:07:19] [10208] [RES_404] -> C:\su
[2019-8-14 11:07:19] [10208] [RES_404] -> C:\su
[2019-8-14 11:07:20] [10208] [RES_404] -> C:\su
[2019-8-14 11:07:20] [10208] [RES_404] -> C:\su
[2019-8-14 11:07:20] [10208] [RES_404] -> C:\su
[2019-8-14 11:07:20] [10208] [RES_404] -> C:\su
[2019-8-14 11:07:20] [10208] [RES_404] -> C:\su
[2019-8-14 11:07:20] [10208] [RES_DIR] -> C:\
[2019-8-14 11:07:24] [10208] [RES_DIR] -> C:\
[2019-8-14 11:07:24] [10208] [RES_FILE] -> c:\LUO\develop\nicest\public\favicon.ico
[2019-8-14 11:10:42] [5968] [WORKER_STARTUP] -> port: 80
[2019-8-14 11:10:53] [5968] [RES_DIR] -> C:\
[2019-8-14 11:10:53] [5968] [RES_FILE] -> c:\LUO\develop\nicest\public\favicon.ico
[2019-8-14 11:11:06] [5968] [CONTROLLER] -> C:\api\get
[2019-8-14 11:11:33] [5968] [CONTROLLER] -> C:\api\get
[2019-8-14 11:11:33] [5968] [RES_FILE] -> c:\LUO\develop\nicest\public\favicon.ico
[2019-8-14 11:11:37] [5968] [RES_404] -> C:\su
[2019-8-14 11:11:38] [5968] [RES_404] -> C:\su
[2019-8-14 11:11:38] [5968] [RES_404] -> C:\su
[2019-8-14 11:11:38] [5968] [RES_404] -> C:\su
[2019-8-14 11:11:39] [5968] [RES_DIR] -> C:\
[2019-8-14 11:11:40] [5968] [RES_404] -> C:\su
[2019-8-14 11:11:46] [5968] [RES_404] -> C:\su
[2019-8-14 11:11:47] [5968] [RES_404] -> C:\su
[2019-8-14 11:11:48] [5968] [RES_404] -> C:\su
[2019-8-14 11:11:48] [5968] [RES_404] -> C:\su
[2019-8-14 11:11:49] [5968] [RES_DIR] -> C:\
[2019-8-14 11:11:56] [5968] [RES_404] -> C:\su
[2019-8-14 11:11:57] [5968] [RES_404] -> C:\su
[2019-8-14 11:11:58] [5968] [RES_404] -> C:\su
[2019-8-14 11:11:58] [5968] [RES_404] -> C:\su
[2019-8-14 11:11:59] [5968] [RES_404] -> C:\su
[2019-8-14 11:11:59] [5968] [RES_404] -> C:\dw
[2019-8-14 11:12:19] [5968] [RES_404] -> C:\su
[2019-8-14 11:12:21] [5968] [RES_404] -> C:\su
[2019-8-14 11:12:21] [5968] [RES_404] -> C:\dw
[2019-8-14 11:12:22] [5968] [RES_404] -> C:\su
[2019-8-14 11:12:23] [5968] [RES_404] -> C:\su
[2019-8-14 11:12:23] [5968] [RES_404] -> C:\su
[2019-8-14 11:12:23] [5968] [RES_404] -> C:\su
