[2019-7-22 20:07:48] [6688] [WORKER_STARTUP] -> port: 5000
[2019-7-22 20:07:51] [6688] [REQUEST] -> C:\api\post
[2019-7-22 22:26:07] [6472] [MASTER_STARTUP] -> Nicest version: 3.5.5
[2019-7-22 22:26:09] [2252] [WORKER_STARTUP] -> port: 5000
[2019-7-22 22:26:15] [2252] [REQUEST] -> C:\
[2019-7-22 22:26:15] [2252] [RES_DIR] -> C:\
[2019-7-22 22:26:22] [2252] [REQUEST] -> C:\Program Files\
[2019-7-22 22:26:22] [2252] [RES_DIR] -> C:\Program Files\
[2019-7-22 22:26:36] [8444] [WORKER_STARTUP] -> port: 5000
[2019-7-22 22:26:38] [8444] [REQUEST] -> C:\
[2019-7-22 22:26:38] [8444] [RES_DIR] -> C:\
[2019-7-22 22:26:38] [8444] [REQUEST] -> C:\favicon.ico
[2019-7-22 22:26:38] [8444] [RES_FILE] -> d:\develop\nicest\public\favicon.ico
[2019-7-22 22:26:39] [8444] [REQUEST] -> C:\Boot\
[2019-7-22 22:26:39] [8444] [RES_DIR] -> C:\Boot\
[2019-7-22 22:27:57] [1400] [WORKER_STARTUP] -> port: 5000
[2019-7-22 22:28:01] [1400] [REQUEST] -> C:\api\post
[2019-7-22 22:33:06] [7424] [MASTER_STARTUP] -> Nicest version: 4.0.0
[2019-7-22 22:33:06] [5028] [WORKER_STARTUP] -> port: 5000
[2019-7-22 22:33:41] [9880] [MASTER_STARTUP] -> Nicest version: 4.0.0
[2019-7-22 22:33:41] [9528] [WORKER_STARTUP] -> port: 5000
