[2019-9-28 17:25:18] [6088] [WORKER_STARTUP] -> port: 5000
[2019-9-28 17:25:27] [6088] [RES_DIR] -> C:\
[2019-9-28 17:25:27] [6088] [RES_FILE] -> c:\LUO\develop\nicest\public\favicon.ico
[2019-9-28 17:25:28] [6088] [RES_FILE] -> c:\LUO\develop\nicest\public\favicon.ico
[2019-9-28 17:25:41] [6088] [CONTROLLER] -> C:\api\get
[2019-9-28 17:29:28] [2560] [WORKER_STARTUP] -> port: 5000
[2019-9-28 17:29:30] [2560] [CONTROLLER] -> C:\api\get4
[2019-9-28 17:29:30] [2560] [RES_FILE] -> c:\LUO\develop\nicest\public\favicon.ico
[2019-9-28 17:30:42] [6132] [WORKER_STARTUP] -> port: 5000
[2019-9-28 17:30:51] [6132] [CONTROLLER] -> C:\api\get +4ms
[2019-9-28 17:30:51] [6132] [RES_FILE] -> c:\LUO\develop\nicest\public\favicon.ico
[2019-9-28 17:34:41] [11980] [WORKER_STARTUP] -> port: 5000
[2019-9-28 17:34:44] [11980] [CONTROLLER] -> C:\api\get +2ms
[2019-9-28 17:34:44] [11980] [RES_FILE] -> c:\LUO\develop\nicest\public\favicon.ico +2ms
[2019-9-28 17:34:50] [11980] [RES_DIR] -> C:\ +3ms
[2019-9-28 17:34:54] [11980] [RES_DIR] -> C:\LUO\ +1ms
[2019-9-28 17:34:56] [11980] [RES_DIR] -> C:\LUO\develop\ +1ms
[2019-9-28 17:35:02] [11980] [RES_DIR] -> C:\LUO\develop\nicest\ +1ms
[2019-9-28 17:35:05] [11980] [RES_DIR] -> C:\LUO\develop\nicest\public\ +1ms
[2019-9-28 17:35:09] [11980] [RES_DIR] -> C:\LUO\develop\nicest\public\assets\ +1ms
[2019-9-28 17:35:13] [11980] [RES_FILE] -> C:\LUO\develop\nicest\public\assets\bg.jpg +1ms
[2019-9-28 17:35:18] [11980] [RES_FILE] -> C:\LUO\develop\nicest\public\assets\c.png +1ms
[2019-9-28 17:35:23] [11980] [RES_ZIP] -> C:\LUO\develop\nicest\public\SocketChat.html
[2019-9-28 17:38:10] [11976] [WORKER_STARTUP] -> port: 5000
[2019-9-28 17:38:16] [11976] [RES_CACHE] -> C:\LUO\develop\nicest\public\SocketChat.html
[2019-9-28 17:38:16] [11976] [RES_FILE] -> c:\LUO\develop\nicest\public\favicon.ico +1ms
[2019-9-28 17:38:24] [11976] [RES_CACHE] -> C:\LUO\develop\nicest\public\SocketChat.html
[2019-9-28 17:38:24] [11976] [RES_FILE] -> c:\LUO\develop\nicest\public\favicon.ico +2ms
[2019-9-28 17:40:41] [3936] [WORKER_STARTUP] -> port: 5000
[2019-9-28 17:40:45] [3936] [RES_DIR] -> C:\ +4ms
[2019-9-28 17:40:49] [3936] [RES_DIR] -> C:\LUO\ +1ms
[2019-9-28 17:40:50] [3936] [RES_DIR] -> C:\LUO\develop\ +1ms
[2019-9-28 17:40:53] [3936] [RES_DIR] -> C:\LUO\develop\dayday\ +1ms
[2019-9-28 17:40:55] [3936] [RES_DIR] -> C:\LUO\develop\dayday\build\ +1ms
[2019-9-28 17:41:01] [3936] [RES_FILE] -> C:\LUO\develop\dayday\.env +3ms
[2019-9-28 17:41:06] [3936] [RES_ZIP] -> C:\LUO\develop\dayday\public\index.html +3ms
[2019-9-28 17:41:06] [3936] [ERROR] -> URI malformed
[2019-9-28 17:41:06] [3936] [ERROR] -> URI malformed
[2019-9-28 17:41:06] [3936] [ERROR] -> URI malformed
[2019-9-28 17:41:41] [3936] [RES_DIR] -> C:\LUO\develop\dayday +1ms
[2019-9-28 17:42:22] [3936] [ERROR] -> URI malformed
[2019-9-28 17:42:22] [3936] [ERROR] -> URI malformed
[2019-9-28 17:42:31] [3936] [RES_DIR] -> C:\LUO\develop\nicest\ +0ms
[2019-9-28 17:42:35] [3936] [RES_DIR] -> C:\LUO\develop\nicest\public\ +1ms
[2019-9-28 17:42:45] [3936] [RES_DIR] -> C:\LUO\develop\vtk-example\ +1ms
[2019-9-28 17:42:47] [3936] [RES_ZIP] -> C:\LUO\develop\vtk-example\public\index.html +3ms
[2019-9-28 17:42:47] [3936] [ERROR] -> URI malformed
[2019-9-28 17:42:47] [3936] [ERROR] -> URI malformed
[2019-9-28 17:42:47] [3936] [ERROR] -> URI malformed
[2019-9-28 17:42:57] [3936] [RES_CACHE] -> C:\LUO\develop\vtk-example\public\index.html +3ms
[2019-9-28 17:42:57] [3936] [ERROR] -> URI malformed
[2019-9-28 17:42:57] [3936] [ERROR] -> URI malformed
[2019-9-28 17:42:57] [3936] [ERROR] -> URI malformed
[2019-9-28 17:44:06] [9432] [WORKER_STARTUP] -> port: 5000
[2019-9-28 17:44:09] [9432] [RES_CACHE] -> C:\LUO\develop\vtk-example\public\index.html +4ms
[2019-9-28 17:44:09] [9432] [ERROR] -> URI malformed
[2019-9-28 17:44:09] [9432] [ERROR] -> URI malformed
[2019-9-28 17:44:09] [9432] [ERROR] -> URI malformed
[2019-9-28 17:44:42] [5432] [WORKER_STARTUP] -> port: 5000
[2019-9-28 17:44:43] [5432] [RES_CACHE] -> C:\LUO\develop\vtk-example\public\index.html +4ms
[2019-9-28 17:44:43] [5432] [ERROR] -> URI malformed
[2019-9-28 17:44:43] [5432] [ERROR] -> URI malformed
[2019-9-28 17:44:43] [5432] [ERROR] -> URI malformed
[2019-9-28 17:46:44] [5436] [WORKER_STARTUP] -> port: 5000
[2019-9-28 17:46:46] [5436] [RES_DIR] -> C:\LUO +4ms
[2019-9-28 17:46:47] [5436] [RES_DIR] -> C:\LUO\develop\ +1ms
[2019-9-28 17:46:48] [5436] [RES_DIR] -> C:\LUO\develop\nicest\ +2ms
[2019-9-28 17:46:50] [5436] [RES_ZIP] -> C:\LUO\develop\nicest\public\index.html +3ms
[2019-9-28 17:47:13] [5436] [RES_DIR] -> C:\LUO\develop\dayday\ +1ms
[2019-9-28 17:47:14] [5436] [RES_DIR] -> C:\LUO\develop\dayday\build\ +1ms
[2019-9-28 17:47:37] [400] [WORKER_STARTUP] -> port: 5000
[2019-9-28 17:48:23] [6204] [WORKER_STARTUP] -> port: 5000
[2019-9-28 17:48:25] [6204] [RES_CACHE] -> C:\LUO\develop\dayday\public\index.html +6ms
[2019-9-28 17:50:23] [10480] [WORKER_STARTUP] -> port: 5000
[2019-9-28 17:50:30] [10480] [RES_DIR] -> C:\ +7ms
[2019-9-28 17:50:33] [10480] [RES_DIR] -> C:\LUO\ +2ms
[2019-9-28 17:50:34] [10480] [RES_DIR] -> C:\LUO\develop\ +1ms
[2019-9-28 17:50:39] [10480] [RES_DIR] -> C:\LUO\develop\imageworkstation\ +1ms
[2019-9-28 17:50:47] [10480] [RES_DIR] -> C:\LUO\develop\imageworkstation\build\ +2ms
[2019-9-28 17:50:48] [10480] [RES_ZIP] -> C:\LUO\develop\imageworkstation\build\workstation\index.html +4ms
[2019-9-28 17:50:48] [10480] [RES_404] -> C:\workstation\lib\font-awesome\css\font-awesome.min.css +2ms
[2019-9-28 17:50:48] [10480] [RES_404] -> C:\workstation\lib\intl\Intl.js +2ms
[2019-9-28 17:50:48] [10480] [RES_404] -> C:\workstation\lib\intl\en.js +2ms
[2019-9-28 17:50:48] [10480] [RES_404] -> C:\workstation\lib\jsclipper\clipper_unminified.js +1ms
[2019-9-28 17:50:48] [10480] [RES_404] -> C:\workstation\static\css\1.91841302.chunk.css +1ms
[2019-9-28 17:50:48] [10480] [RES_404] -> C:\workstation\static\css\main.a16e3ebe.chunk.css +1ms
[2019-9-28 17:50:48] [10480] [RES_404] -> C:\workstation\static\js\1.ced4f734.chunk.js +1ms
[2019-9-28 17:50:48] [10480] [RES_404] -> C:\workstation\static\js\main.bbc6fc00.chunk.js +0ms
[2019-9-28 17:50:48] [10480] [RES_404] -> C:\workstation\lib\opencv\cv.js +1ms
[2019-9-28 17:50:48] [10480] [RES_404] -> C:\workstation\lib\vtk.js +1ms
[2019-9-28 17:50:48] [10480] [RES_404] -> C:\workstation\lib\intl\Intl.js +1ms
[2019-9-28 17:50:48] [10480] [RES_404] -> C:\workstation\lib\intl\en.js +1ms
[2019-9-28 17:50:48] [10480] [RES_404] -> C:\workstation\lib\jsclipper\clipper_unminified.js +1ms
[2019-9-28 17:50:48] [10480] [RES_404] -> C:\workstation\static\css\1.91841302.chunk.css +0ms
[2019-9-28 17:50:48] [10480] [RES_404] -> C:\workstation\static\css\main.a16e3ebe.chunk.css +1ms
[2019-9-28 17:50:48] [10480] [RES_404] -> C:\workstation\static\js\1.ced4f734.chunk.js +0ms
[2019-9-28 17:50:48] [10480] [RES_404] -> C:\workstation\static\js\main.bbc6fc00.chunk.js +1ms
[2019-9-28 17:50:48] [10480] [RES_404] -> C:\workstation\favicon.png +1ms
[2019-9-28 17:50:48] [10480] [RES_404] -> C:\workstation\manifest.json +2ms
[2019-9-28 17:53:28] [5360] [WORKER_STARTUP] -> port: 5000
[2019-9-28 17:55:04] [5360] [RES_DIR] -> C:\LUO\develop +4ms
[2019-9-28 17:55:05] [5360] [RES_DIR] -> C:\LUO\develop\hoke\ +2ms
[2019-9-28 17:55:06] [5360] [RES_DIR] -> C:\LUO\develop\dayday\ +1ms
[2019-9-28 17:55:08] [5360] [RES_ZIP] -> C:\LUO\develop\dayday\build\index.html +5ms
[2019-9-28 17:55:08] [5360] [RES_404] -> C:\Javascript_Clipper_6.4.2.2\clipper_unminified.js +3ms
[2019-9-28 17:55:08] [5360] [RES_404] -> C:\static\css\11.e8d046a2.chunk.css +2ms
[2019-9-28 17:55:08] [5360] [RES_404] -> C:\static\css\main.05c49257.chunk.css +3ms
[2019-9-28 17:55:08] [5360] [RES_404] -> C:\static\js\11.9367dfed.chunk.js +2ms
[2019-9-28 17:55:08] [5360] [RES_404] -> C:\static\js\main.33c85e3e.chunk.js +2ms
[2019-9-28 17:55:08] [5360] [RES_404] -> C:\static\js\11.9367dfed.chunk.js +2ms
[2019-9-28 17:55:08] [5360] [RES_404] -> C:\static\js\main.33c85e3e.chunk.js +1ms
[2019-9-28 17:55:08] [5360] [RES_404] -> C:\manifest.json +2ms
[2019-9-28 17:55:31] [11144] [WORKER_STARTUP] -> port: 5000
[2019-9-28 17:55:34] [11144] [RES_CACHE] -> C:\LUO\develop\dayday\build\index.html +9ms
[2019-9-28 17:55:34] [11144] [RES_404] -> C:\static\js\11.9367dfed.chunk.js +2ms
[2019-9-28 17:55:34] [11144] [RES_404] -> C:\static\js\main.33c85e3e.chunk.js +1ms
[2019-9-28 17:55:34] [11144] [RES_404] -> C:\Javascript_Clipper_6.4.2.2\clipper_unminified.js +1ms
[2019-9-28 17:55:34] [11144] [RES_404] -> C:\static\css\11.e8d046a2.chunk.css +1ms
[2019-9-28 17:55:34] [11144] [RES_404] -> C:\static\css\main.05c49257.chunk.css +0ms
[2019-9-28 17:55:34] [11144] [RES_404] -> C:\static\js\11.9367dfed.chunk.js +1ms
[2019-9-28 17:55:34] [11144] [RES_404] -> C:\static\js\main.33c85e3e.chunk.js +1ms
[2019-9-28 17:55:34] [11144] [RES_FILE] -> c:\LUO\develop\nicest\public\favicon.ico +1ms
[2019-9-28 17:55:34] [11144] [RES_404] -> C:\manifest.json +2ms
[2019-9-28 17:56:21] [8568] [WORKER_STARTUP] -> port: 5000
[2019-9-28 17:56:24] [8568] [RES_CACHE] -> C:\LUO\develop\dayday\build\index.html +4ms
[2019-9-28 17:56:24] [8568] [RES_404] -> C:\Javascript_Clipper_6.4.2.2\clipper_unminified.js +1ms
[2019-9-28 17:56:24] [8568] [RES_404] -> C:\static\css\11.e8d046a2.chunk.css +1ms
[2019-9-28 17:56:24] [8568] [RES_404] -> C:\static\css\main.05c49257.chunk.css +3ms
[2019-9-28 17:56:24] [8568] [RES_404] -> C:\static\js\11.9367dfed.chunk.js +1ms
[2019-9-28 17:56:24] [8568] [RES_404] -> C:\static\js\main.33c85e3e.chunk.js +2ms
[2019-9-28 17:56:24] [8568] [RES_404] -> C:\static\js\11.9367dfed.chunk.js +2ms
[2019-9-28 17:56:24] [8568] [RES_404] -> C:\static\js\main.33c85e3e.chunk.js +2ms
[2019-9-28 17:56:24] [8568] [RES_FILE] -> c:\LUO\develop\nicest\public\favicon.ico +2ms
[2019-9-28 17:56:24] [8568] [RES_404] -> C:\manifest.json +3ms
