[2019-7-20 11:26:05] [8608] [WORKER_STARTUP] -> port: 5000
[2019-7-20 11:26:17] [8608] [REQUEST] -> C:\api\post
[2019-7-20 11:27:16] [8608] [REQUEST] -> C:\api\post
[2019-7-20 11:28:07] [8608] [REQUEST] -> C:\api\post
[2019-7-20 11:28:07] [8608] [RES_404] -> C:\api\post
[2019-7-20 11:28:30] [8608] [REQUEST] -> C:\api\post
[2019-7-20 11:28:30] [8608] [RES_404] -> C:\api\post
[2019-7-20 11:29:01] [8608] [REQUEST] -> C:\api\post
[2019-7-20 11:29:01] [8608] [RES_404] -> C:\api\post
[2019-7-20 11:29:28] [8608] [REQUEST] -> C:\api\post
[2019-7-20 11:29:28] [8608] [RES_404] -> C:\api\post
[2019-7-20 11:29:57] [8608] [REQUEST] -> C:\api\post
[2019-7-20 11:29:57] [8608] [RES_404] -> C:\api\post
[2019-7-20 11:30:16] [8608] [REQUEST] -> C:\api\post
[2019-7-20 11:30:23] [8608] [REQUEST] -> C:\api\post
[2019-7-20 11:30:23] [8608] [RES_404] -> C:\api\post
[2019-7-20 11:31:11] [8608] [REQUEST] -> C:\api\post
[2019-7-20 11:31:11] [8608] [RES_404] -> C:\api\post
[2019-7-20 11:31:36] [8608] [REQUEST] -> C:\api\post
[2019-7-20 11:31:36] [8608] [RES_404] -> C:\api\post
[2019-7-20 11:31:51] [8608] [REQUEST] -> C:\api\post
[2019-7-20 11:31:51] [8608] [RES_404] -> C:\api\post
[2019-7-20 11:32:46] [8608] [REQUEST] -> C:\api\get
[2019-7-20 11:32:58] [8608] [REQUEST] -> C:\api\55656
[2019-7-20 11:32:58] [8608] [RES_404] -> C:\api\55656
[2019-7-20 11:35:18] [8608] [REQUEST] -> C:\api\55656
[2019-7-20 11:35:18] [8608] [RES_404] -> C:\api\55656
[2019-7-20 11:35:24] [8608] [REQUEST] -> C:\api\55656
[2019-7-20 11:35:24] [8608] [RES_404] -> C:\api\55656
[2019-7-20 11:35:54] [8608] [REQUEST] -> C:\api\55656
[2019-7-20 11:35:54] [8608] [RES_404] -> C:\api\55656
[2019-7-20 11:36:17] [8608] [REQUEST] -> C:\api\55656
[2019-7-20 11:36:17] [8608] [RES_404] -> C:\api\55656
[2019-7-20 11:36:23] [8608] [REQUEST] -> C:\api\55656
[2019-7-20 11:36:23] [8608] [RES_404] -> C:\api\55656
[2019-7-20 11:36:30] [8608] [REQUEST] -> C:\api\55656
[2019-7-20 11:36:30] [8608] [RES_404] -> C:\api\55656
[2019-7-20 11:36:35] [8608] [REQUEST] -> C:\api\55656
[2019-7-20 11:36:35] [8608] [RES_404] -> C:\api\55656
[2019-7-20 11:36:47] [8608] [REQUEST] -> C:\api\55656
[2019-7-20 11:36:47] [8608] [RES_404] -> C:\api\55656
[2019-7-20 11:36:54] [8608] [REQUEST] -> C:\api\55656
[2019-7-20 11:36:54] [8608] [RES_404] -> C:\api\55656
[2019-7-20 11:37:59] [8608] [REQUEST] -> C:\api\55656
[2019-7-20 11:37:59] [8608] [RES_404] -> C:\api\55656
[2019-7-20 11:38:12] [8608] [REQUEST] -> C:\api\55656
[2019-7-20 11:38:12] [8608] [RES_404] -> C:\api\55656
[2019-7-20 11:38:15] [8608] [REQUEST] -> C:\api\55656
[2019-7-20 11:38:15] [8608] [RES_404] -> C:\api\55656
[2019-7-20 11:38:26] [8608] [REQUEST] -> C:\api\55656
[2019-7-20 11:38:26] [8608] [RES_404] -> C:\api\55656
[2019-7-20 11:38:40] [8608] [REQUEST] -> C:\api\55656
[2019-7-20 11:38:40] [8608] [RES_404] -> C:\api\55656
[2019-7-20 11:39:22] [8608] [REQUEST] -> C:\api\55656
[2019-7-20 11:39:22] [8608] [RES_404] -> C:\api\55656
[2019-7-20 11:39:36] [8608] [REQUEST] -> C:\api\post
[2019-7-20 11:39:36] [8608] [RES_404] -> C:\api\post
[2019-7-20 11:39:47] [8608] [REQUEST] -> C:\api\post
[2019-7-20 11:39:47] [8608] [RES_404] -> C:\api\post
[2019-7-20 11:40:13] [8608] [REQUEST] -> C:\api\post
[2019-7-20 11:40:13] [8608] [RES_404] -> C:\api\post
[2019-7-20 11:40:57] [8608] [REQUEST] -> C:\api\post
[2019-7-20 11:40:57] [8608] [RES_404] -> C:\api\post
[2019-7-20 11:41:24] [8608] [REQUEST] -> C:\api\post
[2019-7-20 11:41:24] [8608] [RES_404] -> C:\api\post
[2019-7-20 11:41:28] [8608] [REQUEST] -> C:\api\post
[2019-7-20 11:41:28] [8608] [RES_404] -> C:\api\post
[2019-7-20 11:41:35] [8608] [REQUEST] -> C:\api\post
[2019-7-20 11:41:35] [8608] [RES_404] -> C:\api\post
[2019-7-20 11:41:49] [8608] [REQUEST] -> C:\api\post
[2019-7-20 11:43:42] [8608] [REQUEST] -> C:\api\post
[2019-7-20 11:43:42] [8608] [RES_404] -> C:\api\post
[2019-7-20 11:43:57] [8608] [REQUEST] -> C:\api\post
[2019-7-20 11:44:08] [8608] [REQUEST] -> C:\api\get
[2019-7-20 11:53:03] [8608] [REQUEST] -> C:\api\post
[2019-7-20 11:53:18] [8608] [REQUEST] -> C:\api\post
[2019-7-20 11:54:20] [8608] [REQUEST] -> C:\api\post
[2019-7-20 11:55:10] [8608] [REQUEST] -> C:\api\post
[2019-7-20 11:55:20] [8608] [REQUEST] -> C:\api\post
[2019-7-20 11:55:31] [8608] [REQUEST] -> C:\api\post
[2019-7-20 11:56:07] [8608] [REQUEST] -> C:\api\post
[2019-7-20 11:56:16] [8608] [REQUEST] -> C:\api\post
[2019-7-20 11:56:16] [8608] [RES_404] -> C:\api\post
[2019-7-20 11:58:31] [8608] [REQUEST] -> C:\
[2019-7-20 11:58:31] [8608] [RES_DIR] -> C:\
[2019-7-20 11:58:42] [8608] [REQUEST] -> C:\25\api\post
[2019-7-20 11:58:42] [8608] [RES_404] -> C:\25\api\post
[2019-7-20 11:59:11] [8608] [REQUEST] -> C:\25\api\post
[2019-7-20 11:59:11] [8608] [RES_404] -> C:\25\api\post
[2019-7-20 12:04:23] [8608] [REQUEST] -> C:\25\api\post
[2019-7-20 12:04:23] [8608] [RES_404] -> C:\25\api\post
[2019-7-20 12:05:04] [8608] [REQUEST] -> C:\25\api\post
[2019-7-20 12:05:04] [8608] [RES_404] -> C:\25\api\post
[2019-7-20 12:05:21] [8608] [REQUEST] -> C:\25\api\post
[2019-7-20 12:05:21] [8608] [RES_404] -> C:\25\api\post
[2019-7-20 12:07:01] [8608] [REQUEST] -> C:\25\api\post
[2019-7-20 12:07:01] [8608] [RES_404] -> C:\25\api\post
[2019-7-20 12:07:44] [8608] [REQUEST] -> C:\25\api\post
[2019-7-20 12:07:44] [8608] [RES_404] -> C:\25\api\post
[2019-7-20 12:07:51] [8608] [REQUEST] -> C:\25\api\post
[2019-7-20 12:07:51] [8608] [RES_404] -> C:\25\api\post
[2019-7-20 12:08:00] [8608] [REQUEST] -> C:\api\post
[2019-7-20 12:11:41] [8608] [REQUEST] -> C:\api\post
[2019-7-20 12:13:44] [8608] [REQUEST] -> C:\api\post
[2019-7-20 12:21:40] [8608] [REQUEST] -> C:\api\post
[2019-7-20 12:23:57] [8608] [REQUEST] -> C:\api\post
[2019-7-20 12:24:12] [8608] [REQUEST] -> C:\api\get
[2019-7-20 12:24:30] [8608] [REQUEST] -> C:\api\get
[2019-7-20 12:24:43] [8608] [REQUEST] -> C:\api\get
[2019-7-20 12:31:29] [4684] [MASTER_STARTUP] -> Nicest version: 3.5.5
[2019-7-20 12:31:30] [9992] [WORKER_STARTUP] -> port: 5000
[2019-7-20 12:31:40] [9992] [REQUEST] -> C:\25\api\post
[2019-7-20 12:31:40] [9992] [RES_404] -> C:\25\api\post
[2019-7-20 12:31:40] [9992] [REQUEST] -> C:\favicon.ico
[2019-7-20 12:31:40] [9992] [RES_FILE] -> D:\develop\nicest\public\favicon.ico
[2019-7-20 12:31:45] [9992] [REQUEST] -> C:\
[2019-7-20 12:31:45] [9992] [RES_DIR] -> C:\
