[2019-7-1 21:37:11] [4788] [WORKER STARTUP] -> port: 5000
[2019-7-1 21:37:21] [4788] [REQUEST] -> D:\
[2019-7-1 21:37:21] [4788] [RES_DIR] -> D:\
[2019-7-1 21:37:21] [4788] [REQUEST] -> D:\favicon.ico
[2019-7-1 21:37:21] [4788] [RES_FILE] -> d:\develop\node-server\public\favicon.ico
[2019-7-1 21:37:22] [4788] [REQUEST] -> D:\favicon.ico
[2019-7-1 21:37:22] [4788] [RES_FILE] -> d:\develop\node-server\public\favicon.ico
[2019-7-1 21:37:23] [4788] [REQUEST] -> D:\develop\
[2019-7-1 21:37:23] [4788] [RES_DIR] -> D:\develop\
[2019-7-1 21:37:26] [4788] [REQUEST] -> D:\develop\node-server\
[2019-7-1 21:37:26] [4788] [RES_DIR] -> D:\develop\node-server\
[2019-7-1 21:37:28] [4788] [REQUEST] -> D:\develop\node-server\public\
[2019-7-1 21:37:28] [4788] [RES_DIR] -> D:\develop\node-server\public\
[2019-7-1 21:37:34] [4788] [REQUEST] -> D:\develop\node-server\public\test.html
[2019-7-1 21:37:34] [4788] [RES_ZIP] -> D:\develop\node-server\public\test.html
[2019-7-1 21:37:34] [4788] [REQUEST] -> D:\develop\node-server\public\ajax.js
[2019-7-1 21:37:34] [4788] [RES_ZIP] -> D:\develop\node-server\public\ajax.js
[2019-7-1 21:38:04] [4788] [REQUEST] -> D:\api\upfiles
[2019-7-1 21:38:21] [9396] [WORKER STARTUP] -> port: 5000
[2019-7-1 21:38:23] [9396] [REQUEST] -> D:\api\upfiles
[2019-7-1 21:39:34] [8928] [WORKER STARTUP] -> port: 5000
[2019-7-1 21:39:38] [8928] [REQUEST] -> D:\api\upfiles
[2019-7-1 21:42:32] [8928] [REQUEST] -> D:\develop\node-server\public\test.html
[2019-7-1 21:42:32] [8928] [RES_ZIP] -> D:\develop\node-server\public\test.html
[2019-7-1 21:42:32] [8928] [REQUEST] -> D:\develop\node-server\public\ajax.js
[2019-7-1 21:42:32] [8928] [RES_ZIP] -> D:\develop\node-server\public\ajax.js
[2019-7-1 21:42:32] [8928] [REQUEST] -> D:\favicon.ico
[2019-7-1 21:42:32] [8928] [RES_FILE] -> d:\develop\node-server\public\favicon.ico
[2019-7-1 21:42:48] [8928] [REQUEST] -> D:\api\upfiles
[2019-7-1 21:43:42] [12156] [WORKER STARTUP] -> port: 5000
[2019-7-1 21:43:53] [12156] [REQUEST] -> D:\api\upfiles
[2019-7-1 21:46:33] [12156] [REQUEST] -> D:\develop\node-server\public\test.html
[2019-7-1 21:46:33] [12156] [RES_ZIP] -> D:\develop\node-server\public\test.html
[2019-7-1 21:46:33] [12156] [REQUEST] -> D:\develop\node-server\public\ajax.js
[2019-7-1 21:46:34] [12156] [RES_ZIP] -> D:\develop\node-server\public\ajax.js
[2019-7-1 21:46:34] [12156] [REQUEST] -> D:\favicon.ico
[2019-7-1 21:46:34] [12156] [RES_FILE] -> d:\develop\node-server\public\favicon.ico
[2019-7-1 21:46:41] [12156] [REQUEST] -> D:\api\upfiles
[2019-7-1 21:47:05] [7828] [WORKER STARTUP] -> port: 5000
[2019-7-1 21:47:07] [7828] [REQUEST] -> D:\api\upfiles
[2019-7-1 21:53:35] [7244] [WORKER STARTUP] -> port: 5000
[2019-7-1 21:53:36] [7244] [REQUEST] -> D:\api\upfiles
[2019-7-1 21:55:10] [10200] [WORKER STARTUP] -> port: 5000
[2019-7-1 21:55:12] [10200] [REQUEST] -> D:\api\upfiles
[2019-7-1 21:58:30] [8444] [WORKER STARTUP] -> port: 5000
[2019-7-1 21:58:33] [8444] [REQUEST] -> D:\api\upfiles
[2019-7-1 22:00:06] [9556] [WORKER STARTUP] -> port: 5000
[2019-7-1 22:00:09] [9556] [REQUEST] -> D:\api\upfiles
[2019-7-1 22:02:26] [10284] [WORKER STARTUP] -> port: 5000
[2019-7-1 22:02:32] [10284] [REQUEST] -> D:\api\upfiles
[2019-7-1 22:06:18] [7356] [WORKER STARTUP] -> port: 5000
[2019-7-1 22:06:21] [7356] [REQUEST] -> D:\api\upfiles
[2019-7-1 22:06:43] [3592] [WORKER STARTUP] -> port: 5000
[2019-7-1 22:06:44] [3592] [REQUEST] -> D:\api\upfiles
[2019-7-1 22:07:20] [1116] [WORKER STARTUP] -> port: 5000
[2019-7-1 22:07:27] [1116] [REQUEST] -> D:\api\upfiles
[2019-7-1 22:08:51] [12324] [WORKER STARTUP] -> port: 5000
[2019-7-1 22:08:54] [12324] [REQUEST] -> D:\api\upfiles
[2019-7-1 22:09:11] [10596] [WORKER STARTUP] -> port: 5000
[2019-7-1 22:09:13] [10596] [REQUEST] -> D:\api\upfiles
[2019-7-1 22:09:53] [5704] [WORKER STARTUP] -> port: 5000
[2019-7-1 22:09:55] [5704] [REQUEST] -> D:\develop\node-server\public\test.html
[2019-7-1 22:09:55] [5704] [RES_ZIP] -> D:\develop\node-server\public\test.html
[2019-7-1 22:09:55] [5704] [REQUEST] -> D:\develop\node-server\public\ajax.js
[2019-7-1 22:09:55] [5704] [RES_ZIP] -> D:\develop\node-server\public\ajax.js
[2019-7-1 22:09:55] [5704] [REQUEST] -> D:\favicon.ico
[2019-7-1 22:09:55] [5704] [RES_FILE] -> d:\develop\node-server\public\favicon.ico
[2019-7-1 22:10:02] [5704] [REQUEST] -> D:\api\upfiles
[2019-7-1 22:10:45] [5704] [REQUEST] -> D:\api\upfiles
[2019-7-1 22:12:08] [11180] [WORKER STARTUP] -> port: 5000
[2019-7-1 22:12:10] [11180] [REQUEST] -> D:\api\upfiles
[2019-7-1 22:14:09] [11068] [WORKER STARTUP] -> port: 5000
[2019-7-1 22:14:13] [11068] [REQUEST] -> D:\develop\node-server\public\test.html
[2019-7-1 22:14:13] [11068] [RES_ZIP] -> D:\develop\node-server\public\test.html
[2019-7-1 22:14:13] [11068] [REQUEST] -> D:\develop\node-server\public\ajax.js
[2019-7-1 22:14:13] [11068] [RES_ZIP] -> D:\develop\node-server\public\ajax.js
[2019-7-1 22:14:13] [11068] [REQUEST] -> D:\favicon.ico
[2019-7-1 22:14:13] [11068] [RES_FILE] -> d:\develop\node-server\public\favicon.ico
[2019-7-1 22:14:18] [11068] [REQUEST] -> D:\api\upfiles
[2019-7-1 22:16:00] [5568] [WORKER STARTUP] -> port: 5000
[2019-7-1 22:16:02] [5568] [REQUEST] -> D:\api\upfiles
[2019-7-1 22:21:29] [1100] [WORKER STARTUP] -> port: 5000
[2019-7-1 22:21:31] [1100] [REQUEST] -> D:\api\upfiles
[2019-7-1 22:24:44] [4980] [WORKER STARTUP] -> port: 5000
[2019-7-1 22:24:46] [4980] [REQUEST] -> D:\api\upfiles
[2019-7-1 22:25:11] [4980] [REQUEST] -> D:\api\upfiles
[2019-7-1 22:25:43] [4980] [REQUEST] -> D:\api\upfiles
[2019-7-1 22:26:04] [4980] [REQUEST] -> D:\api\upfiles
[2019-7-1 22:27:08] [10232] [WORKER STARTUP] -> port: 5000
[2019-7-1 22:27:16] [10232] [REQUEST] -> D:\api\upfiles
[2019-7-1 22:30:13] [10232] [REQUEST] -> D:\api\upfiles
[2019-7-1 22:31:30] [1048] [WORKER STARTUP] -> port: 5000
[2019-7-1 22:31:36] [1048] [REQUEST] -> D:\api\upfiles
[2019-7-1 22:33:45] [1048] [REQUEST] -> D:\api\upfiles
[2019-7-1 22:38:11] [9556] [WORKER STARTUP] -> port: 5000
[2019-7-1 22:38:15] [9556] [REQUEST] -> D:\api\upfiles
[2019-7-1 22:50:28] [11176] [WORKER STARTUP] -> port: 5000
[2019-7-1 22:50:32] [11176] [REQUEST] -> D:\api\upfiles
[2019-7-1 22:53:33] [12272] [WORKER STARTUP] -> port: 5000
[2019-7-1 22:53:35] [12272] [REQUEST] -> D:\api\upfiles
[2019-7-1 22:56:00] [7724] [WORKER STARTUP] -> port: 5000
[2019-7-1 22:56:02] [7724] [REQUEST] -> D:\api\upfiles
[2019-7-1 22:56:26] [5532] [WORKER STARTUP] -> port: 5000
[2019-7-1 22:56:27] [5532] [REQUEST] -> D:\api\upfiles
[2019-7-1 22:59:54] [7224] [WORKER STARTUP] -> port: 5000
[2019-7-1 22:59:57] [7224] [REQUEST] -> D:\api\upfiles
