[2019-8-21 11:34:51] [8704] [WORKER_STARTUP] -> port: 5000
[2019-8-21 11:35:07] [8704] [RES_404] -> D:\api\get
[2019-8-21 11:36:33] [8704] [RES_404] -> D:\
[2019-8-21 11:36:33] [8704] [RES_FILE] -> c:\LUO\develop\nicest\public\favicon.ico
[2019-8-21 11:36:41] [8704] [CONTROLLER] -> D:\api\get
[2019-8-21 11:36:50] [8704] [CONTROLLER] -> D:\api\get
[2019-8-21 11:38:25] [8704] [CONTROLLER] -> D:\api\get
[2019-8-21 11:38:25] [8704] [RES_FILE] -> c:\LUO\develop\nicest\public\favicon.ico
[2019-8-21 11:39:30] [2472] [WORKER_STARTUP] -> port: 5000
[2019-8-21 11:40:54] [2472] [RES_404] -> D:\api\get
[2019-8-21 11:41:12] [2472] [RES_404] -> D:\api\get
[2019-8-21 11:41:20] [2472] [RES_404] -> D:\api\get
[2019-8-21 11:45:03] [1288] [WORKER_STARTUP] -> port: 5000
[2019-8-21 11:46:07] [13648] [WORKER_STARTUP] -> port: 5000
[2019-8-21 11:48:20] [13616] [WORKER_STARTUP] -> port: 5000
[2019-8-21 11:51:27] [7544] [WORKER_STARTUP] -> port: 5000
[2019-8-21 11:52:01] [10804] [WORKER_STARTUP] -> port: 5000
[2019-8-21 11:54:17] [1724] [WORKER_STARTUP] -> port: 5000
[2019-8-21 11:54:21] [1724] [CONTROLLER] -> D:\api\get
[2019-8-21 11:54:31] [1724] [CONTROLLER] -> D:\api\get
[2019-8-21 11:54:58] [3200] [WORKER_STARTUP] -> port: 5000
[2019-8-21 11:55:04] [3200] [CONTROLLER] -> D:\api\get
[2019-8-21 11:55:47] [2704] [WORKER_STARTUP] -> port: 5000
[2019-8-21 11:55:52] [2704] [RES_404] -> D:\api\get
[2019-8-21 11:57:53] [8352] [WORKER_STARTUP] -> port: 5000
[2019-8-21 11:58:11] [8352] [CONTROLLER] -> D:\api\get
[2019-8-21 12:00:01] [512] [WORKER_STARTUP] -> port: 5000
[2019-8-21 12:00:07] [512] [CONTROLLER] -> D:\api\get
[2019-8-21 13:37:49] [13432] [WORKER_STARTUP] -> port: 5000
[2019-8-21 13:37:55] [13432] [CONTROLLER] -> D:\api\get
