[2019-8-30 09:19:24] [208] [WORKER_STARTUP] -> port: 5000
[2019-8-30 09:19:29] [208] [RES_404] -> D:\
[2019-8-30 09:19:29] [208] [RES_FILE] -> c:\LUO\develop\nicest\public\favicon.ico
[2019-8-30 09:37:26] [2356] [WORKER_STARTUP] -> port: 5000
[2019-8-30 09:37:30] [2356] [RES_404] -> D:\
[2019-8-30 09:39:17] [6368] [WORKER_STARTUP] -> port: 5000
[2019-8-30 09:39:19] [6368] [RES_FILE] -> c:\LUO\develop\nicest\public\favicon.ico
[2019-8-30 09:39:23] [6368] [RES_FILE] -> c:\LUO\develop\nicest\public\favicon.ico
[2019-8-30 09:39:26] [6368] [RES_FILE] -> c:\LUO\develop\nicest\public\favicon.ico
[2019-8-30 09:41:20] [11372] [WORKER_STARTUP] -> port: 5000
[2019-8-30 09:41:22] [11372] [RES_FILE] -> c:\LUO\develop\nicest\public\favicon.ico
[2019-8-30 09:41:51] [7772] [WORKER_STARTUP] -> port: 5000
[2019-8-30 09:49:14] [10948] [WORKER_STARTUP] -> port: 5000
[2019-8-30 10:27:04] [2520] [WORKER_STARTUP] -> port: 5000
[2019-8-30 10:27:07] [2520] [RES_404] -> D:\
[2019-8-30 10:27:08] [2520] [RES_FILE] -> c:\LUO\develop\nicest\public\favicon.ico
[2019-8-30 10:29:57] [12556] [WORKER_STARTUP] -> port: 5000
[2019-8-30 10:30:00] [12556] [RES_FILE] -> c:\LUO\develop\nicest\public\favicon.ico
[2019-8-30 10:31:09] [7572] [WORKER_STARTUP] -> port: 5000
[2019-8-30 10:31:13] [7572] [RES_FILE] -> c:\LUO\develop\nicest\public\favicon.ico
[2019-8-30 10:33:14] [6764] [WORKER_STARTUP] -> port: 5000
[2019-8-30 10:40:58] [12692] [WORKER_STARTUP] -> port: 5000
[2019-8-30 10:47:19] [11332] [WORKER_STARTUP] -> port: 5000
[2019-8-30 10:47:24] [11332] [RES_404] -> D:\
[2019-8-30 10:48:47] [1156] [WORKER_STARTUP] -> port: 5000
[2019-8-30 10:48:49] [1156] [RES_FILE] -> c:\LUO\develop\nicest\public\favicon.ico
[2019-8-30 10:49:24] [10096] [WORKER_STARTUP] -> port: 5000
[2019-8-30 10:49:25] [10096] [RES_FILE] -> c:\LUO\develop\nicest\public\favicon.ico
[2019-8-30 10:50:08] [972] [WORKER_STARTUP] -> port: 5000
[2019-8-30 10:50:29] [7136] [WORKER_STARTUP] -> port: 5000
[2019-8-30 10:50:33] [7136] [RES_404] -> D:\
[2019-8-30 10:50:33] [7136] [RES_FILE] -> c:\LUO\develop\nicest\public\favicon.ico
[2019-8-30 10:50:42] [7136] [RES_404] -> D:\pu
[2019-8-30 10:52:25] [12996] [WORKER_STARTUP] -> port: 5000
[2019-8-30 10:52:29] [12996] [RES_404] -> D:\
[2019-8-30 10:53:35] [7712] [WORKER_STARTUP] -> port: 5000
[2019-8-30 10:55:07] [11868] [WORKER_STARTUP] -> port: 5000
[2019-8-30 10:56:43] [8196] [WORKER_STARTUP] -> port: 5000
[2019-8-30 10:56:51] [8196] [RES_404] -> D:\
[2019-8-30 10:57:05] [8196] [RES_404] -> D:\
[2019-8-30 10:57:33] [8196] [RES_404] -> D:\
[2019-8-30 10:57:52] [3164] [WORKER_STARTUP] -> port: 5000
[2019-8-30 10:57:58] [3164] [RES_404] -> D:\j\search_tags
[2019-8-30 10:57:58] [3164] [RES_404] -> D:\j\search_tags
[2019-8-30 10:58:36] [11156] [WORKER_STARTUP] -> port: 5000
[2019-8-30 10:58:39] [11156] [RES_FILE] -> c:\LUO\develop\nicest\public\favicon.ico
[2019-8-30 10:58:50] [12792] [WORKER_STARTUP] -> port: 5000
[2019-8-30 10:58:58] [12792] [RES_404] -> D:\j\search_tags
[2019-8-30 10:58:58] [12792] [RES_404] -> D:\j\search_tags
[2019-8-30 10:59:42] [8216] [WORKER_STARTUP] -> port: 5000
[2019-8-30 10:59:46] [8216] [RES_404] -> D:\j\search_tags
[2019-8-30 10:59:46] [8216] [RES_404] -> D:\j\search_tags
[2019-8-30 11:00:01] [12760] [WORKER_STARTUP] -> port: 5000
[2019-8-30 11:00:04] [12760] [RES_404] -> D:\j\search_tags
[2019-8-30 11:00:04] [12760] [RES_404] -> D:\j\search_tags
[2019-8-30 11:00:57] [1788] [WORKER_STARTUP] -> port: 5000
[2019-8-30 11:01:01] [1788] [RES_FILE] -> c:\LUO\develop\nicest\public\favicon.ico
[2019-8-30 11:01:36] [9968] [WORKER_STARTUP] -> port: 5000
[2019-8-30 11:01:39] [9968] [RES_404] -> D:\j\search_tags
[2019-8-30 11:01:39] [9968] [RES_404] -> D:\j\search_tags
[2019-8-30 11:02:24] [10020] [WORKER_STARTUP] -> port: 5000
[2019-8-30 11:02:29] [10020] [RES_404] -> D:\
[2019-8-30 11:07:58] [4268] [WORKER_STARTUP] -> port: 5000
[2019-8-30 11:08:12] [4268] [RES_404] -> D:\
[2019-8-30 11:08:22] [7424] [WORKER_STARTUP] -> port: 5000
[2019-8-30 11:08:35] [7424] [RES_404] -> D:\
[2019-8-30 11:08:59] [10684] [WORKER_STARTUP] -> port: 5000
[2019-8-30 11:10:34] [3272] [WORKER_STARTUP] -> port: 5000
[2019-8-30 11:10:57] [9760] [WORKER_STARTUP] -> port: 5000
[2019-8-30 11:11:00] [9760] [RES_FILE] -> c:\LUO\develop\nicest\public\favicon.ico
