[2019-6-24 14:57:34] [10392] [MASTER STARTUP] -> NodeServer version: 3.4.2
[2019-6-24 14:57:37] [11800] [WORKER STARTUP] -> port: 5000
[2019-6-24 14:57:45] [11800] [REQUEST] -> C:\
[2019-6-24 14:57:45] [11800] [RES_DIR] -> C:\
[2019-6-24 14:57:46] [11800] [REQUEST] -> C:\LUO\
[2019-6-24 14:57:46] [11800] [RES_DIR] -> C:\LUO\
[2019-6-24 14:57:53] [11800] [REQUEST] -> C:\LUO\develop\
[2019-6-24 14:57:53] [11800] [RES_DIR] -> C:\LUO\develop\
[2019-6-24 14:57:54] [11800] [REQUEST] -> C:\LUO\develop\node-server\
[2019-6-24 14:57:54] [11800] [RES_DIR] -> C:\LUO\develop\node-server\
[2019-6-24 14:57:56] [11800] [REQUEST] -> C:\LUO\develop\node-server\public\
[2019-6-24 14:57:56] [11800] [RES_DIR] -> C:\LUO\develop\node-server\public\
[2019-6-24 14:57:57] [11800] [REQUEST] -> C:\LUO\develop\node-server\public\test.html
[2019-6-24 14:57:57] [11800] [RES_ZIP] -> C:\LUO\develop\node-server\public\test.html
[2019-6-24 14:57:57] [11800] [REQUEST] -> C:\LUO\develop\node-server\public\ajax.js
[2019-6-24 14:57:57] [11800] [RES_ZIP] -> C:\LUO\develop\node-server\public\ajax.js
[2019-6-24 14:58:00] [11800] [REQUEST] -> C:\LUO\develop\node-server\public\test.html
[2019-6-24 14:58:00] [11800] [RES_ZIP] -> C:\LUO\develop\node-server\public\test.html
[2019-6-24 14:58:00] [11800] [REQUEST] -> C:\LUO\develop\node-server\public\ajax.js
[2019-6-24 14:58:00] [11800] [RES_ZIP] -> C:\LUO\develop\node-server\public\ajax.js
[2019-6-24 14:58:00] [11800] [REQUEST] -> C:\favicon.ico
[2019-6-24 14:58:00] [11800] [RES_FILE] -> C:\LUO\develop\node-server\public\favicon.ico
[2019-6-24 14:58:12] [11800] [REQUEST] -> C:\api\get
[2019-6-24 14:58:37] [11800] [REQUEST] -> C:\LUO\develop\node-server\public\test.html
[2019-6-24 14:58:37] [11800] [RES_ZIP] -> C:\LUO\develop\node-server\public\test.html
[2019-6-24 14:58:37] [11800] [REQUEST] -> C:\LUO\develop\node-server\public\ajax.js
[2019-6-24 14:58:37] [11800] [RES_ZIP] -> C:\LUO\develop\node-server\public\ajax.js
[2019-6-24 14:58:37] [11800] [REQUEST] -> C:\favicon.ico
[2019-6-24 14:58:37] [11800] [RES_FILE] -> C:\LUO\develop\node-server\public\favicon.ico
[2019-6-24 14:58:38] [11800] [REQUEST] -> C:\api\get
[2019-6-24 15:02:16] [11800] [REQUEST] -> C:\LUO\develop\node-server\public\test.html
[2019-6-24 15:02:16] [11800] [RES_ZIP] -> C:\LUO\develop\node-server\public\test.html
[2019-6-24 15:02:16] [11800] [REQUEST] -> C:\LUO\develop\node-server\public\ajax.js
[2019-6-24 15:02:16] [11800] [RES_ZIP] -> C:\LUO\develop\node-server\public\ajax.js
[2019-6-24 15:02:16] [11800] [REQUEST] -> C:\favicon.ico
[2019-6-24 15:02:16] [11800] [RES_FILE] -> C:\LUO\develop\node-server\public\favicon.ico
[2019-6-24 15:02:18] [11800] [REQUEST] -> C:\api\post
[2019-6-24 15:02:30] [11800] [REQUEST] -> C:\LUO\develop\node-server\public\test.html
[2019-6-24 15:02:30] [11800] [RES_ZIP] -> C:\LUO\develop\node-server\public\test.html
[2019-6-24 15:02:30] [11800] [REQUEST] -> C:\LUO\develop\node-server\public\ajax.js
[2019-6-24 15:02:30] [11800] [RES_ZIP] -> C:\LUO\develop\node-server\public\ajax.js
[2019-6-24 15:02:30] [11800] [REQUEST] -> C:\favicon.ico
[2019-6-24 15:02:30] [11800] [RES_FILE] -> C:\LUO\develop\node-server\public\favicon.ico
[2019-6-24 15:02:32] [11800] [REQUEST] -> C:\LUO\develop\node-server\public\test.html
[2019-6-24 15:02:32] [11800] [RES_ZIP] -> C:\LUO\develop\node-server\public\test.html
[2019-6-24 15:02:32] [11800] [REQUEST] -> C:\LUO\develop\node-server\public\ajax.js
[2019-6-24 15:02:32] [11800] [RES_ZIP] -> C:\LUO\develop\node-server\public\ajax.js
[2019-6-24 15:02:32] [11800] [REQUEST] -> C:\favicon.ico
[2019-6-24 15:02:32] [11800] [RES_FILE] -> C:\LUO\develop\node-server\public\favicon.ico
[2019-6-24 15:02:33] [11800] [REQUEST] -> C:\api\get
