[2019-9-29 09:09:55] [3860] [WORKER_STARTUP] -> port: 5000
[2019-9-29 09:10:00] [3860] [RES_DIR] -> C:\ +4ms
[2019-9-29 09:10:02] [3860] [RES_DIR] -> C:\LUO\ +1ms
[2019-9-29 09:10:04] [3860] [RES_DIR] -> C:\LUO\develop\ +1ms
[2019-9-29 09:10:17] [3860] [RES_DIR] -> C:\LUO\develop\dayday\ +1ms
[2019-9-29 09:10:19] [3860] [RES_CACHE] -> C:\LUO\develop\dayday\build\index.html +2ms
[2019-9-29 09:10:19] [3860] [RES_404] -> C:\static\js\11.9367dfed.chunk.js +1ms
[2019-9-29 09:10:19] [3860] [RES_404] -> C:\Javascript_Clipper_6.4.2.2\clipper_unminified.js +2ms
[2019-9-29 09:10:19] [3860] [RES_404] -> C:\static\css\11.e8d046a2.chunk.css +2ms
[2019-9-29 09:10:19] [3860] [RES_404] -> C:\static\css\main.05c49257.chunk.css +2ms
[2019-9-29 09:10:19] [3860] [RES_404] -> C:\static\js\main.33c85e3e.chunk.js +0ms
[2019-9-29 09:10:19] [3860] [RES_404] -> C:\static\js\11.9367dfed.chunk.js +1ms
[2019-9-29 09:10:19] [3860] [RES_404] -> C:\static\js\main.33c85e3e.chunk.js +1ms
[2019-9-29 09:10:19] [3860] [RES_404] -> C:\manifest.json +3ms
[2019-9-29 09:10:29] [3860] [RES_404] -> C:\LUO\develop\dayday\build\dw +1ms
[2019-9-29 09:10:40] [3860] [RES_404] -> C:\LUO\develop\dayday\build\dw +1ms
[2019-9-29 09:10:40] [3860] [RES_FILE] -> c:\LUO\develop\nicest\public\favicon.ico +2ms
[2019-9-29 09:10:44] [3860] [RES_ZIP] -> C:\LUO\develop\dayday\build\index.html +2ms
[2019-9-29 09:10:44] [3860] [RES_404] -> C:\Javascript_Clipper_6.4.2.2\clipper_unminified.js +3ms
[2019-9-29 09:10:44] [3860] [RES_404] -> C:\static\css\11.e8d046a2.chunk.css +3ms
[2019-9-29 09:10:44] [3860] [RES_404] -> C:\static\js\11.9367dfed.chunk.js +4ms
[2019-9-29 09:10:44] [3860] [RES_404] -> C:\static\css\main.05c49257.chunk.css +3ms
[2019-9-29 09:10:44] [3860] [RES_404] -> C:\static\js\main.33c85e3e.chunk.js +2ms
[2019-9-29 09:10:44] [3860] [RES_404] -> C:\static\js\11.9367dfed.chunk.js +1ms
[2019-9-29 09:10:44] [3860] [RES_404] -> C:\static\js\main.33c85e3e.chunk.js +0ms
[2019-9-29 09:10:44] [3860] [RES_404] -> C:\manifest.json +1ms
[2019-9-29 09:11:17] [8048] [WORKER_STARTUP] -> port: 5000
[2019-9-29 09:11:21] [8048] [RES_CACHE] -> C:\LUO\develop\dayday\build\index.html +5ms
[2019-9-29 09:11:21] [8048] [RES_ZIP] -> C:\LUO\develop\dayday\build\Javascript_Clipper_6.4.2.2\clipper_unminified.js +4ms
[2019-9-29 09:11:21] [8048] [RES_ZIP] -> C:\LUO\develop\dayday\build\static\css\11.e8d046a2.chunk.css +2ms
[2019-9-29 09:11:21] [8048] [RES_ZIP] -> C:\LUO\develop\dayday\build\static\css\main.05c49257.chunk.css +1ms
[2019-9-29 09:11:21] [8048] [RES_ZIP] -> C:\LUO\develop\dayday\build\static\js\main.33c85e3e.chunk.js +3ms
[2019-9-29 09:11:21] [8048] [RES_ZIP] -> C:\LUO\develop\dayday\build\static\js\11.9367dfed.chunk.js +2ms
[2019-9-29 09:11:22] [8048] [RES_ZIP] -> C:\LUO\develop\dayday\build\static\js\2.d2dfb1c5.chunk.js +1ms
[2019-9-29 09:11:22] [8048] [RES_ZIP] -> C:\LUO\develop\dayday\build\static\js\1.b2f76412.chunk.js +1ms
[2019-9-29 09:11:22] [8048] [RES_ZIP] -> C:\LUO\develop\dayday\build\static\js\6.352717e0.chunk.js +1ms
[2019-9-29 09:11:22] [8048] [RES_ZIP] -> C:\LUO\develop\dayday\build\static\js\14.6b20615c.chunk.js +1ms
[2019-9-29 09:11:22] [8048] [RES_ZIP] -> C:\LUO\develop\dayday\build\static\js\20.c8b4d752.chunk.js +2ms
[2019-9-29 09:11:22] [8048] [RES_FILE] -> C:\LUO\develop\dayday\build\static\js\11.9367dfed.chunk.js.map +2ms
[2019-9-29 09:11:22] [8048] [RES_FILE] -> C:\LUO\develop\dayday\build\static\js\main.33c85e3e.chunk.js.map +1ms
[2019-9-29 09:11:22] [8048] [RES_FILE] -> C:\LUO\develop\dayday\build\static\css\11.e8d046a2.chunk.css.map +1ms
[2019-9-29 09:11:22] [8048] [RES_FILE] -> C:\LUO\develop\dayday\build\static\css\main.05c49257.chunk.css.map +1ms
[2019-9-29 09:11:22] [8048] [RES_FILE] -> C:\LUO\develop\dayday\build\static\js\2.d2dfb1c5.chunk.js.map +2ms
[2019-9-29 09:11:22] [8048] [RES_FILE] -> C:\LUO\develop\dayday\build\static\js\1.b2f76412.chunk.js.map +1ms
[2019-9-29 09:11:22] [8048] [RES_FILE] -> C:\LUO\develop\dayday\build\static\js\20.c8b4d752.chunk.js.map +1ms
[2019-9-29 09:11:22] [8048] [RES_FILE] -> C:\LUO\develop\dayday\build\static\js\14.6b20615c.chunk.js.map +1ms
[2019-9-29 09:11:22] [8048] [RES_ZIP] -> C:\LUO\develop\dayday\build\static\js\5.7880dfd9.chunk.js +4ms
[2019-9-29 09:11:22] [8048] [RES_ZIP] -> C:\LUO\develop\dayday\build\static\js\3.e9797245.chunk.js +3ms
[2019-9-29 09:11:22] [8048] [RES_ZIP] -> C:\LUO\develop\dayday\build\static\css\12.e3b8aec5.chunk.css +2ms
[2019-9-29 09:11:22] [8048] [RES_ZIP] -> C:\LUO\develop\dayday\build\static\js\12.4faf074c.chunk.js +3ms
[2019-9-29 09:11:22] [8048] [RES_FILE] -> C:\LUO\develop\dayday\build\manifest.json +3ms
[2019-9-29 09:11:22] [8048] [RES_FILE] -> C:\LUO\develop\dayday\build\static\js\6.352717e0.chunk.js.map +1ms
[2019-9-29 09:11:22] [8048] [RES_FILE] -> C:\LUO\develop\dayday\build\static\media\logo.ee7cd8ed.svg +0ms
[2019-9-29 09:11:22] [8048] [RES_FILE] -> C:\LUO\develop\dayday\build\static\js\5.7880dfd9.chunk.js.map +2ms
[2019-9-29 09:11:22] [8048] [RES_FILE] -> C:\LUO\develop\dayday\build\static\js\3.e9797245.chunk.js.map +1ms
[2019-9-29 09:11:22] [8048] [RES_FILE] -> C:\LUO\develop\dayday\build\static\js\12.4faf074c.chunk.js.map +1ms
[2019-9-29 09:11:22] [8048] [RES_FILE] -> C:\LUO\develop\dayday\build\static\css\12.e3b8aec5.chunk.css.map +1ms
[2019-9-29 09:11:26] [8048] [RES_ZIP] -> C:\LUO\develop\dayday\build\static\css\21.7249f42c.chunk.css +2ms
[2019-9-29 09:11:26] [8048] [RES_ZIP] -> C:\LUO\develop\dayday\build\static\js\21.98fdb50a.chunk.js +2ms
[2019-9-29 09:11:26] [8048] [RES_ZIP] -> C:\LUO\develop\dayday\build\static\js\33.6a8b623e.chunk.js +1ms
[2019-9-29 09:11:26] [8048] [RES_FILE] -> C:\LUO\develop\dayday\build\static\css\21.7249f42c.chunk.css.map +1ms
[2019-9-29 09:11:26] [8048] [RES_FILE] -> C:\LUO\develop\dayday\build\static\js\21.98fdb50a.chunk.js.map +1ms
[2019-9-29 09:11:26] [8048] [RES_FILE] -> C:\LUO\develop\dayday\build\static\js\33.6a8b623e.chunk.js.map +1ms
[2019-9-29 09:11:27] [8048] [RES_ZIP] -> C:\LUO\develop\dayday\build\index.html +2ms
[2019-9-29 09:11:27] [8048] [RES_FILE] -> c:\LUO\develop\nicest\public\favicon.ico +0ms
[2019-9-29 09:12:05] [8048] [RES_ZIP] -> C:\LUO\develop\dayday\build\index.html +2ms
[2019-9-29 09:12:09] [8048] [RES_ZIP] -> C:\LUO\develop\dayday\build\index.html +5ms
[2019-9-29 09:12:09] [8048] [RES_FILE] -> c:\LUO\develop\nicest\public\favicon.ico +1ms
[2019-9-29 09:12:15] [8048] [RES_ZIP] -> C:\LUO\develop\dayday\build\index.html +1ms
[2019-9-29 09:12:15] [8048] [RES_ZIP] -> C:\LUO\develop\dayday\build\static\js\15.9c4cfaf3.chunk.js +0ms
[2019-9-29 09:12:15] [8048] [RES_FILE] -> C:\LUO\develop\dayday\build\static\js\15.9c4cfaf3.chunk.js.map +3ms
[2019-9-29 09:26:19] [9020] [WORKER_STARTUP] -> port: 5000
[2019-9-29 09:26:28] [9020] [RES_404] -> C:\login +9ms
[2019-9-29 09:26:28] [9020] [RES_FILE] -> c:\LUO\develop\nicest\public\favicon.ico +2ms
[2019-9-29 09:26:46] [9020] [RES_404] -> C:\login +1ms
[2019-9-29 09:26:46] [9020] [RES_FILE] -> c:\LUO\develop\nicest\public\favicon.ico +1ms
[2019-9-29 09:26:49] [9020] [RES_404] -> C:\dwq +0ms
[2019-9-29 09:26:52] [9020] [RES_404] -> C:\dwq +2ms
[2019-9-29 09:26:52] [9020] [RES_FILE] -> c:\LUO\develop\nicest\public\favicon.ico +1ms
[2019-9-29 09:27:14] [9020] [RES_DIR] -> C:\LUO +2ms
[2019-9-29 09:27:27] [9020] [RES_404] -> C:\login +1ms
[2019-9-29 09:27:27] [9020] [RES_FILE] -> c:\LUO\develop\nicest\public\favicon.ico +1ms
[2019-9-29 09:27:31] [9020] [RES_404] -> C:\login +2ms
[2019-9-29 09:27:31] [9020] [RES_FILE] -> c:\LUO\develop\nicest\public\favicon.ico +1ms
[2019-9-29 09:27:35] [9020] [RES_404] -> C:\login +1ms
[2019-9-29 09:27:35] [9020] [RES_FILE] -> c:\LUO\develop\nicest\public\favicon.ico +1ms
[2019-9-29 09:27:41] [9020] [RES_404] -> C:\login +1ms
[2019-9-29 09:27:41] [9020] [RES_FILE] -> c:\LUO\develop\nicest\public\favicon.ico +1ms
[2019-9-29 09:28:10] [9020] [RES_DIR] -> C:\LUO +2ms
[2019-9-29 09:28:11] [9020] [RES_DIR] -> C:\LUO\develop\ +1ms
[2019-9-29 09:28:13] [9020] [RES_DIR] -> C:\LUO\develop\ +1ms
[2019-9-29 09:28:13] [9020] [RES_FILE] -> c:\LUO\develop\nicest\public\favicon.ico +2ms
[2019-9-29 09:28:14] [9020] [RES_DIR] -> C:\LUO\develop\ +6ms
[2019-9-29 09:28:14] [9020] [RES_FILE] -> c:\LUO\develop\nicest\public\favicon.ico +1ms
[2019-9-29 09:28:14] [9020] [RES_DIR] -> C:\LUO\develop\ +3ms
[2019-9-29 09:28:14] [9020] [RES_FILE] -> c:\LUO\develop\nicest\public\favicon.ico +2ms
[2019-9-29 09:28:15] [9020] [RES_DIR] -> C:\LUO\develop\ +3ms
[2019-9-29 09:28:15] [9020] [RES_FILE] -> c:\LUO\develop\nicest\public\favicon.ico +1ms
[2019-9-29 09:28:16] [9020] [RES_DIR] -> C:\LUO\develop\ +1ms
[2019-9-29 09:28:16] [9020] [RES_FILE] -> c:\LUO\develop\nicest\public\favicon.ico +0ms
[2019-9-29 09:28:17] [9020] [RES_DIR] -> C:\LUO\develop\nicest\ +1ms
[2019-9-29 09:28:20] [9020] [RES_FILE] -> C:\LUO\develop\nicest\app.exe +0ms
[2019-9-29 09:28:25] [9020] [RES_DIR] -> C:\LUO\develop\nicest\.vscode\ +1ms
[2019-9-29 09:28:26] [9020] [RES_FILE] -> C:\LUO\develop\nicest\.vscode\launch.json +0ms
[2019-9-29 09:28:30] [9020] [RES_FILE] -> C:\LUO\develop\nicest\.vscode\tasks.json +1ms
[2019-9-29 09:28:42] [9020] [RES_DIR] -> C:\LUO\develop\nicest\.git\ +1ms
[2019-9-29 09:28:44] [9020] [RES_DIR] -> C:\LUO\develop\nicest\.git\logs\ +1ms
[2019-9-29 09:28:46] [9020] [RES_DIR] -> C:\LUO\develop\nicest\.git\logs\refs\ +1ms
[2019-9-29 09:28:47] [9020] [RES_DIR] -> C:\LUO\develop\nicest\.git\logs\refs\remotes\ +1ms
[2019-9-29 09:28:47] [9020] [RES_DIR] -> C:\LUO\develop\nicest\.git\logs\refs\remotes\origin\ +1ms
[2019-9-29 09:28:52] [9020] [RES_FILE] -> C:\LUO\develop\nicest\.git\logs\refs\remotes\origin\master +2ms
[2019-9-29 09:29:01] [9020] [RES_DIR] -> C:\LUO\develop\nicest\node_modules\ +2ms
[2019-9-29 09:29:02] [9020] [RES_DIR] -> C:\LUO\develop\nicest\node_modules\.bin\ +1ms
[2019-9-29 09:29:06] [9020] [RES_DIR] -> C:\LUO\develop\nicest\src\ +1ms
[2019-9-29 09:29:07] [9020] [RES_DIR] -> C:\LUO\develop\nicest\src\middleware\ +3ms
[2019-9-29 09:29:08] [9020] [RES_FILE] -> C:\LUO\develop\nicest\src\middleware\GetToken.ts +0ms
[2019-9-29 09:29:13] [9020] [RES_FILE] -> C:\LUO\develop\nicest\src\middleware\CheckController.ts +1ms
[2019-9-29 13:41:03] [2500] [WORKER_STARTUP] -> port: 5000
[2019-9-29 13:41:06] [2500] [RES_DIR] -> C:\ +4ms
[2019-9-29 13:41:06] [2500] [RES_FILE] -> c:\LUO\develop\nicest\public\favicon.ico +2ms
[2019-9-29 13:41:07] [2500] [RES_DIR] -> C:\LUO\ +1ms
[2019-9-29 13:41:08] [2500] [RES_DIR] -> C:\LUO\develop\ +1ms
[2019-9-29 13:41:10] [2500] [RES_DIR] -> C:\LUO\develop\dayday\ +1ms
[2019-9-29 13:41:11] [2500] [RES_CACHE] -> C:\LUO\develop\dayday\build\index.html +1ms
[2019-9-29 13:41:11] [2500] [RES_404] -> C:\Javascript_Clipper_6.4.2.2\clipper_unminified.js +2ms
[2019-9-29 13:41:11] [2500] [RES_404] -> C:\static\css\11.e8d046a2.chunk.css +1ms
[2019-9-29 13:41:11] [2500] [RES_404] -> C:\static\css\main.05c49257.chunk.css +1ms
[2019-9-29 13:41:11] [2500] [RES_404] -> C:\static\js\11.9367dfed.chunk.js +2ms
[2019-9-29 13:41:11] [2500] [RES_404] -> C:\static\js\main.33c85e3e.chunk.js +3ms
[2019-9-29 13:41:11] [2500] [RES_404] -> C:\static\css\11.e8d046a2.chunk.css +1ms
[2019-9-29 13:41:11] [2500] [RES_404] -> C:\static\css\main.05c49257.chunk.css +1ms
[2019-9-29 13:41:11] [2500] [RES_404] -> C:\static\js\11.9367dfed.chunk.js +1ms
[2019-9-29 13:41:11] [2500] [RES_404] -> C:\static\js\main.33c85e3e.chunk.js +1ms
[2019-9-29 13:41:11] [2500] [RES_404] -> C:\manifest.json +1ms
[2019-9-29 13:43:15] [11624] [WORKER_STARTUP] -> port: 5000
[2019-9-29 13:43:23] [11624] [RES_DIR] -> C:\ +7ms
[2019-9-29 13:58:15] [684] [WORKER_STARTUP] -> port: 5000
[2019-9-29 13:58:21] [684] [RES_DIR] -> C:\LUO\ +4ms
[2019-9-29 13:58:22] [684] [RES_DIR] -> C:\LUO\develop\ +1ms
[2019-9-29 13:58:23] [684] [RES_DIR] -> C:\LUO\develop\archive\ +1ms
[2019-9-29 13:58:25] [684] [RES_DIR] -> C:\LUO\develop\archive\js\ +2ms
[2019-9-29 13:58:26] [684] [RES_DIR] -> C:\LUO\develop\archive\js\closure\ +1ms
[2019-9-29 13:58:27] [684] [RES_ZIP] -> C:\LUO\develop\archive\js\closure\demo2.js +5ms
[2019-9-29 13:58:39] [684] [RES_ZIP] -> C:\LUO\develop\archive\js\closure\demo3.js +1ms
[2019-9-29 13:58:43] [684] [RES_DIR] -> C:\LUO\develop\archive\js\Reg\ +2ms
[2019-9-29 13:58:44] [684] [RES_ZIP] -> C:\LUO\develop\archive\js\Reg\exec.js +1ms
[2019-9-29 13:58:48] [684] [RES_DIR] -> C:\LUO\develop\archive\md\ +2ms
[2019-9-29 13:58:49] [684] [RES_FILE] -> C:\LUO\develop\archive\md\curl.md +1ms
[2019-9-29 13:58:52] [684] [RES_FILE] -> C:\LUO\develop\archive\md\ab.md +2ms
[2019-9-29 13:58:56] [684] [RES_FILE] -> C:\LUO\develop\archive\md\shell.md +1ms
[2019-9-29 13:59:18] [684] [RES_FILE] -> C:\LUO\develop\archive\md\jl.docx +1ms
[2019-9-29 13:59:27] [684] [RES_DIR] -> C:\LUO\develop\archive\https\ +1ms
[2019-9-29 14:00:45] [684] [RES_FILE] -> C:\LUO\develop\archive\https\ca.srl +2ms
[2019-9-29 14:00:47] [684] [RES_FILE] -> C:\LUO\develop\archive\https\ca.crt +1ms
[2019-9-29 14:00:54] [684] [RES_FILE] -> C:\LUO\develop\archive\https\ca.csr +1ms
[2019-9-29 14:00:56] [684] [RES_FILE] -> C:\LUO\develop\archive\https\server.key +2ms
[2019-9-29 14:01:05] [684] [RES_FILE] -> C:\LUO\develop\archive\https\openssl.cnf +1ms
[2019-9-29 14:01:30] [684] [RES_FILE] -> C:\LUO\develop\archive\https\server.pem +1ms
[2019-9-29 14:01:38] [684] [RES_404] -> C:\hiberfil.sys +1ms
[2019-9-29 14:01:40] [684] [ERROR] -> EPERM: operation not permitted, scandir 'C:\Documents and Settings'
[2019-9-29 14:01:40] [684] [RES_404] -> C:\Documents and Settings +1ms
[2019-9-29 14:01:41] [684] [RES_404] -> C:\Config.Msi\ +1ms
[2019-9-29 14:01:43] [684] [RES_DIR] -> C:\$Recycle.Bin\ +1ms
[2019-9-29 14:02:16] [684] [RES_404] -> C:\pagefile.sys +1ms
[2019-9-29 14:02:26] [684] [RES_FILE] -> C:\UkLog.dat +1ms
