[2019-7-18 20:46:39] [8208] [WORKER_STARTUP] -> port: 5000
[2019-7-18 20:46:43] [8208] [REQUEST] -> C:\
[2019-7-18 20:46:43] [8208] [RES_DIR] -> C:\
[2019-7-18 20:47:09] [8208] [REQUEST] -> C:\api\get
[2019-7-18 20:59:19] [9960] [WORKER_STARTUP] -> port: 5000
[2019-7-18 20:59:26] [9960] [REQUEST] -> C:\api\get
[2019-7-18 20:59:26] [9960] [RES_404] -> C:\api\get
[2019-7-18 20:59:26] [9960] [REQUEST] -> C:\favicon.ico
[2019-7-18 20:59:26] [9960] [RES_FILE] -> d:\develop\nicest\public\favicon.ico
[2019-7-18 21:00:58] [4748] [WORKER_STARTUP] -> port: 5000
[2019-7-18 21:01:00] [4748] [REQUEST] -> C:\api\get
[2019-7-18 21:01:00] [4748] [REQUEST] -> C:\favicon.ico
[2019-7-18 21:01:00] [4748] [RES_FILE] -> d:\develop\nicest\public\favicon.ico
[2019-7-18 21:01:12] [4748] [REQUEST] -> C:\api\json
[2019-7-18 21:01:12] [4748] [RES_404] -> C:\api\json
[2019-7-18 21:01:26] [4748] [REQUEST] -> C:\api\jsonp
[2019-7-18 21:01:30] [4748] [REQUEST] -> C:\api\jsonp
[2019-7-18 21:01:40] [4748] [REQUEST] -> C:\
[2019-7-18 21:01:40] [4748] [RES_DIR] -> C:\
[2019-7-18 21:01:42] [4748] [REQUEST] -> C:\Program Files\
[2019-7-18 21:01:42] [4748] [RES_DIR] -> C:\Program Files\
[2019-7-18 21:01:43] [4748] [REQUEST] -> C:\
[2019-7-18 21:01:43] [4748] [RES_DIR] -> C:\
[2019-7-18 21:14:18] [9952] [MASTER_STARTUP] -> Nicest version: 3.5.5
[2019-7-18 21:14:18] [10276] [WORKER_STARTUP] -> port: 5000
[2019-7-18 21:14:49] [10276] [REQUEST] -> C:\
[2019-7-18 21:14:49] [10276] [RES_DIR] -> C:\
[2019-7-18 21:15:44] [10276] [REQUEST] -> C:\
[2019-7-18 21:15:47] [10276] [RES_DIR] -> C:\
[2019-7-18 21:15:47] [10276] [REQUEST] -> C:\favicon.ico
[2019-7-18 21:15:47] [10276] [RES_FILE] -> D:\develop\nicest\public\favicon.ico
[2019-7-18 21:15:54] [10276] [REQUEST] -> C:\Program Files\
[2019-7-18 21:15:54] [10276] [RES_DIR] -> C:\Program Files\
[2019-7-18 21:16:07] [2628] [MASTER_STARTUP] -> Nicest version: 3.5.5
[2019-7-18 21:16:08] [10960] [WORKER_STARTUP] -> port: 5000
[2019-7-18 21:16:54] [6076] [MASTER_STARTUP] -> Nicest version: 3.5.5
[2019-7-18 21:16:54] [11448] [WORKER_STARTUP] -> port: 5000
[2019-7-18 21:17:01] [11448] [REQUEST] -> C:\Program Files\
[2019-7-18 21:17:01] [11448] [RES_DIR] -> C:\Program Files\
[2019-7-18 21:17:01] [11448] [REQUEST] -> C:\favicon.ico
[2019-7-18 21:17:01] [11448] [RES_FILE] -> D:\develop\nicest\public\favicon.ico
