[2019-7-19 12:44:07] [10648] [WORKER_STARTUP] -> port: 5000
[2019-7-19 12:44:12] [10648] [REQUEST] -> C:\
[2019-7-19 12:44:12] [10648] [REDIRECT] -> /login
[2019-7-19 12:44:12] [10648] [REQUEST] -> C:\login
[2019-7-19 12:44:18] [10648] [REQUEST] -> C:\dwq
[2019-7-19 12:44:18] [10648] [REDIRECT] -> /login
[2019-7-19 12:44:18] [10648] [REQUEST] -> C:\login
[2019-7-19 12:44:24] [10648] [REQUEST] -> C:\getToken
[2019-7-19 12:44:24] [10648] [REDIRECT] -> /
[2019-7-19 12:44:24] [10648] [REQUEST] -> C:\
[2019-7-19 12:44:24] [10648] [RES_DIR] -> C:\
[2019-7-19 12:44:28] [10648] [REQUEST] -> C:\
[2019-7-19 12:44:28] [10648] [RES_DIR] -> C:\
[2019-7-19 12:44:28] [10648] [REQUEST] -> C:\favicon.ico
[2019-7-19 12:44:28] [10648] [RES_FILE] -> c:\LUO\develop\nicest\public\favicon.ico
[2019-7-19 12:44:41] [10648] [REQUEST] -> C:\login
[2019-7-19 12:44:48] [10648] [REQUEST] -> C:\
[2019-7-19 12:44:48] [10648] [RES_DIR] -> C:\
[2019-7-19 12:44:50] [10648] [REQUEST] -> C:\
[2019-7-19 12:44:50] [10648] [RES_DIR] -> C:\
[2019-7-19 12:44:50] [10648] [REQUEST] -> C:\favicon.ico
[2019-7-19 12:44:50] [10648] [RES_FILE] -> c:\LUO\develop\nicest\public\favicon.ico
[2019-7-19 12:44:52] [10648] [REQUEST] -> C:\
[2019-7-19 12:44:52] [10648] [REDIRECT] -> /login
[2019-7-19 12:44:52] [10648] [REQUEST] -> C:\login
[2019-7-19 12:44:52] [10648] [REQUEST] -> C:\favicon.ico
[2019-7-19 12:44:52] [10648] [RES_FILE] -> c:\LUO\develop\nicest\public\favicon.ico
