[2019-7-16 22:05:18] [3568] [WORKER_STARTUP] -> port: 5000
[2019-7-16 22:06:08] [3568] [REQUEST] -> C:\api\post
[2019-7-16 22:20:56] [3568] [REQUEST] -> C:\api\post
[2019-7-16 22:21:05] [3568] [REQUEST] -> C:\api\post
[2019-7-16 22:21:16] [3568] [REQUEST] -> C:\api\post
[2019-7-16 22:21:19] [3568] [REQUEST] -> C:\api\post
[2019-7-16 22:22:21] [3568] [REQUEST] -> C:\api\post
[2019-7-16 22:22:24] [3568] [REQUEST] -> C:\api\post
[2019-7-16 22:22:43] [3568] [REQUEST] -> C:\api\posts
[2019-7-16 22:22:43] [3568] [RES_404] -> C:\api\posts
[2019-7-16 22:25:10] [3568] [REQUEST] -> C:\api\post
[2019-7-16 22:29:02] [3568] [REQUEST] -> C:\api\post
[2019-7-16 22:30:06] [3568] [REQUEST] -> C:\api\post
[2019-7-16 22:31:45] [3568] [REQUEST] -> C:\api\get
[2019-7-16 22:32:40] [3568] [REQUEST] -> C:\api\get
[2019-7-16 22:35:29] [3568] [REQUEST] -> C:\api\post
[2019-7-16 22:35:46] [3568] [REQUEST] -> C:\api\post
[2019-7-16 22:35:50] [3568] [REQUEST] -> C:\api\post
[2019-7-16 22:36:00] [3568] [REQUEST] -> C:\api\post
[2019-7-16 22:36:12] [3568] [REQUEST] -> C:\api\post
[2019-7-16 22:36:30] [3568] [REQUEST] -> C:\api\post
[2019-7-16 22:36:30] [3568] [RES_404] -> C:\api\post
[2019-7-16 22:36:50] [3568] [REQUEST] -> C:\api\get
[2019-7-16 22:36:58] [3568] [REQUEST] -> C:\api\get
[2019-7-16 22:37:24] [3568] [REQUEST] -> C:\api\get
[2019-7-16 22:37:30] [3568] [REQUEST] -> C:\api\get
[2019-7-16 22:37:35] [3568] [REQUEST] -> C:\api\get
[2019-7-16 22:44:29] [3568] [REQUEST] -> C:\api\get
[2019-7-16 22:44:45] [3568] [REQUEST] -> C:\api\post
[2019-7-16 22:48:10] [3568] [REQUEST] -> C:\api\post
[2019-7-16 22:48:22] [3568] [REQUEST] -> C:\api\post
[2019-7-16 22:50:00] [3568] [REQUEST] -> C:\api\post
[2019-7-16 22:50:55] [3568] [REQUEST] -> C:\api\post
[2019-7-16 22:51:30] [3568] [REQUEST] -> C:\api\post
[2019-7-16 22:52:19] [3568] [REQUEST] -> C:\api\rand\155454
[2019-7-16 22:52:19] [3568] [RES_404] -> C:\api\rand\155454
[2019-7-16 22:52:29] [3568] [REQUEST] -> C:\api\rand\155454
[2019-7-16 22:52:34] [3568] [REQUEST] -> C:\api\rand\155454
[2019-7-16 22:52:34] [3568] [RES_404] -> C:\api\rand\155454
[2019-7-16 22:54:05] [3568] [REQUEST] -> C:\api\rand\155454
[2019-7-16 22:54:05] [3568] [RES_404] -> C:\api\rand\155454
[2019-7-16 22:55:03] [3568] [REQUEST] -> C:\api\rand\155454
[2019-7-16 22:55:03] [3568] [RES_404] -> C:\api\rand\155454
[2019-7-16 22:55:41] [3568] [REQUEST] -> C:\api\rand\155454
[2019-7-16 22:55:41] [3568] [RES_404] -> C:\api\rand\155454
[2019-7-16 22:56:05] [3568] [REQUEST] -> C:\api\rand\155454
[2019-7-16 22:56:05] [3568] [RES_404] -> C:\api\rand\155454
[2019-7-16 22:56:29] [3568] [REQUEST] -> C:\api\rand\155454
[2019-7-16 22:56:29] [3568] [RES_404] -> C:\api\rand\155454
[2019-7-16 22:56:42] [3568] [REQUEST] -> C:\api\rand\155454
[2019-7-16 22:56:42] [3568] [RES_404] -> C:\api\rand\155454
[2019-7-16 22:57:31] [3568] [REQUEST] -> C:\api\rand\155454
[2019-7-16 22:57:31] [3568] [RES_404] -> C:\api\rand\155454
[2019-7-16 22:58:16] [3568] [REQUEST] -> C:\api\rand\155454
[2019-7-16 22:58:16] [3568] [RES_404] -> C:\api\rand\155454
[2019-7-16 22:58:28] [3568] [REQUEST] -> C:\api\rand\155454
[2019-7-16 22:58:37] [3568] [REQUEST] -> C:\api\rand\155454
[2019-7-16 22:59:57] [3568] [REQUEST] -> C:\api\rand\155454
[2019-7-16 22:59:57] [3568] [RES_404] -> C:\api\rand\155454
[2019-7-16 23:00:17] [3568] [REQUEST] -> C:\api\rand\155454
[2019-7-16 23:00:17] [3568] [RES_404] -> C:\api\rand\155454
[2019-7-16 23:00:39] [3568] [REQUEST] -> C:\api\rand\155454
[2019-7-16 23:00:39] [3568] [RES_404] -> C:\api\rand\155454
[2019-7-16 23:01:05] [3568] [REQUEST] -> C:\api\rand\155454
[2019-7-16 23:01:05] [3568] [RES_404] -> C:\api\rand\155454
[2019-7-16 23:01:24] [3568] [REQUEST] -> C:\api\rand\155454
[2019-7-16 23:01:24] [3568] [RES_404] -> C:\api\rand\155454
[2019-7-16 23:01:37] [3568] [REQUEST] -> C:\api\rand\155454
[2019-7-16 23:01:37] [3568] [RES_404] -> C:\api\rand\155454
[2019-7-16 23:02:23] [3568] [REQUEST] -> C:\api\post
