[2019-6-13 15:23:55] [WORKER STARTUP] pid: 11488 -> port: 5000
[2019-6-13 15:24:45] [REQUEST] pid: 11488 -> D:\api\post
[2019-6-13 15:25:40] [REQUEST] pid: 11488 -> D:\api\post
[2019-6-13 15:27:13] [REQUEST] pid: 11488 -> D:\api\post
[2019-6-13 15:29:11] [REQUEST] pid: 11488 -> D:\api\post
[2019-6-13 15:29:38] [REQUEST] pid: 11488 -> D:\api\post
[2019-6-13 15:29:48] [REQUEST] pid: 11488 -> D:\api\post
[2019-6-13 15:30:09] [REQUEST] pid: 11488 -> D:\api\post
[2019-6-13 15:30:49] [REQUEST] pid: 11488 -> D:\api\post
[2019-6-13 15:30:59] [REQUEST] pid: 11488 -> D:\api\post
[2019-6-13 15:31:09] [REQUEST] pid: 11488 -> D:\api\post
[2019-6-13 15:31:34] [REQUEST] pid: 11488 -> D:\api\post
[2019-6-13 15:32:28] [REQUEST] pid: 11488 -> D:\api\post
[2019-6-13 15:32:40] [REQUEST] pid: 11488 -> D:\api\post
[2019-6-13 15:36:10] [REQUEST] pid: 11488 -> D:\api\post
[2019-6-13 15:37:00] [REQUEST] pid: 11488 -> D:\api\post
[2019-6-13 15:37:12] [REQUEST] pid: 11488 -> D:\api\post
[2019-6-13 15:40:49] [REQUEST] pid: 11488 -> D:\api\post
[2019-6-13 21:40:51] [WORKER STARTUP] pid: 9008 -> port: 5000
[2019-6-13 21:42:29] [REQUEST] pid: 9008 -> D:\api\post
[2019-6-13 21:43:55] [REQUEST] pid: 9008 -> D:\api\get
[2019-6-13 21:45:23] [REQUEST] pid: 9008 -> D:\api\get
[2019-6-13 21:45:48] [REQUEST] pid: 9008 -> D:\api\get
[2019-6-13 21:46:08] [REQUEST] pid: 9008 -> D:\api\get
[2019-6-13 21:46:36] [REQUEST] pid: 9008 -> D:\api\get
[2019-6-13 22:02:35] [REQUEST] pid: 9008 -> D:\api\get
[2019-6-13 22:02:42] [REQUEST] pid: 9008 -> D:\api\post
[2019-6-13 22:06:54] [REQUEST] pid: 9008 -> D:\api\post
[2019-6-13 22:48:29] [WORKER STARTUP] pid: 10452 -> port: 5000
[2019-6-13 22:48:33] [REQUEST] pid: 10452 -> D:\
[2019-6-13 22:49:06] [REQUEST] pid: 10452 -> D:\
[2019-6-13 23:02:11] [WORKER STARTUP] pid: 3932 -> port: 5000
[2019-6-13 23:02:13] [REQUEST] pid: 3932 -> D:\
[2019-6-13 23:02:24] [WORKER STARTUP] pid: 12404 -> port: 5000
[2019-6-13 23:02:26] [REQUEST] pid: 12404 -> D:\
[2019-6-13 23:02:26] [RES_DIR] pid: 12404 -> D:\
[2019-6-13 23:02:26] [REQUEST] pid: 12404 -> D:\favicon.ico
[2019-6-13 23:02:26] [RES_FILE] pid: 12404 -> d:\develop\node-server\public\favicon.ico
[2019-6-13 23:02:31] [REQUEST] pid: 12404 -> D:\develop\
[2019-6-13 23:02:31] [RES_DIR] pid: 12404 -> D:\develop\
[2019-6-13 23:02:37] [REQUEST] pid: 12404 -> D:\develop\reactlearn\
[2019-6-13 23:02:37] [RES_DIR] pid: 12404 -> D:\develop\reactlearn\
[2019-6-13 23:02:39] [REQUEST] pid: 12404 -> D:\develop\reactlearn\build\
[2019-6-13 23:02:39] [RES_ZIP] pid: 12404 -> D:\develop\reactlearn\build\index.html
[2019-6-13 23:02:39] [REQUEST] pid: 12404 -> D:\static\css\6.7e43122a.chunk.css
[2019-6-13 23:02:39] [REQUEST] pid: 12404 -> D:\static\css\main.e753572a.chunk.css
[2019-6-13 23:02:39] [REQUEST] pid: 12404 -> D:\static\js\6.acf64e7d.chunk.js
[2019-6-13 23:02:39] [REQUEST] pid: 12404 -> D:\static\js\main.cd843bd3.chunk.js
[2019-6-13 23:02:39] [404] pid: 12404 -> D:\static\css\6.7e43122a.chunk.css
[2019-6-13 23:02:39] [404] pid: 12404 -> D:\static\css\main.e753572a.chunk.css
[2019-6-13 23:02:39] [404] pid: 12404 -> D:\static\js\6.acf64e7d.chunk.js
[2019-6-13 23:02:39] [404] pid: 12404 -> D:\static\js\main.cd843bd3.chunk.js
[2019-6-13 23:02:39] [REQUEST] pid: 12404 -> D:\manifest.json
[2019-6-13 23:02:39] [404] pid: 12404 -> D:\manifest.json
[2019-6-13 23:02:46] [REQUEST] pid: 12404 -> D:\develop\node-server\
[2019-6-13 23:02:46] [RES_DIR] pid: 12404 -> D:\develop\node-server\
[2019-6-13 23:03:10] [REQUEST] pid: 12404 -> D:\develop\node-server\public\
[2019-6-13 23:03:10] [RES_ZIP] pid: 12404 -> D:\develop\node-server\public\index.html
[2019-6-13 23:03:13] [REQUEST] pid: 12404 -> D:\develop\node-server\public\
[2019-6-13 23:03:13] [RES_CACHE] pid: 12404 -> D:\develop\node-server\public\index.html
[2019-6-13 23:03:13] [REQUEST] pid: 12404 -> D:\favicon.ico
[2019-6-13 23:03:13] [RES_FILE] pid: 12404 -> d:\develop\node-server\public\favicon.ico
[2019-6-13 23:04:29] [WORKER STARTUP] pid: 12468 -> port: 5000
[2019-6-13 23:04:31] [REQUEST] pid: 12468 -> D:\
[2019-6-13 23:04:31] [RES_DIR] pid: 12468 -> D:\
[2019-6-13 23:04:35] [REQUEST] pid: 12468 -> D:\System Volume Information\
[2019-6-13 23:04:35] [404] pid: 12468 -> D:\System Volume Information\
[2019-6-13 23:04:44] [REQUEST] pid: 12468 -> D:\pagefile.sys
[2019-6-13 23:04:44] [404] pid: 12468 -> D:\pagefile.sys
[2019-6-13 23:04:50] [REQUEST] pid: 12468 -> D:\$RECYCLE.BIN\
[2019-6-13 23:04:50] [RES_DIR] pid: 12468 -> D:\$RECYCLE.BIN\
[2019-6-13 23:04:50] [REQUEST] pid: 12468 -> D:\$RECYCLE.BIN\S-1-5-21-1666448242-2251314123-2778016372-500\
[2019-6-13 23:04:50] [RES_DIR] pid: 12468 -> D:\$RECYCLE.BIN\S-1-5-21-1666448242-2251314123-2778016372-500\
[2019-6-13 23:04:52] [REQUEST] pid: 12468 -> D:\$RECYCLE.BIN\S-1-5-21-1666448242-2251314123-2778016372-500\desktop.ini
[2019-6-13 23:04:52] [RES_FILE] pid: 12468 -> D:\$RECYCLE.BIN\S-1-5-21-1666448242-2251314123-2778016372-500\desktop.ini
[2019-6-13 23:06:45] [WORKER STARTUP] pid: 9212 -> port: 5000
[2019-6-13 23:06:48] [REQUEST] pid: 9212 -> D:\
[2019-6-13 23:06:48] [RES_DIR] pid: 9212 -> D:\
[2019-6-13 23:06:49] [REQUEST] pid: 9212 -> D:\java教程\
[2019-6-13 23:06:49] [RES_DIR] pid: 9212 -> D:\java教程\
[2019-6-13 23:06:52] [REQUEST] pid: 9212 -> D:\java教程\JDK_API_1.6.CHM
[2019-6-13 23:06:52] [RES_FILE] pid: 9212 -> D:\java教程\JDK_API_1.6.CHM
[2019-6-13 23:06:57] [REQUEST] pid: 9212 -> D:\java教程\java基础.zip
[2019-6-13 23:06:57] [RES_FILE] pid: 9212 -> D:\java教程\java基础.zip
[2019-6-13 23:07:00] [REQUEST] pid: 9212 -> D:\java教程\java基础\
[2019-6-13 23:07:00] [RES_DIR] pid: 9212 -> D:\java教程\java基础\
[2019-6-13 23:07:01] [REQUEST] pid: 9212 -> D:\java教程\java基础\day01\
[2019-6-13 23:07:01] [RES_DIR] pid: 9212 -> D:\java教程\java基础\day01\
[2019-6-13 23:07:03] [REQUEST] pid: 9212 -> D:\java教程\java基础\day01\code\
[2019-6-13 23:07:03] [RES_DIR] pid: 9212 -> D:\java教程\java基础\day01\code\
[2019-6-13 23:07:04] [REQUEST] pid: 9212 -> D:\java教程\java基础\day01\code\代码\
[2019-6-13 23:07:04] [RES_DIR] pid: 9212 -> D:\java教程\java基础\day01\code\代码\
[2019-6-13 23:07:04] [REQUEST] pid: 9212 -> D:\java教程\java基础\day01\code\代码\HelloWorld案例\
[2019-6-13 23:07:04] [RES_DIR] pid: 9212 -> D:\java教程\java基础\day01\code\代码\HelloWorld案例\
[2019-6-13 23:07:05] [REQUEST] pid: 9212 -> D:\java教程\java基础\day01\code\代码\HelloWorld案例\HelloWorld.class
[2019-6-13 23:07:05] [RES_FILE] pid: 9212 -> D:\java教程\java基础\day01\code\代码\HelloWorld案例\HelloWorld.class
[2019-6-13 23:07:12] [REQUEST] pid: 9212 -> D:\java教程\java基础\day01\code\代码\HelloWorld案例\HelloWorld.java
[2019-6-13 23:07:12] [RES_FILE] pid: 9212 -> D:\java教程\java基础\day01\code\代码\HelloWorld案例\HelloWorld.java
[2019-6-13 23:07:39] [REQUEST] pid: 9212 -> D:\java教程\java基础\day01\code\代码\HelloWorld案例\
[2019-6-13 23:07:39] [RES_DIR] pid: 9212 -> D:\java教程\java基础\day01\code\代码\HelloWorld案例\
[2019-6-13 23:07:39] [REQUEST] pid: 9212 -> D:\favicon.ico
[2019-6-13 23:07:39] [RES_FILE] pid: 9212 -> d:\develop\node-server\public\favicon.ico
[2019-6-13 23:08:14] [WORKER STARTUP] pid: 7492 -> port: 5000
[2019-6-13 23:08:42] [WORKER STARTUP] pid: 5408 -> port: 5000
[2019-6-13 23:08:44] [REQUEST] pid: 5408 -> D:\java教程\java基础\day01\code\代码\HelloWorld案例\
[2019-6-13 23:08:44] [RES_DIR] pid: 5408 -> D:\java教程\java基础\day01\code\代码\HelloWorld案例\
[2019-6-13 23:08:44] [REQUEST] pid: 5408 -> D:\favicon.ico
[2019-6-13 23:08:44] [RES_FILE] pid: 5408 -> d:\develop\node-server\public\favicon.ico
[2019-6-13 23:09:09] [REQUEST] pid: 5408 -> D:\java教程\java基础\day01\code\代码\HelloWorld案例\HelloWorld.class
[2019-6-13 23:09:09] [RES_FILE] pid: 5408 -> D:\java教程\java基础\day01\code\代码\HelloWorld案例\HelloWorld.class
[2019-6-13 23:09:34] [REQUEST] pid: 5408 -> D:\
[2019-6-13 23:09:34] [RES_DIR] pid: 5408 -> D:\
[2019-6-13 23:09:36] [REQUEST] pid: 5408 -> D:\
[2019-6-13 23:09:36] [RES_DIR] pid: 5408 -> D:\
[2019-6-13 23:09:36] [REQUEST] pid: 5408 -> D:\favicon.ico
[2019-6-13 23:09:36] [RES_FILE] pid: 5408 -> d:\develop\node-server\public\favicon.ico
