[2019-7-12 17:46:18] [10820] [WORKER_STARTUP] -> port: 5000
[2019-7-12 17:46:21] [10820] [REQUEST] -> C:\
[2019-7-12 17:46:21] [10820] [RES_DIR] -> C:\
[2019-7-12 17:46:23] [10820] [REQUEST] -> C:\favicon.ico
[2019-7-12 17:46:23] [10820] [RES_FILE] -> c:\LUO\develop\nicest\public\favicon.ico
[2019-7-12 17:46:30] [10820] [REQUEST] -> C:\api\rand\dwqdwq
[2019-7-12 17:46:30] [10820] [RES_404] -> C:\api\rand\dwqdwq
[2019-7-12 17:47:24] [9200] [WORKER_STARTUP] -> port: 5000
[2019-7-12 17:47:27] [9200] [REQUEST] -> C:\api\rand\dwqdwq
[2019-7-12 17:50:03] [9540] [WORKER_STARTUP] -> port: 5000
[2019-7-12 17:50:06] [9540] [REQUEST] -> C:\api\rand\dwqdwq
[2019-7-12 17:50:17] [1760] [WORKER_STARTUP] -> port: 5000
[2019-7-12 17:50:18] [1760] [REQUEST] -> C:\api\rand\dwqdwq
[2019-7-12 17:50:18] [1760] [REQUEST] -> C:\favicon.ico
[2019-7-12 17:50:18] [1760] [RES_FILE] -> c:\LUO\develop\nicest\public\favicon.ico
[2019-7-12 17:50:24] [1760] [REQUEST] -> C:\api\rand\dwqdwq
[2019-7-12 17:50:29] [1760] [REQUEST] -> C:\api\rand\dwqd2132
[2019-7-12 23:28:27] [11276] [WORKER_STARTUP] -> port: 5000
[2019-7-12 23:28:35] [11276] [REQUEST] -> C:\
[2019-7-12 23:28:35] [11276] [RES_DIR] -> C:\
[2019-7-12 23:29:01] [11276] [REQUEST] -> C:\api\rand\25dwqdqw
[2019-7-12 23:29:28] [7480] [WORKER_STARTUP] -> port: 5000
[2019-7-12 23:29:32] [7480] [REQUEST] -> C:\api\rand\25dwdwq
[2019-7-12 23:29:36] [7480] [REQUEST] -> C:\api\rand\25dwdwq\
[2019-7-12 23:29:40] [7480] [REQUEST] -> C:\api\rand\25dwdwq\erger
[2019-7-12 23:29:44] [7480] [REQUEST] -> C:\api\rand\25dw*dwq\erger
[2019-7-12 23:29:49] [7480] [REQUEST] -> C:\api\ran大青蛙dw*dwq\erger
[2019-7-12 23:29:49] [7480] [RES_404] -> C:\api\ran大青蛙dw*dwq\erger
[2019-7-12 23:30:01] [7480] [REQUEST] -> C:\api\randqwd5656wq\erger
[2019-7-12 23:30:10] [7480] [REQUEST] -> C:\api*\randqwd5656wq\erger
[2019-7-12 23:30:10] [7480] [RES_404] -> C:\api*\randqwd5656wq\erger
[2019-7-12 23:30:16] [7480] [REQUEST] -> C:\api\*randqwd5656wq\erger
[2019-7-12 23:30:16] [7480] [RES_404] -> C:\api\*randqwd5656wq\erger
[2019-7-12 23:30:26] [7480] [REQUEST] -> C:\api\*randqwd5656wq\erger
[2019-7-12 23:30:26] [7480] [RES_404] -> C:\api\*randqwd5656wq\erger
[2019-7-12 23:30:26] [7480] [REQUEST] -> C:\favicon.ico
[2019-7-12 23:30:26] [7480] [RES_FILE] -> d:\develop\nicest\public\favicon.ico
[2019-7-12 23:30:31] [7480] [REQUEST] -> C:\api\dwq
[2019-7-12 23:30:31] [7480] [RES_404] -> C:\api\dwq
[2019-7-12 23:30:34] [7480] [REQUEST] -> C:\api\*randqwd5656wq\erger
[2019-7-12 23:30:34] [7480] [RES_404] -> C:\api\*randqwd5656wq\erger
[2019-7-12 23:30:42] [7480] [REQUEST] -> C:\api\rand\qwd5656wq\erger
[2019-7-12 23:30:46] [7480] [REQUEST] -> C:\api\rand\*qwd5656wq\erger
[2019-7-12 23:30:50] [7480] [REQUEST] -> C:\api\rand\*qwd5656wq\erger
[2019-7-12 23:31:09] [7480] [REQUEST] -> C:\api\rand\65656556
