[2020/3/8 下午1:36:23] [5760] [WORKER_STARTUP] -> port: 5000
[2020/3/8 下午1:37:54] [5760] [RES_DIR] -> C:\ +4ms
[2020/3/8 下午1:37:54] [5760] [RES_FILE] -> d:\develop\nicest\public\favicon.ico +2ms
[2020/3/8 下午1:38:15] [5760] [RES_DIR] -> C:\ +3ms
[2020/3/8 下午1:38:15] [5760] [RES_FILE] -> d:\develop\nicest\public\favicon.ico +1ms
[2020/3/8 下午1:38:40] [11780] [WORKER_STARTUP] -> port: 5000
[2020/3/8 下午1:38:42] [11780] [RES_DIR] -> D:\ +11ms
[2020/3/8 下午1:38:42] [11780] [RES_FILE] -> d:\develop\nicest\public\favicon.ico +3ms
[2020/3/8 下午1:38:44] [11780] [RES_DIR] -> D:\develop\ +1ms
[2020/3/8 下午1:38:46] [11780] [RES_DIR] -> D:\develop\dayday\ +1ms
[2020/3/8 下午1:38:48] [11780] [RES_DIR] -> D:\develop\electron-example\ +1ms
[2020/3/8 下午1:38:52] [11780] [RES_DIR] -> D:\develop\nicest\ +1ms
[2020/3/8 下午1:38:54] [11780] [RES_DIR] -> D:\develop\nicest\logs\ +1ms
[2020/3/8 下午1:38:55] [11780] [RES_FILE] -> D:\develop\nicest\logs\2019-11-11.log +1ms
[2020/3/8 下午1:38:59] [11780] [RES_FILE] -> D:\develop\nicest\logs\2020-3-8.log +7ms
[2020/3/8 下午1:39:02] [11780] [RES_FILE] -> D:\develop\nicest\logs\2020-3-8.log +2ms
[2020/3/8 下午1:39:02] [11780] [RES_FILE] -> d:\develop\nicest\public\favicon.ico +0ms
[2020/3/8 下午1:39:04] [11780] [RES_FILE] -> D:\develop\nicest\logs\2020-3-8.log +2ms
[2020/3/8 下午1:39:04] [11780] [RES_FILE] -> d:\develop\nicest\public\favicon.ico +1ms
[2020/3/8 下午1:39:06] [11780] [RES_FILE] -> D:\develop\nicest\logs\2020-3-8.log +2ms
[2020/3/8 下午1:39:06] [11780] [RES_FILE] -> d:\develop\nicest\public\favicon.ico +0ms
[2020/3/8 下午1:39:17] [11780] [RES_FILE] -> D:\develop\nicest\logs\2019-8-7.log +0ms
[2020/3/8 下午1:39:19] [11780] [RES_CACHE] -> D:\develop\nicest\logs\2019-8-7.log +3ms
[2020/3/8 下午1:39:19] [11780] [RES_FILE] -> d:\develop\nicest\public\favicon.ico +0ms
[2020/3/8 下午1:39:27] [11780] [RES_DIR] -> D:\develop\nicest\node_modules\ +4ms
[2020/3/8 下午1:39:34] [11780] [RES_DIR] -> D:\develop\nicest\public\ +1ms
[2020/3/8 下午1:39:35] [11780] [RES_FILE] -> D:\develop\nicest\public\test.yml +1ms
[2020/3/8 下午1:39:37] [11780] [RES_ZIP] -> D:\develop\nicest\public\SocketChat.html +2ms
[2020/3/8 下午1:39:45] [11780] [RES_ZIP] -> D:\develop\nicest\public\test.html +0ms
[2020/3/8 下午1:39:45] [11780] [RES_ZIP] -> D:\develop\nicest\public\ajax.js +0ms
[2020/3/8 下午1:39:50] [11780] [RES_DIR] -> D:\develop\nicest\ +0ms
[2020/3/8 下午1:39:50] [11780] [RES_FILE] -> d:\develop\nicest\public\favicon.ico +0ms
[2020/3/8 下午1:42:30] [1468] [MASTER_STARTUP] -> Nicest version: 4.2.0
[2020/3/8 下午1:42:30] [9760] [WORKER_STARTUP] -> port: 5000
[2020/3/8 下午1:42:30] [12112] [WORKER_STARTUP] -> port: 5000
[2020/3/8 下午1:42:30] [5736] [WORKER_STARTUP] -> port: 5000
[2020/3/8 下午1:42:30] [8296] [WORKER_STARTUP] -> port: 5000
[2020/3/8 下午1:42:38] [8296] [RES_DIR] -> D:\develop\nicest\ +5ms
[2020/3/8 下午1:42:38] [8296] [RES_FILE] -> D:\develop\nicest\public\favicon.ico +6ms
[2020/3/8 下午1:42:49] [8296] [RES_DIR] -> D:\develop +1ms
